=========================================================================
System specific

---- uname -a
Darwin hermes.lan 18.0.0 Darwin Kernel Version 18.0.0: Wed Aug 22 20:13:40 PDT 2018; root:xnu-4903.201.2~1/RELEASE_X86_64 x86_64

---- id
uid=501(preston) gid=20(staff) groups=20(staff),401(com.apple.sharepoint.group.1),12(everyone),61(localaccounts),79(_appserverusr),80(admin),81(_appserveradm),98(_lpadmin),701(com.apple.sharepoint.group.2),33(_appstore),100(_lpoperator),204(_developer),250(_analyticsusers),395(com.apple.access_ftp),398(com.apple.access_screensharing),399(com.apple.access_ssh)

---- ioreg (MacOS)
+-o Root  <class IORegistryEntry, id 0x100000100, retain 16>
  +-o AppleUSBXHCI Root Hub Simulation@00000000  <class AppleUSBRootHubDevice, id 0x10000035d, registered, matched, active, busy 0 (26 ms), retain 18>
  | +-o My Passport 25E2@00600000  <class AppleUSBDevice, id 0x10000035f, registered, matched, active, busy 0 (336 ms), retain 20>
  | +-o IOUSBHostDevice@00100000  <class AppleUSBDevice, id 0x1000003a1, registered, matched, active, busy 0 (193 ms), retain 22>
  | | +-o IOUSBHostDevice@00110000  <class AppleUSBDevice, id 0x1000003b3, registered, matched, active, busy 0 (219 ms), retain 22>
  | | | +-o USB Receiver@00111000  <class AppleUSBDevice, id 0x1000003e2, registered, matched, active, busy 0 (634 ms), retain 27>
  | | | +-o IOUSBHostDevice@00112000  <class AppleUSBDevice, id 0x100000408, registered, matched, active, busy 0 (309 ms), retain 22>
  | | |   +-o IOUSBHostDevice@00112100  <class AppleUSBDevice, id 0x10000043b, registered, matched, active, busy 0 (185 ms), retain 21>
  | | |   | +-o Logitech Illuminated Keyboard@00112110  <class AppleUSBDevice, id 0x1000004a9, registered, matched, active, busy 0 (385 ms), retain 22>
  | | |   +-o USB2223@00112200  <class AppleUSBDevice, id 0x10000045e, registered, matched, active, busy 0 (303 ms), retain 20>
  | | +-o USB2223@00120000  <class AppleUSBDevice, id 0x1000003ca, registered, matched, active, busy 0 (339 ms), retain 20>
  | +-o USB audio CODEC@00400000  <class AppleUSBDevice, id 0x100000471, registered, matched, active, busy 0 (467 ms), retain 24>
  | +-o Mojo V3@00300000  <class AppleUSBDevice, id 0x100019ae8, registered, matched, active, busy 0 (29 ms), retain 31>
  |     {
  |       "sessionID" = 348871088802695
  |       "iManufacturer" = 1
  |       "bNumConfigurations" = 1
  |       "idProduct" = 32769
  |       "bcdDevice" = 256
  |       "Bus Power Available" = 250
  |       "USB Address" = 14
  |       "bMaxPacketSize0" = 64
  |       "iProduct" = 2
  |       "iSerialNumber" = 0
  |       "bDeviceClass" = 2
  |       "Built-In" = No
  |       "locationID" = 3145728
  |       "bDeviceSubClass" = 0
  |       "bcdUSB" = 512
  |       "USB Product Name" = "Mojo V3"
  |       "PortNum" = 3
  |       "non-removable" = "no"
  |       "IOCFPlugInTypes" = {"9dc7b780-9ec0-11d4-a54f-000a27052861"="IOUSBFamily.kext/Contents/PlugIns/IOUSBLib.bundle"}
  |       "bDeviceProtocol" = 0
  |       "IOUserClientClass" = "IOUSBDeviceUserClientV2"
  |       "IOPowerManagement" = {"DevicePowerState"=0,"CurrentPowerState"=3,"CapabilityFlags"=65536,"MaxPowerState"=4,"DriverPowerState"=3}
  |       "kUSBCurrentConfiguration" = 1
  |       "Device Speed" = 1
  |       "USB Vendor Name" = "Embedded Micro"
  |       "idVendor" = 10717
  |       "IOGeneralInterest" = "IOCommand is not serializable"
  |       "IOClassNameOverride" = "IOUSBDevice"
  |     }
  |     
  +-o AppleUSBXHCI Root Hub Simulation@14000000  <class AppleUSBRootHubDevice, id 0x100000373, registered, matched, active, busy 0 (40 ms), retain 13>
    +-o BRCM20702 Hub@14300000  <class AppleUSBDevice, id 0x1000003dd, registered, matched, active, busy 0 (176 ms), retain 21>
    | +-o Bluetooth USB Host Controller@14330000  <class AppleUSBDevice, id 0x10000041e, registered, matched, active, busy 0 (246 ms), retain 26>
    +-o Apple Internal Keyboard / Trackpad@14400000  <class AppleUSBDevice, id 0x100000477, registered, matched, active, busy 0 (444 ms), retain 24>

=========================================================================
VBoxManage -- host specific

---- version
5.2.22r126460

---- extpacks
Extension Packs: 1
Pack no. 0:   Oracle VM VirtualBox Extension Pack
Version:      5.2.22
Revision:     126460
Edition:      
Description:  USB 2.0 and USB 3.0 Host Controller, Host Webcam, VirtualBox RDP, PXE ROM, Disk Encryption, NVMe.
VRDE Module:  VBoxVRDP
Usable:       true 
Why unusable: 

---- usbhost
Host USB Devices:

UUID:               2f37d81a-3666-4f30-97f4-0d5b98e10531
VendorId:           0x29dd (29DD)
ProductId:          0x8001 (8001)
Revision:           1.0 (0100)
Port:               3
USB version/speed:  0/Full
Manufacturer:       Embedded Micro
Product:            Mojo V3
Address:            p=0x8001;v=0x29dd;s=0x00013d4be1520b87;l=0x00300000
Current State:      Captured

UUID:               9d9df74b-8dd7-4b9c-bf0d-e324f9cb27b3
VendorId:           0x1058 (1058)
ProductId:          0x25e2 (25E2)
Revision:           64.5 (6405)
Port:               6
USB version/speed:  0/Super
Manufacturer:       Western Digital
Product:            My Passport 25E2
SerialNumber:       575833314533383531415653
Address:            p=0x25e2;v=0x1058;s=0x00000000553a5fd4;l=0x00600000
Current State:      Unavailable

UUID:               90482ce7-96af-473a-85ee-0cc8d1448834
VendorId:           0x08bb (08BB)
ProductId:          0x2912 (2912)
Revision:           1.0 (0100)
Port:               4
USB version/speed:  0/Full
Manufacturer:       Burr-Brown from TI
Product:            USB audio CODEC
Address:            p=0x2912;v=0x08bb;s=0x00000000c4c3aa23;l=0x00400000
Current State:      Busy

UUID:               92d78ac9-ec16-46b2-b5a2-819ee236f5c6
VendorId:           0x05ac (05AC)
ProductId:          0x8289 (8289)
Revision:           1.70 (0170)
Port:               3
USB version/speed:  0/Full
Manufacturer:       Apple Inc.
Product:            Bluetooth USB Host Controller
Address:            p=0x8289;v=0x05ac;s=0x00000000b56e428c;l=0x14330000
Current State:      Available

UUID:               89bb241c-2ef3-428d-ae47-5732abd99493
VendorId:           0x05ac (05AC)
ProductId:          0x0262 (0262)
Revision:           2.37 (0237)
Port:               4
USB version/speed:  0/Full
Manufacturer:       Apple Inc.
Product:            Apple Internal Keyboard / Trackpad
Address:            p=0x0262;v=0x05ac;s=0x00000000c4e97c9a;l=0x14400000
Current State:      Unavailable

UUID:               df6f2bab-906a-430f-ae5f-46d898bdf498
VendorId:           0x046d (046D)
ProductId:          0xc52b (C52B)
Revision:           18.3 (1803)
Port:               1
USB version/speed:  0/Full
Manufacturer:       Logitech
Product:            USB Receiver
Address:            p=0xc52b;v=0x046d;s=0x00000000a6ff5dfc;l=0x00111000
Current State:      Busy

UUID:               71bd7514-637e-40bb-8cc0-73b45b35c568
VendorId:           0x046d (046D)
ProductId:          0xc318 (C318)
Revision:           85.0 (8500)
Port:               1
USB version/speed:  0/Full
Manufacturer:       Logitech
Product:            Logitech Illuminated Keyboard
Address:            p=0xc318;v=0x046d;s=0x00000000c8602446;l=0x00112110
Current State:      Busy

UUID:               f541b651-3704-4db8-8667-0334498c545e
VendorId:           0x0424 (0424)
ProductId:          0x223a (223A)
Revision:           3.96 (0396)
Port:               2
USB version/speed:  0/High
Manufacturer:       SMSC
Product:            USB2223
SerialNumber:       000223223223
Address:            p=0x223a;v=0x0424;s=0x00000000c03a86b8;l=0x00112200
Current State:      Available

UUID:               84514d06-9922-4175-a3aa-f61a8f03d200
VendorId:           0x0424 (0424)
ProductId:          0x223a (223A)
Revision:           3.96 (0396)
Port:               2
USB version/speed:  0/High
Manufacturer:       SMSC
Product:            USB2223
SerialNumber:       000223223223
Address:            p=0x223a;v=0x0424;s=0x000000009f27f40b;l=0x00120000
Current State:      Available

---- usbfilters
Global USB Device Filters:

<none>

---- vms
"FPGA development" {367a84af-9780-4178-8645-25eb60f5f335}
"w10" {8adf36b7-bfb0-4f19-97e6-2d3cfba39b0e}

---- showvminfo
Name:            FPGA development
Groups:          /
Guest OS:        Ubuntu (64-bit)
UUID:            367a84af-9780-4178-8645-25eb60f5f335
Config file:     /Volumes/My Passport/VirtualBox VMs/FPGA development/FPGA development.vbox
Snapshot folder: /Volumes/My Passport/VirtualBox VMs/FPGA development/Snapshots
Log folder:      /Volumes/My Passport/VirtualBox VMs/FPGA development/Logs
Hardware UUID:   367a84af-9780-4178-8645-25eb60f5f335
Memory size:     4096MB
Page Fusion:     off
VRAM size:       64MB
CPU exec cap:    100%
HPET:            off
Chipset:         piix3
Firmware:        BIOS
Number of CPUs:  4
PAE:             off
Long Mode:       on
Triple Fault Reset: off
APIC:            on
X2APIC:          on
CPUID Portability Level: 0
CPUID overrides: None
Boot menu mode:  message and menu
Boot Device (1): DVD
Boot Device (2): HardDisk
Boot Device (3): Not Assigned
Boot Device (4): Not Assigned
ACPI:            on
IOAPIC:          on
BIOS APIC mode:  APIC
Time offset:     0ms
RTC:             UTC
Hardw. virt.ext: on
Nested Paging:   on
Large Pages:     on
VT-x VPID:       on
VT-x unr. exec.: on
Paravirt. Provider: Default
Effective Paravirt. Provider: KVM
State:           running (since 2018-12-31T04:46:41.600000000)
Monitor count:   1
3D Acceleration: off
2D Video Acceleration: off
Teleporter Enabled: off
Teleporter Port: 0
Teleporter Address: 
Teleporter Password: 
Tracing Enabled: off
Allow Tracing to Access VM: off
Tracing Configuration: 
Autostart Enabled: off
Autostart Delay: 0
Default Frontend: 
Storage Controller Name (0):            IDE
Storage Controller Type (0):            PIIX4
Storage Controller Instance Number (0): 0
Storage Controller Max Port Count (0):  2
Storage Controller Port Count (0):      2
Storage Controller Bootable (0):        on
Storage Controller Name (1):            SATA
Storage Controller Type (1):            IntelAhci
Storage Controller Instance Number (1): 0
Storage Controller Max Port Count (1):  30
Storage Controller Port Count (1):      1
Storage Controller Bootable (1):        on
IDE (1, 0): Empty
SATA (0, 0): /Volumes/My Passport/VirtualBox VMs/FPGA development/FPGA development.vdi (UUID: 22873932-052d-4c3c-a321-2ff01b133b75)
NIC 1:           MAC: 080027D49980, Attachment: Bridged Interface 'en6: Thunderbolt Ethernet Slot 1', Cable connected: on, Trace: off (file: none), Type: 82540EM, Reported speed: 0 Mbps, Boot priority: 0, Promisc Policy: deny, Bandwidth group: none
NIC 2:           disabled
NIC 3:           disabled
NIC 4:           disabled
NIC 5:           disabled
NIC 6:           disabled
NIC 7:           disabled
NIC 8:           disabled
Pointing Device: USB Tablet
Keyboard Device: PS/2 Keyboard
UART 1:          disabled
UART 2:          disabled
UART 3:          disabled
UART 4:          disabled
LPT 1:           disabled
LPT 2:           disabled
Audio:           disabled
Audio playback:  disabled
Audio capture: enabled
Clipboard Mode:  disabled
Drag and drop Mode: disabled
Session name:    GUI/Qt
Video mode:      1920x1134x32 at 0,0 enabled
VRDE:            disabled
USB:             enabled
EHCI:            enabled
XHCI:            disabled

USB Device Filters:

Index:            0
Active:           yes
Name:             Embedded Micro Mojo V3 [0100]
VendorId:         29dd
ProductId:        8001
Revision:         0100
Manufacturer:     Embedded Micro
Product:          Mojo V3
Remote:           0
Serial Number:    

Available remote USB devices:

<none>

Currently Attached USB Devices:

UUID:               2f37d81a-3666-4f30-97f4-0d5b98e10531
VendorId:           0x29dd (29DD)
ProductId:          0x8001 (8001)
Revision:           1.0 (0100)
Manufacturer:       Embedded Micro
Product:            Mojo V3
Address:            p=0x8001;v=0x29dd;s=0x00013d4be1520b87;l=0x00300000

Bandwidth groups:  <none>

Shared folders:  

Name: 'projects', Host path: '/Users/preston/projects' (machine mapping), writable
Name: 'Google_Drive', Host path: '/Users/preston/Google Drive' (machine mapping), writable

VRDE Connection:    not active
Clients so far:     0

Capturing:          not active
Capture audio:      not active
Capture screens:    0
Capture file:       /Volumes/My Passport/VirtualBox VMs/FPGA development/FPGA development.webm
Capture dimensions: 1024x768
Capture rate:       512 kbps
Capture FPS:        25
Capture options:    ac_enabled=false

Guest:

Configured memory balloon size:      0 MB
OS type:                             Linux26_64
Additions run level:                 2
Additions version:                   5.2.22 r126460


Guest Facilities:

Facility "VirtualBox Base Driver": active/running (last update: 2018/12/31 04:47:21 UTC)
Facility "VirtualBox System Service": active/running (last update: 2018/12/31 04:47:41 UTC)
Facility "Seamless Mode": active/running (last update: 2018/12/31 04:47:21 UTC)
Facility "Graphics Mode": active/running (last update: 2018/12/31 04:47:21 UTC)

=========================================================================
Capture the latest log from the VM.

VirtualBox VM 5.2.22 r126460 darwin.amd64 (Nov  8 2018 20:49:20) release log
00:00:03.835176 Log opened 2018-12-31T04:46:41.317856000Z
00:00:03.835178 Build Type: release
00:00:03.835204 OS Product: Darwin
00:00:03.835220 OS Release: 18.0.0
00:00:03.835235 OS Version: Darwin Kernel Version 18.0.0: Wed Aug 22 20:13:40 PDT 2018; root:xnu-4903.201.2~1/RELEASE_X86_64
00:00:03.835402 DMI Product Name: MacBookPro11,3
00:00:03.835494 DMI Product Version: 1.0
00:00:03.835511 Host RAM: 16384MB (16.0GB) total, 7871MB (7.6GB) available
00:00:03.835516 Executable: /Applications/VirtualBox.app/Contents/MacOS/VirtualBoxVM
00:00:03.835517 Process ID: 80668
00:00:03.835518 Package type: DARWIN_64BITS_GENERIC
00:00:03.839357 Installed Extension Packs:
00:00:03.839382   Oracle VM VirtualBox Extension Pack (Version: 5.2.22 r126460; VRDE Module: VBoxVRDP)
00:00:03.840904 Console: Machine state changed to 'Starting'
00:00:03.841227 Qt version: 5.6.3
00:00:03.849985 SUP: Loaded VMMR0.r0 (/Applications/VirtualBox.app/Contents/MacOS/VMMR0.r0) at 0xXXXXXXXXXXXXXXXX - ModuleInit at XXXXXXXXXXXXXXXX and ModuleTerm at XXXXXXXXXXXXXXXX
00:00:03.849985 SUP: VMMR0EntryEx located at XXXXXXXXXXXXXXXX and VMMR0EntryFast at XXXXXXXXXXXXXXXX
00:00:03.852783 Guest OS type: 'Ubuntu_64'
00:00:03.857226 fHMForced=true - No raw-mode support in this build!
00:00:03.877370 File system of '/Volumes/My Passport/VirtualBox VMs/FPGA development/Snapshots' (snapshots) is unknown
00:00:03.877399 File system of '/Volumes/My Passport/VirtualBox VMs/FPGA development/FPGA development.vdi' is unknown
00:00:03.919829 Shared clipboard service loaded
00:00:03.919862 Shared clipboard mode: Off
00:00:03.921223 Drag and drop service loaded
00:00:03.921237 Drag and drop mode: Off
00:00:03.923437 Guest Control service loaded
00:00:03.927808 ************************* CFGM dump *************************
00:00:03.927816 [/] (level 0)
00:00:03.927819   CpuExecutionCap   <integer> = 0x0000000000000064 (100)
00:00:03.927825   EnablePAE         <integer> = 0x0000000000000000 (0)
00:00:03.927826   HMEnabled         <integer> = 0x0000000000000001 (1)
00:00:03.927827   MemBalloonSize    <integer> = 0x0000000000000000 (0)
00:00:03.927828   Name              <string>  = "FPGA development" (cb=17)
00:00:03.927829   NumCPUs           <integer> = 0x0000000000000004 (4)
00:00:03.927830   PageFusionAllowed <integer> = 0x0000000000000000 (0)
00:00:03.927831   RamHoleSize       <integer> = 0x0000000020000000 (536 870 912, 512 MB)
00:00:03.927832   RamSize           <integer> = 0x0000000100000000 (4 294 967 296, 4 096 MB, 4.0 GB)
00:00:03.927835   TimerMillies      <integer> = 0x000000000000000a (10)
00:00:03.927835   UUID              <bytes>   = "af 84 7a 36 80 97 78 41 86 45 25 eb 60 f5 f3 35" (cb=16)
00:00:03.927841 
00:00:03.927842 [/CPUM/] (level 1)
00:00:03.927843   GuestCpuName       <string>  = "host" (cb=5)
00:00:03.927844   PortableCpuIdLevel <integer> = 0x0000000000000000 (0)
00:00:03.927845   SpecCtrl           <integer> = 0x0000000000000000 (0)
00:00:03.927846 
00:00:03.927846 [/DBGC/] (level 1)
00:00:03.927847   GlobalInitScript <string>  = "/Users/preston/Library/VirtualBox/dbgc-init" (cb=44)
00:00:03.927848   HistoryFile      <string>  = "/Users/preston/Library/VirtualBox/dbgc-history" (cb=47)
00:00:03.927849   LocalInitScript  <string>  = "/Volumes/My Passport/VirtualBox VMs/FPGA development/dbgc-init" (cb=63)
00:00:03.927850 
00:00:03.927850 [/DBGF/] (level 1)
00:00:03.927851   Path <string>  = "/Volumes/My Passport/VirtualBox VMs/FPGA development/debug/;/Volumes/My Passport/VirtualBox VMs/FPGA development/;/Users/preston/" (cb=130)
00:00:03.927852 
00:00:03.927852 [/Devices/] (level 1)
00:00:03.927853 
00:00:03.927854 [/Devices/8237A/] (level 2)
00:00:03.927855 
00:00:03.927855 [/Devices/8237A/0/] (level 3)
00:00:03.927856   Trusted <integer> = 0x0000000000000001 (1)
00:00:03.927857 
00:00:03.927857 [/Devices/GIMDev/] (level 2)
00:00:03.927858 
00:00:03.927859 [/Devices/GIMDev/0/] (level 3)
00:00:03.927860   Trusted <integer> = 0x0000000000000001 (1)
00:00:03.927860 
00:00:03.927861 [/Devices/VMMDev/] (level 2)
00:00:03.927862 
00:00:03.927862 [/Devices/VMMDev/0/] (level 3)
00:00:03.927863   PCIBusNo      <integer> = 0x0000000000000000 (0)
00:00:03.927864   PCIDeviceNo   <integer> = 0x0000000000000004 (4)
00:00:03.927865   PCIFunctionNo <integer> = 0x0000000000000000 (0)
00:00:03.927865   Trusted       <integer> = 0x0000000000000001 (1)
00:00:03.927866 
00:00:03.927866 [/Devices/VMMDev/0/Config/] (level 4)
00:00:03.927868   GuestCoreDumpDir <string>  = "/Volumes/My Passport/VirtualBox VMs/FPGA development/Snapshots" (cb=63)
00:00:03.927868 
00:00:03.927869 [/Devices/VMMDev/0/LUN#0/] (level 4)
00:00:03.927870   Driver <string>  = "HGCM" (cb=5)
00:00:03.927871 
00:00:03.927871 [/Devices/VMMDev/0/LUN#0/Config/] (level 5)
00:00:03.927872   Object <integer> = 0x00007f80bec384b0 (140 190 933 025 968)
00:00:03.927874 
00:00:03.927874 [/Devices/VMMDev/0/LUN#999/] (level 4)
00:00:03.927875   Driver <string>  = "MainStatus" (cb=11)
00:00:03.927876 
00:00:03.927876 [/Devices/VMMDev/0/LUN#999/Config/] (level 5)
00:00:03.927878   First   <integer> = 0x0000000000000000 (0)
00:00:03.927878   Last    <integer> = 0x0000000000000000 (0)
00:00:03.927879   papLeds <integer> = 0x00007f80c09067a8 (140 190 963 230 632)
00:00:03.927880 
00:00:03.927881 [/Devices/acpi/] (level 2)
00:00:03.927882 
00:00:03.927882 [/Devices/acpi/0/] (level 3)
00:00:03.927883   PCIBusNo      <integer> = 0x0000000000000000 (0)
00:00:03.927884   PCIDeviceNo   <integer> = 0x0000000000000007 (7)
00:00:03.927885   PCIFunctionNo <integer> = 0x0000000000000000 (0)
00:00:03.927885   Trusted       <integer> = 0x0000000000000001 (1)
00:00:03.927886 
00:00:03.927886 [/Devices/acpi/0/Config/] (level 4)
00:00:03.927888   CpuHotPlug          <integer> = 0x0000000000000000 (0)
00:00:03.927889   FdcEnabled          <integer> = 0x0000000000000000 (0)
00:00:03.927890   HostBusPciAddress   <integer> = 0x0000000000000000 (0)
00:00:03.927890   HpetEnabled         <integer> = 0x0000000000000000 (0)
00:00:03.927891   IOAPIC              <integer> = 0x0000000000000001 (1)
00:00:03.927892   IocPciAddress       <integer> = 0x0000000000010000 (65 536)
00:00:03.927893   NumCPUs             <integer> = 0x0000000000000004 (4)
00:00:03.927894   Parallel0IoPortBase <integer> = 0x0000000000000000 (0)
00:00:03.927895   Parallel0Irq        <integer> = 0x0000000000000000 (0)
00:00:03.927895   Parallel1IoPortBase <integer> = 0x0000000000000000 (0)
00:00:03.927896   Parallel1Irq        <integer> = 0x0000000000000000 (0)
00:00:03.927897   Serial0IoPortBase   <integer> = 0x0000000000000000 (0)
00:00:03.927898   Serial0Irq          <integer> = 0x0000000000000000 (0)
00:00:03.927898   Serial1IoPortBase   <integer> = 0x0000000000000000 (0)
00:00:03.927899   Serial1Irq          <integer> = 0x0000000000000000 (0)
00:00:03.927900   ShowCpu             <integer> = 0x0000000000000001 (1)
00:00:03.927901   ShowRtc             <integer> = 0x0000000000000000 (0)
00:00:03.927901   SmcEnabled          <integer> = 0x0000000000000000 (0)
00:00:03.927902 
00:00:03.927903 [/Devices/acpi/0/LUN#0/] (level 4)
00:00:03.927904   Driver <string>  = "ACPIHost" (cb=9)
00:00:03.927904 
00:00:03.927905 [/Devices/acpi/0/LUN#0/Config/] (level 5)
00:00:03.927906 
00:00:03.927906 [/Devices/acpi/0/LUN#1/] (level 4)
00:00:03.927907   Driver <string>  = "ACPICpu" (cb=8)
00:00:03.927908 
00:00:03.927908 [/Devices/acpi/0/LUN#1/Config/] (level 5)
00:00:03.927909 
00:00:03.927910 [/Devices/acpi/0/LUN#2/] (level 4)
00:00:03.927911   Driver <string>  = "ACPICpu" (cb=8)
00:00:03.927911 
00:00:03.927911 [/Devices/acpi/0/LUN#2/Config/] (level 5)
00:00:03.927913 
00:00:03.927913 [/Devices/acpi/0/LUN#3/] (level 4)
00:00:03.927914   Driver <string>  = "ACPICpu" (cb=8)
00:00:03.927914 
00:00:03.927915 [/Devices/acpi/0/LUN#3/Config/] (level 5)
00:00:03.927916 
00:00:03.927916 [/Devices/ahci/] (level 2)
00:00:03.927917 
00:00:03.927917 [/Devices/ahci/0/] (level 3)
00:00:03.927919   PCIBusNo      <integer> = 0x0000000000000000 (0)
00:00:03.927919   PCIDeviceNo   <integer> = 0x000000000000000d (13)
00:00:03.927920   PCIFunctionNo <integer> = 0x0000000000000000 (0)
00:00:03.927921   Trusted       <integer> = 0x0000000000000001 (1)
00:00:03.927922 
00:00:03.927922 [/Devices/ahci/0/Config/] (level 4)
00:00:03.927923   Bootable  <integer> = 0x0000000000000001 (1)
00:00:03.927924   PortCount <integer> = 0x0000000000000001 (1)
00:00:03.927925 
00:00:03.927925 [/Devices/ahci/0/Config/Port0/] (level 5)
00:00:03.927926   Hotpluggable <integer> = 0x0000000000000000 (0)
00:00:03.927927 
00:00:03.927927 [/Devices/ahci/0/LUN#0/] (level 4)
00:00:03.927929   Driver <string>  = "VD" (cb=3)
00:00:03.927929 
00:00:03.927930 [/Devices/ahci/0/LUN#0/Config/] (level 5)
00:00:03.927931   BlockCache <integer> = 0x0000000000000001 (1)
00:00:03.927932   Format     <string>  = "VDI" (cb=4)
00:00:03.927933   Mountable  <integer> = 0x0000000000000000 (0)
00:00:03.927934   Path       <string>  = "/Volumes/My Passport/VirtualBox VMs/FPGA development/FPGA development.vdi" (cb=74)
00:00:03.927935   Type       <string>  = "HardDisk" (cb=9)
00:00:03.927935   UseNewIo   <integer> = 0x0000000000000001 (1)
00:00:03.927936 
00:00:03.927936 [/Devices/ahci/0/LUN#0/Config/Plugins/] (level 6)
00:00:03.927938 
00:00:03.927938 [/Devices/ahci/0/LUN#0/Config/Plugins/VDPluginCrypt/] (level 7)
00:00:03.927940   Path <string>  = "/Applications/VirtualBox.app/Contents/MacOS/ExtensionPacks/Oracle_VM_VirtualBox_Extension_Pack/darwin.amd64/VDPluginCrypt.dylib" (cb=128)
00:00:03.927941 
00:00:03.927941 [/Devices/ahci/0/LUN#999/] (level 4)
00:00:03.927942   Driver <string>  = "MainStatus" (cb=11)
00:00:03.927943 
00:00:03.927943 [/Devices/ahci/0/LUN#999/Config/] (level 5)
00:00:03.927973   DeviceInstance        <string>  = "ahci/0" (cb=7)
00:00:03.927974   First                 <integer> = 0x0000000000000000 (0)
00:00:03.927976   Last                  <integer> = 0x0000000000000000 (0)
00:00:03.927977   pConsole              <integer> = 0x00007f80c0906000 (140 190 963 228 672)
00:00:03.927979   papLeds               <integer> = 0x00007f80c09063a8 (140 190 963 229 608)
00:00:03.927981   pmapMediumAttachments <integer> = 0x00007f80c09067c8 (140 190 963 230 664)
00:00:03.927982 
00:00:03.927983 [/Devices/apic/] (level 2)
00:00:03.927984 
00:00:03.927985 [/Devices/apic/0/] (level 3)
00:00:03.927986   Trusted <integer> = 0x0000000000000001 (1)
00:00:03.927986 
00:00:03.927987 [/Devices/apic/0/Config/] (level 4)
00:00:03.927988   IOAPIC  <integer> = 0x0000000000000001 (1)
00:00:03.927989   Mode    <integer> = 0x0000000000000003 (3)
00:00:03.927990   NumCPUs <integer> = 0x0000000000000004 (4)
00:00:03.927990 
00:00:03.927991 [/Devices/e1000/] (level 2)
00:00:03.927992 
00:00:03.927992 [/Devices/e1000/0/] (level 3)
00:00:03.927994   PCIBusNo      <integer> = 0x0000000000000000 (0)
00:00:03.927994   PCIDeviceNo   <integer> = 0x0000000000000003 (3)
00:00:03.927995   PCIFunctionNo <integer> = 0x0000000000000000 (0)
00:00:03.927996   Trusted       <integer> = 0x0000000000000001 (1)
00:00:03.927997 
00:00:03.927997 [/Devices/e1000/0/Config/] (level 4)
00:00:03.927998   AdapterType    <integer> = 0x0000000000000000 (0)
00:00:03.927999   CableConnected <integer> = 0x0000000000000001 (1)
00:00:03.928000   LineSpeed      <integer> = 0x0000000000000000 (0)
00:00:03.928001   MAC            <bytes>   = "08 00 27 d4 99 80" (cb=6)
00:00:03.928003 
00:00:03.928003 [/Devices/e1000/0/LUN#0/] (level 4)
00:00:03.928004   Driver <string>  = "IntNet" (cb=7)
00:00:03.928005 
00:00:03.928006 [/Devices/e1000/0/LUN#0/Config/] (level 5)
00:00:03.928007   IfPolicyPromisc      <string>  = "deny" (cb=5)
00:00:03.928008   IgnoreConnectFailure <integer> = 0x0000000000000000 (0)
00:00:03.928009   Network              <string>  = "HostInterfaceNetworking-en6" (cb=28)
00:00:03.928010   Trunk                <string>  = "en6" (cb=4)
00:00:03.928011   TrunkType            <integer> = 0x0000000000000003 (3)
00:00:03.928012 
00:00:03.928012 [/Devices/e1000/0/LUN#999/] (level 4)
00:00:03.928014   Driver <string>  = "MainStatus" (cb=11)
00:00:03.928015 
00:00:03.928015 [/Devices/e1000/0/LUN#999/Config/] (level 5)
00:00:03.928016   First   <integer> = 0x0000000000000000 (0)
00:00:03.928017   Last    <integer> = 0x0000000000000000 (0)
00:00:03.928018   papLeds <integer> = 0x00007f80c0906688 (140 190 963 230 344)
00:00:03.928019 
00:00:03.928020 [/Devices/i8254/] (level 2)
00:00:03.928021 
00:00:03.928021 [/Devices/i8254/0/] (level 3)
00:00:03.928022 
00:00:03.928022 [/Devices/i8254/0/Config/] (level 4)
00:00:03.928023 
00:00:03.928024 [/Devices/i8259/] (level 2)
00:00:03.928024 
00:00:03.928025 [/Devices/i8259/0/] (level 3)
00:00:03.928026   Trusted <integer> = 0x0000000000000001 (1)
00:00:03.928026 
00:00:03.928027 [/Devices/i8259/0/Config/] (level 4)
00:00:03.928028 
00:00:03.928028 [/Devices/ioapic/] (level 2)
00:00:03.928029 
00:00:03.928029 [/Devices/ioapic/0/] (level 3)
00:00:03.928030   Trusted <integer> = 0x0000000000000001 (1)
00:00:03.928031 
00:00:03.928031 [/Devices/ioapic/0/Config/] (level 4)
00:00:03.928032   NumCPUs <integer> = 0x0000000000000004 (4)
00:00:03.928033 
00:00:03.928033 [/Devices/mc146818/] (level 2)
00:00:03.928034 
00:00:03.928034 [/Devices/mc146818/0/] (level 3)
00:00:03.928035 
00:00:03.928036 [/Devices/mc146818/0/Config/] (level 4)
00:00:03.928037   UseUTC <integer> = 0x0000000000000001 (1)
00:00:03.928037 
00:00:03.928038 [/Devices/parallel/] (level 2)
00:00:03.928039 
00:00:03.928039 [/Devices/pcarch/] (level 2)
00:00:03.928040 
00:00:03.928040 [/Devices/pcarch/0/] (level 3)
00:00:03.928041   Trusted <integer> = 0x0000000000000001 (1)
00:00:03.928042 
00:00:03.928042 [/Devices/pcarch/0/Config/] (level 4)
00:00:03.928043 
00:00:03.928044 [/Devices/pcbios/] (level 2)
00:00:03.928045 
00:00:03.928045 [/Devices/pcbios/0/] (level 3)
00:00:03.928046   Trusted <integer> = 0x0000000000000001 (1)
00:00:03.928047 
00:00:03.928047 [/Devices/pcbios/0/Config/] (level 4)
00:00:03.928049   APIC               <integer> = 0x0000000000000001 (1)
00:00:03.928050   BootDevice0        <string>  = "DVD" (cb=4)
00:00:03.928051   BootDevice1        <string>  = "IDE" (cb=4)
00:00:03.928052   BootDevice2        <string>  = "NONE" (cb=5)
00:00:03.928052   BootDevice3        <string>  = "NONE" (cb=5)
00:00:03.928053   FloppyDevice       <string>  = "i82078" (cb=7)
00:00:03.928054   HardDiskDevice     <string>  = "piix3ide" (cb=9)
00:00:03.928055   IOAPIC             <integer> = 0x0000000000000001 (1)
00:00:03.928055   LanBootRom         <string>  = "/Applications/VirtualBox.app/Contents/MacOS/ExtensionPacks/Oracle_VM_VirtualBox_Extension_Pack/PXE-Intel.rom" (cb=109)
00:00:03.928057   McfgBase           <integer> = 0x0000000000000000 (0)
00:00:03.928057   McfgLength         <integer> = 0x0000000000000000 (0)
00:00:03.928058   NumCPUs            <integer> = 0x0000000000000004 (4)
00:00:03.928059   PXEDebug           <integer> = 0x0000000000000000 (0)
00:00:03.928060   SataHardDiskDevice <string>  = "ahci" (cb=5)
00:00:03.928061   SataLUN1           <integer> = 0x0000000000000000 (0)
00:00:03.928068   UUID               <bytes>   = "af 84 7a 36 80 97 78 41 86 45 25 eb 60 f5 f3 35" (cb=16)
00:00:03.928070 
00:00:03.928071 [/Devices/pcbios/0/Config/NetBoot/] (level 5)
00:00:03.928072 
00:00:03.928072 [/Devices/pcbios/0/Config/NetBoot/0/] (level 6)
00:00:03.928074   NIC           <integer> = 0x0000000000000000 (0)
00:00:03.928075   PCIBusNo      <integer> = 0x0000000000000000 (0)
00:00:03.928076   PCIDeviceNo   <integer> = 0x0000000000000003 (3)
00:00:03.928076   PCIFunctionNo <integer> = 0x0000000000000000 (0)
00:00:03.928077 
00:00:03.928077 [/Devices/pci/] (level 2)
00:00:03.928079 
00:00:03.928079 [/Devices/pci/0/] (level 3)
00:00:03.928080   Trusted <integer> = 0x0000000000000001 (1)
00:00:03.928081 
00:00:03.928081 [/Devices/pci/0/Config/] (level 4)
00:00:03.928082   IOAPIC <integer> = 0x0000000000000001 (1)
00:00:03.928083 
00:00:03.928083 [/Devices/pcibridge/] (level 2)
00:00:03.928090 
00:00:03.928090 [/Devices/pckbd/] (level 2)
00:00:03.928091 
00:00:03.928092 [/Devices/pckbd/0/] (level 3)
00:00:03.928093   Trusted <integer> = 0x0000000000000001 (1)
00:00:03.928093 
00:00:03.928094 [/Devices/pckbd/0/Config/] (level 4)
00:00:03.928095 
00:00:03.928095 [/Devices/pckbd/0/LUN#0/] (level 4)
00:00:03.928096   Driver <string>  = "KeyboardQueue" (cb=14)
00:00:03.928097 
00:00:03.928097 [/Devices/pckbd/0/LUN#0/AttachedDriver/] (level 5)
00:00:03.928099   Driver <string>  = "MainKeyboard" (cb=13)
00:00:03.928099 
00:00:03.928100 [/Devices/pckbd/0/LUN#0/AttachedDriver/Config/] (level 6)
00:00:03.928101   Object <integer> = 0x00007f80c07ec230 (140 190 962 074 160)
00:00:03.928102 
00:00:03.928102 [/Devices/pckbd/0/LUN#0/Config/] (level 5)
00:00:03.928128   QueueSize <integer> = 0x0000000000000040 (64)
00:00:03.928130 
00:00:03.928130 [/Devices/pckbd/0/LUN#1/] (level 4)
00:00:03.928131   Driver <string>  = "MouseQueue" (cb=11)
00:00:03.928132 
00:00:03.928132 [/Devices/pckbd/0/LUN#1/AttachedDriver/] (level 5)
00:00:03.928134   Driver <string>  = "MainMouse" (cb=10)
00:00:03.928134 
00:00:03.928135 [/Devices/pckbd/0/LUN#1/AttachedDriver/Config/] (level 6)
00:00:03.928136   Object <integer> = 0x00007f80c07ed230 (140 190 962 078 256)
00:00:03.928138 
00:00:03.928138 [/Devices/pckbd/0/LUN#1/Config/] (level 5)
00:00:03.928140   QueueSize <integer> = 0x0000000000000080 (128)
00:00:03.928141 
00:00:03.928142 [/Devices/pcnet/] (level 2)
00:00:03.928143 
00:00:03.928144 [/Devices/piix3ide/] (level 2)
00:00:03.928145 
00:00:03.928146 [/Devices/piix3ide/0/] (level 3)
00:00:03.928147   PCIBusNo      <integer> = 0x0000000000000000 (0)
00:00:03.928148   PCIDeviceNo   <integer> = 0x0000000000000001 (1)
00:00:03.928149   PCIFunctionNo <integer> = 0x0000000000000001 (1)
00:00:03.928149   Trusted       <integer> = 0x0000000000000001 (1)
00:00:03.928150 
00:00:03.928150 [/Devices/piix3ide/0/Config/] (level 4)
00:00:03.928152   Type <string>  = "PIIX4" (cb=6)
00:00:03.928152 
00:00:03.928153 [/Devices/piix3ide/0/LUN#2/] (level 4)
00:00:03.928154   Driver <string>  = "VD" (cb=3)
00:00:03.928154 
00:00:03.928155 [/Devices/piix3ide/0/LUN#2/Config/] (level 5)
00:00:03.928156   EmptyDrive <integer> = 0x0000000000000001 (1)
00:00:03.928157   Mountable  <integer> = 0x0000000000000001 (1)
00:00:03.928158   Type       <string>  = "DVD" (cb=4)
00:00:03.928158 
00:00:03.928159 [/Devices/piix3ide/0/LUN#999/] (level 4)
00:00:03.928160   Driver <string>  = "MainStatus" (cb=11)
00:00:03.928160 
00:00:03.928161 [/Devices/piix3ide/0/LUN#999/Config/] (level 5)
00:00:03.928162   DeviceInstance        <string>  = "piix3ide/0" (cb=11)
00:00:03.928163   First                 <integer> = 0x0000000000000000 (0)
00:00:03.928164   Last                  <integer> = 0x0000000000000003 (3)
00:00:03.928165   pConsole              <integer> = 0x00007f80c0906000 (140 190 963 228 672)
00:00:03.928166   papLeds               <integer> = 0x00007f80c0906388 (140 190 963 229 576)
00:00:03.928168   pmapMediumAttachments <integer> = 0x00007f80c09067c8 (140 190 963 230 664)
00:00:03.928178 
00:00:03.928178 [/Devices/serial/] (level 2)
00:00:03.928180 
00:00:03.928180 [/Devices/usb-ehci/] (level 2)
00:00:03.928181 
00:00:03.928181 [/Devices/usb-ehci/0/] (level 3)
00:00:03.928182   PCIBusNo      <integer> = 0x0000000000000000 (0)
00:00:03.928183   PCIDeviceNo   <integer> = 0x000000000000000b (11)
00:00:03.928183   PCIFunctionNo <integer> = 0x0000000000000000 (0)
00:00:03.928184   Trusted       <integer> = 0x0000000000000001 (1)
00:00:03.928185 
00:00:03.928185 [/Devices/usb-ehci/0/Config/] (level 4)
00:00:03.928186 
00:00:03.928187 [/Devices/usb-ehci/0/LUN#0/] (level 4)
00:00:03.928188   Driver <string>  = "VUSBRootHub" (cb=12)
00:00:03.928188 
00:00:03.928189 [/Devices/usb-ehci/0/LUN#0/Config/] (level 5)
00:00:03.928190 
00:00:03.928190 [/Devices/usb-ehci/0/LUN#999/] (level 4)
00:00:03.928191   Driver <string>  = "MainStatus" (cb=11)
00:00:03.928192 
00:00:03.928192 [/Devices/usb-ehci/0/LUN#999/Config/] (level 5)
00:00:03.928193   First   <integer> = 0x0000000000000000 (0)
00:00:03.928194   Last    <integer> = 0x0000000000000000 (0)
00:00:03.928195   papLeds <integer> = 0x00007f80c09067b8 (140 190 963 230 648)
00:00:03.928196 
00:00:03.928196 [/Devices/usb-ohci/] (level 2)
00:00:03.928197 
00:00:03.928198 [/Devices/usb-ohci/0/] (level 3)
00:00:03.928199   PCIBusNo      <integer> = 0x0000000000000000 (0)
00:00:03.928199   PCIDeviceNo   <integer> = 0x0000000000000006 (6)
00:00:03.928200   PCIFunctionNo <integer> = 0x0000000000000000 (0)
00:00:03.928201   Trusted       <integer> = 0x0000000000000001 (1)
00:00:03.928201 
00:00:03.928202 [/Devices/usb-ohci/0/Config/] (level 4)
00:00:03.928203 
00:00:03.928203 [/Devices/usb-ohci/0/LUN#0/] (level 4)
00:00:03.928204   Driver <string>  = "VUSBRootHub" (cb=12)
00:00:03.928205 
00:00:03.928205 [/Devices/usb-ohci/0/LUN#0/Config/] (level 5)
00:00:03.928206 
00:00:03.928206 [/Devices/usb-ohci/0/LUN#999/] (level 4)
00:00:03.928207   Driver <string>  = "MainStatus" (cb=11)
00:00:03.928208 
00:00:03.928208 [/Devices/usb-ohci/0/LUN#999/Config/] (level 5)
00:00:03.928209   First   <integer> = 0x0000000000000000 (0)
00:00:03.928210   Last    <integer> = 0x0000000000000000 (0)
00:00:03.928211   papLeds <integer> = 0x00007f80c09067b0 (140 190 963 230 640)
00:00:03.928212 
00:00:03.928212 [/Devices/vga/] (level 2)
00:00:03.928213 
00:00:03.928214 [/Devices/vga/0/] (level 3)
00:00:03.928215   PCIBusNo      <integer> = 0x0000000000000000 (0)
00:00:03.928216   PCIDeviceNo   <integer> = 0x0000000000000002 (2)
00:00:03.928216   PCIFunctionNo <integer> = 0x0000000000000000 (0)
00:00:03.928217   Trusted       <integer> = 0x0000000000000001 (1)
00:00:03.928218 
00:00:03.928218 [/Devices/vga/0/Config/] (level 4)
00:00:03.928220   CustomVideoModes <integer> = 0x0000000000000000 (0)
00:00:03.928221   FadeIn           <integer> = 0x0000000000000001 (1)
00:00:03.928221   FadeOut          <integer> = 0x0000000000000001 (1)
00:00:03.928222   HeightReduction  <integer> = 0x0000000000000000 (0)
00:00:03.928223   LogoFile         <string>  = "" (cb=1)
00:00:03.928224   LogoTime         <integer> = 0x0000000000000000 (0)
00:00:03.928225   MonitorCount     <integer> = 0x0000000000000001 (1)
00:00:03.928225   ShowBootMenu     <integer> = 0x0000000000000002 (2)
00:00:03.928226   VRamSize         <integer> = 0x0000000004000000 (67 108 864, 64 MB)
00:00:03.928228 
00:00:03.928228 [/Devices/vga/0/LUN#0/] (level 4)
00:00:03.928229   Driver <string>  = "MainDisplay" (cb=12)
00:00:03.928230 
00:00:03.928230 [/Devices/vga/0/LUN#0/Config/] (level 5)
00:00:03.928231   Object <integer> = 0x00007f80c20ec000 (140 190 988 288 000)
00:00:03.928232 
00:00:03.928233 [/Devices/vga/0/LUN#999/] (level 4)
00:00:03.928234   Driver <string>  = "MainStatus" (cb=11)
00:00:03.928235 
00:00:03.928235 [/Devices/vga/0/LUN#999/Config/] (level 5)
00:00:03.928236   First   <integer> = 0x0000000000000000 (0)
00:00:03.928237   Last    <integer> = 0x0000000000000000 (0)
00:00:03.928238   papLeds <integer> = 0x00007f80c09067c0 (140 190 963 230 656)
00:00:03.928239 
00:00:03.928239 [/Devices/virtio-net/] (level 2)
00:00:03.928240 
00:00:03.928240 [/EM/] (level 1)
00:00:03.928241   TripleFaultReset <integer> = 0x0000000000000000 (0)
00:00:03.928242 
00:00:03.928242 [/GIM/] (level 1)
00:00:03.928243   Provider <string>  = "KVM" (cb=4)
00:00:03.928244 
00:00:03.928244 [/HM/] (level 1)
00:00:03.928246   64bitEnabled       <integer> = 0x0000000000000001 (1)
00:00:03.928247   EnableLargePages   <integer> = 0x0000000000000001 (1)
00:00:03.928248   EnableNestedPaging <integer> = 0x0000000000000001 (1)
00:00:03.928249   EnableUX           <integer> = 0x0000000000000001 (1)
00:00:03.928250   EnableVPID         <integer> = 0x0000000000000001 (1)
00:00:03.928251   Exclusive          <integer> = 0x0000000000000000 (0)
00:00:03.928253   HMForced           <integer> = 0x0000000000000001 (1)
00:00:03.928254   IBPBOnVMEntry      <integer> = 0x0000000000000000 (0)
00:00:03.928255   IBPBOnVMExit       <integer> = 0x0000000000000000 (0)
00:00:03.928256   L1DFlushOnSched    <integer> = 0x0000000000000001 (1)
00:00:03.928257   L1DFlushOnVMEntry  <integer> = 0x0000000000000000 (0)
00:00:03.928258   SpecCtrlByHost     <integer> = 0x0000000000000000 (0)
00:00:03.928260 
00:00:03.928260 [/MM/] (level 1)
00:00:03.928261   CanUseLargerHeap <integer> = 0x0000000000000000 (0)
00:00:03.928262 
00:00:03.928263 [/PDM/] (level 1)
00:00:03.928264 
00:00:03.928265 [/PDM/AsyncCompletion/] (level 2)
00:00:03.928266 
00:00:03.928267 [/PDM/AsyncCompletion/File/] (level 3)
00:00:03.928268 
00:00:03.928269 [/PDM/AsyncCompletion/File/BwGroups/] (level 4)
00:00:03.928271 
00:00:03.928271 [/PDM/BlkCache/] (level 2)
00:00:03.928272   CacheSize <integer> = 0x0000000000500000 (5 242 880, 5 MB)
00:00:03.928273 
00:00:03.928274 [/PDM/Devices/] (level 2)
00:00:03.928274 
00:00:03.928275 [/PDM/Devices/VBoxEhci/] (level 3)
00:00:03.928276   Path         <string>  = "/Applications/VirtualBox.app/Contents/MacOS/ExtensionPacks/Oracle_VM_VirtualBox_Extension_Pack/darwin.amd64/VBoxEhciR3.dylib" (cb=125)
00:00:03.928277   R0SearchPath <string>  = "/Applications/VirtualBox.app/Contents/MacOS/ExtensionPacks/Oracle_VM_VirtualBox_Extension_Pack/darwin.amd64" (cb=108)
00:00:03.928278   RCSearchPath <string>  = "/Applications/VirtualBox.app/Contents/MacOS/ExtensionPacks/Oracle_VM_VirtualBox_Extension_Pack/darwin.amd64" (cb=108)
00:00:03.928279 
00:00:03.928279 [/PDM/Devices/VBoxNvme/] (level 3)
00:00:03.928280   Path         <string>  = "/Applications/VirtualBox.app/Contents/MacOS/ExtensionPacks/Oracle_VM_VirtualBox_Extension_Pack/darwin.amd64/VBoxNvmeR3.dylib" (cb=125)
00:00:03.928281   R0SearchPath <string>  = "/Applications/VirtualBox.app/Contents/MacOS/ExtensionPacks/Oracle_VM_VirtualBox_Extension_Pack/darwin.amd64" (cb=108)
00:00:03.928282   RCSearchPath <string>  = "/Applications/VirtualBox.app/Contents/MacOS/ExtensionPacks/Oracle_VM_VirtualBox_Extension_Pack/darwin.amd64" (cb=108)
00:00:03.928283 
00:00:03.928283 [/PDM/Drivers/] (level 2)
00:00:03.928284 
00:00:03.928284 [/PDM/Drivers/DrvHostWebcam/] (level 3)
00:00:03.928286   Path <string>  = "/Applications/VirtualBox.app/Contents/MacOS/ExtensionPacks/Oracle_VM_VirtualBox_Extension_Pack/darwin.amd64/VBoxHostWebcam.dylib" (cb=129)
00:00:03.928286 
00:00:03.928287 [/PDM/Drivers/VBoxC/] (level 3)
00:00:03.928288   Path <string>  = "/Applications/VirtualBox.app/Contents/MacOS/components/VBoxC" (cb=61)
00:00:03.928288 
00:00:03.928289 [/PDM/NetworkShaper/] (level 2)
00:00:03.928290 
00:00:03.928290 [/PDM/NetworkShaper/BwGroups/] (level 3)
00:00:03.928291 
00:00:03.928291 [/PDM/USB/] (level 2)
00:00:03.928292 
00:00:03.928292 [/PDM/USB/VBoxUsbCardReader/] (level 3)
00:00:03.928293   Path <string>  = "/Applications/VirtualBox.app/Contents/MacOS/ExtensionPacks/Oracle_VM_VirtualBox_Extension_Pack/darwin.amd64/VBoxUsbCardReaderR3.dylib" (cb=134)
00:00:03.928294 
00:00:03.928295 [/PDM/USB/VBoxUsbWebcam/] (level 3)
00:00:03.928296   Path <string>  = "/Applications/VirtualBox.app/Contents/MacOS/ExtensionPacks/Oracle_VM_VirtualBox_Extension_Pack/darwin.amd64/VBoxUsbWebcamR3.dylib" (cb=130)
00:00:03.928296 
00:00:03.928297 [/TM/] (level 1)
00:00:03.928298   UTCOffset <integer> = 0x0000000000000000 (0)
00:00:03.928298 
00:00:03.928299 [/USB/] (level 1)
00:00:03.928310 
00:00:03.928310 [/USB/HidMouse/] (level 2)
00:00:03.928311 
00:00:03.928312 [/USB/HidMouse/0/] (level 3)
00:00:03.928313 
00:00:03.928313 [/USB/HidMouse/0/Config/] (level 4)
00:00:03.928314   Mode <string>  = "absolute" (cb=9)
00:00:03.928315 
00:00:03.928315 [/USB/HidMouse/0/LUN#0/] (level 4)
00:00:03.928316   Driver <string>  = "MouseQueue" (cb=11)
00:00:03.928324 
00:00:03.928324 [/USB/HidMouse/0/LUN#0/AttachedDriver/] (level 5)
00:00:03.928326   Driver <string>  = "MainMouse" (cb=10)
00:00:03.928326 
00:00:03.928327 [/USB/HidMouse/0/LUN#0/AttachedDriver/Config/] (level 6)
00:00:03.928328   Object <integer> = 0x00007f80c07ed230 (140 190 962 078 256)
00:00:03.928329 
00:00:03.928330 [/USB/HidMouse/0/LUN#0/Config/] (level 5)
00:00:03.928331   QueueSize <integer> = 0x0000000000000080 (128)
00:00:03.928332 
00:00:03.928332 [/USB/USBProxy/] (level 2)
00:00:03.928333 
00:00:03.928333 [/USB/USBProxy/GlobalConfig/] (level 3)
00:00:03.928334 
00:00:03.928335 ********************* End of CFGM dump **********************
00:00:03.928346 VM: fHMEnabled=true  (configured) fRecompileUser=false fRecompileSupervisor=false
00:00:03.928349 VM: fRawRing1Enabled=false CSAM=false PATM=false
00:00:03.928646 HM: HMR3Init: VT-x w/ nested paging and unrestricted guest execution hw support
00:00:03.928787 MM: cbHyperHeap=0x140000 (1310720)
00:00:03.929325 CPUM: fXStateHostMask=0x7; initial: 0x7; host XCR0=0x7
00:00:03.931626 GUI: UIMediumEnumerator: Medium-enumeration finished!
00:00:03.932042 CPUM: Matched host CPU INTEL 0x6/0x46/0x1 Intel_Core7_Haswell with CPU DB entry 'Intel Core i7-5600U' (INTEL 0x6/0x3d/0x4 Intel_Core7_Broadwell)
00:00:03.932085 CPUM: MXCSR_MASK=0xffff (host: 0xffff)
00:00:03.932122 CPUM: Microcode revision 0x0000001A
00:00:03.932143 CPUM: MSR/CPUID reconciliation insert: 0x0000010b IA32_FLUSH_CMD
00:00:03.933159 PGM: HCPhysInterPD=000000000c5f1000 HCPhysInterPaePDPT=000000000c5ee000 HCPhysInterPaePML4=000000000c5ec000
00:00:03.933176 PGM: apInterPTs={000000000c5f0000,000000000c5ef000} apInterPaePTs={000000028b9e1000,000000028b9e2000} apInterPaePDs={000000028b9e3000,000000017df24000,000000017df25000,000000017df26000} pInterPaePDPT64=000000000c5ed000
00:00:03.933187 PGM: Host paging mode: AMD64+PGE+NX
00:00:03.933196 PGM: PGMPool: cMaxPages=2096 (u64MaxPages=2084)
00:00:03.933202 PGM: pgmR3PoolInit: cMaxPages=0x830 cMaxUsers=0x1060 cMaxPhysExts=0x1060 fCacheEnable=true 
00:00:03.946153 TM: GIP - u32Mode=3 (Invariant) u32UpdateHz=100 u32UpdateIntervalNS=10000000 enmUseTscDelta=2 (Pratically Zero) fGetGipCpu=0x5 cCpus=8
00:00:03.946178 TM: GIP - u64CpuHz=2 294 688 222 (0x88c629de)  SUPGetCpuHzFromGip => 2 294 688 222
00:00:03.946186 TM: GIP - CPU: iCpuSet=0x0 idCpu=0x0 idApic=0x0 iGipCpu=0x5 i64TSCDelta=0 enmState=3 u64CpuHz=2294688222(*) cErrors=0
00:00:03.946193 TM: GIP - CPU: iCpuSet=0x1 idCpu=0x1 idApic=0x1 iGipCpu=0x6 i64TSCDelta=0 enmState=3 u64CpuHz=2294688219(*) cErrors=0
00:00:03.946199 TM: GIP - CPU: iCpuSet=0x2 idCpu=0x2 idApic=0x2 iGipCpu=0x0 i64TSCDelta=0 enmState=3 u64CpuHz=2294688222(*) cErrors=0
00:00:03.946205 TM: GIP - CPU: iCpuSet=0x3 idCpu=0x3 idApic=0x3 iGipCpu=0x1 i64TSCDelta=0 enmState=3 u64CpuHz=2294677652(*) cErrors=0
00:00:03.946211 TM: GIP - CPU: iCpuSet=0x4 idCpu=0x4 idApic=0x4 iGipCpu=0x7 i64TSCDelta=0 enmState=3 u64CpuHz=2294688189(*) cErrors=0
00:00:03.946216 TM: GIP - CPU: iCpuSet=0x5 idCpu=0x5 idApic=0x5 iGipCpu=0x4 i64TSCDelta=0 enmState=3 u64CpuHz=2294688204(*) cErrors=0
00:00:03.946222 TM: GIP - CPU: iCpuSet=0x6 idCpu=0x6 idApic=0x6 iGipCpu=0x2 i64TSCDelta=0 enmState=3 u64CpuHz=2294688158(*) cErrors=0
00:00:03.946228 TM: GIP - CPU: iCpuSet=0x7 idCpu=0x7 idApic=0x7 iGipCpu=0x3 i64TSCDelta=0 enmState=3 u64CpuHz=2294688212(*) cErrors=0
00:00:03.946288 TM: cTSCTicksPerSecond=2 294 688 222 (0x88c629de) enmTSCMode=1 (VirtTscEmulated)
00:00:03.946290 TM: TSCTiedToExecution=false TSCNotTiedToHalt=false
00:00:03.946942 IEM: TargetCpu=CURRENT, Microarch=Intel_Core7_Haswell
00:00:03.947058 GIM: Using provider 'KVM' (Implementation version: 0)
00:00:03.947070 CPUM: SetGuestCpuIdFeature: Enabled Hypervisor Present bit
00:00:03.947146 AIOMgr: Default manager type is 'Async'
00:00:03.947155 AIOMgr: Default file backend is 'NonBuffered'
00:00:03.947246 BlkCache: Cache successfully initialized. Cache size is 5242880 bytes
00:00:03.947261 BlkCache: Cache commit interval is 10000 ms
00:00:03.947267 BlkCache: Cache commit threshold is 2621440 bytes
00:00:03.950316 PcBios: [SMP] BIOS with 4 CPUs
00:00:03.950348 PcBios: Using the 386+ BIOS image.
00:00:03.950486 PcBios: MPS table at 000e1300
00:00:03.952070 PcBios: Using LAN ROM '/Applications/VirtualBox.app/Contents/MacOS/ExtensionPacks/Oracle_VM_VirtualBox_Extension_Pack/PXE-Intel.rom' with a size of 0xc000 bytes
00:00:03.952192 PcBios: fCheckShutdownStatusForSoftReset=true   fClearShutdownStatusOnHardReset=true 
00:00:03.953738 SUP: Loaded VBoxDDR0.r0 (/Applications/VirtualBox.app/Contents/MacOS/VBoxDDR0.r0) at 0xXXXXXXXXXXXXXXXX - ModuleInit at XXXXXXXXXXXXXXXX and ModuleTerm at XXXXXXXXXXXXXXXX
00:00:03.954079 CPUM: SetGuestCpuIdFeature: Enabled xAPIC
00:00:03.954096 CPUM: SetGuestCpuIdFeature: Enabled x2APIC
00:00:03.954864 IOAPIC: Using implementation 2.0!
00:00:03.954977 PIT: mode=3 count=0x10000 (65536) - 18.20 Hz (ch=0)
00:00:03.958554 Shared Folders service loaded
00:00:04.011843 VGA: Using the 386+ BIOS image.
00:00:04.013904 VD: VDInit finished with VINF_SUCCESS
00:00:04.014690 DrvVD: Flushes will be ignored
00:00:04.014704 DrvVD: Async flushes will be passed to the disk
00:00:04.017503 AIOMgr: Endpoint for file '/Volumes/My Passport/VirtualBox VMs/FPGA development/FPGA development.vdi' (flags 000c0723) created successfully
00:00:04.017896 VD: Opening the disk took 568902 ns
00:00:04.017949 AHCI: LUN#0: disk, PCHS=16383/16/63, total number of sectors 209715200
00:00:04.018059 AHCI#0: Reset the HBA
00:00:04.018076 VD#0: Cancelling all active requests
00:00:04.018431 PIIX3 ATA: LUN#0: no unit
00:00:04.018443 PIIX3 ATA: LUN#1: no unit
00:00:04.018484 DrvVD: Flushes will be ignored
00:00:04.018492 DrvVD: Async flushes will be passed to the disk
00:00:04.018619 PIIX3 ATA: LUN#2: CD/DVD, total number of sectors 0, passthrough disabled
00:00:04.018630 PIIX3 ATA: LUN#3: no unit
00:00:04.018673 PIIX3 ATA: Ctl#1: finished processing RESET
00:00:04.018692 PIIX3 ATA: Ctl#0: finished processing RESET
00:00:04.018752 E1000#0 Chip=82540EM LinkUpDelay=3000ms EthernetCRC=on GSO=enabled Itr=disabled ItrRx=enabled TID=disabled R0=enabled GC=enabled
00:00:04.018881 IntNet#0: szNetwork={HostInterfaceNetworking-en6} enmTrunkType=3 szTrunk={en6} fFlags=0x8000 cbRecv=325632 cbSend=196608 fIgnoreConnectFailure=false
00:00:04.020265 VUSB: Attached 'HidMouse' to port 1 on RootHub#1 (FullSpeed)
00:00:04.020486 PGM: The CPU physical address width is 39 bits
00:00:04.020497 PGM: PGMR3InitFinalize: 4 MB PSE mask 0000007fffffffff
00:00:04.020572 TM: TMR3InitFinalize: fTSCModeSwitchAllowed=true 
00:00:04.028850 VMM: Thread-context hooks unavailable
00:00:04.028946 HM: fWorldSwitcher=0x0 (fIbpbOnVmExit=0 fIbpbOnVmEntry=0 fL1dFlushOnVmEntry=0); fL1dFlushOnSched=1
00:00:04.028960 HM: Using VT-x implementation 2.0
00:00:04.028961 HM: Host CR4                        = 0x1626e0
00:00:04.028962 HM: Host EFER                       = 0xd01
00:00:04.028963 HM: MSR_IA32_SMM_MONITOR_CTL        = 0x0
00:00:04.028963 HM: MSR_IA32_FEATURE_CONTROL        = 0xff07
00:00:04.028964 HM: MSR_IA32_VMX_BASIC_INFO         = 0xda040000000012
00:00:04.028965 HM:   VMCS id                         = 0x12
00:00:04.028966 HM:   VMCS size                       = 1024 bytes
00:00:04.028966 HM:   VMCS physical address limit     = None
00:00:04.028967 HM:   VMCS memory type                = 0x6
00:00:04.028968 HM:   Dual-monitor treatment support  = true 
00:00:04.028969 HM:   OUTS & INS instruction-info     = true 
00:00:04.028969 HM:   Supports true capability MSRs   = true 
00:00:04.028970 HM: Max resume loops                = 8192
00:00:04.028972 HM: MSR_IA32_VMX_PINBASED_CTLS      = 0x7f00000016
00:00:04.028973 HM:   EXT_INT_EXIT
00:00:04.028974 HM:   NMI_EXIT
00:00:04.028974 HM:   VIRTUAL_NMI
00:00:04.028975 HM:   PREEMPT_TIMER
00:00:04.028975 HM:   POSTED_INTR (must be cleared)
00:00:04.028975 HM: MSR_IA32_VMX_PROCBASED_CTLS     = 0xfff9fffe0401e172
00:00:04.028976 HM:   INT_WINDOW_EXIT
00:00:04.028977 HM:   USE_TSC_OFFSETTING
00:00:04.028977 HM:   HLT_EXIT
00:00:04.028978 HM:   INVLPG_EXIT
00:00:04.028978 HM:   MWAIT_EXIT
00:00:04.028978 HM:   RDPMC_EXIT
00:00:04.028979 HM:   RDTSC_EXIT
00:00:04.028979 HM:   CR3_LOAD_EXIT (must be set)
00:00:04.028980 HM:   CR3_STORE_EXIT (must be set)
00:00:04.028980 HM:   CR8_LOAD_EXIT
00:00:04.028980 HM:   CR8_STORE_EXIT
00:00:04.028981 HM:   USE_TPR_SHADOW
00:00:04.028981 HM:   NMI_WINDOW_EXIT
00:00:04.028981 HM:   MOV_DR_EXIT
00:00:04.028982 HM:   UNCOND_IO_EXIT
00:00:04.028982 HM:   USE_IO_BITMAPS
00:00:04.028982 HM:   MONITOR_TRAP_FLAG
00:00:04.028983 HM:   USE_MSR_BITMAPS
00:00:04.028983 HM:   MONITOR_EXIT
00:00:04.028984 HM:   PAUSE_EXIT
00:00:04.028984 HM:   USE_SECONDARY_EXEC_CTRL
00:00:04.028984 HM: MSR_IA32_VMX_PROCBASED_CTLS2    = 0x7cff00000000
00:00:04.028985 HM:   VIRT_APIC
00:00:04.028986 HM:   EPT
00:00:04.028988 HM:   DESCRIPTOR_TABLE_EXIT
00:00:04.028989 HM:   RDTSCP
00:00:04.028989 HM:   VIRT_X2APIC
00:00:04.028990 HM:   VPID
00:00:04.028990 HM:   WBINVD_EXIT
00:00:04.028990 HM:   UNRESTRICTED_GUEST
00:00:04.028991 HM:   APIC_REG_VIRT (must be cleared)
00:00:04.028991 HM:   VIRT_INTR_DELIVERY (must be cleared)
00:00:04.028991 HM:   PAUSE_LOOP_EXIT
00:00:04.028992 HM:   RDRAND_EXIT
00:00:04.028992 HM:   INVPCID
00:00:04.028992 HM:   VMFUNC
00:00:04.028993 HM:   VMCS_SHADOWING
00:00:04.028993 HM:   ENCLS_EXIT (must be cleared)
00:00:04.028996 HM:   RDSEED_EXIT (must be cleared)
00:00:04.028996 HM:   PML (must be cleared)
00:00:04.028997 HM:   EPT_VE (must be cleared)
00:00:04.028997 HM:   CONCEAL_FROM_PT (must be cleared)
00:00:04.028998 HM:   XSAVES_XRSTORS (must be cleared)
00:00:04.028998 HM:   TSC_SCALING (must be cleared)
00:00:04.028998 HM: MSR_IA32_VMX_ENTRY_CTLS         = 0xffff000011ff
00:00:04.028999 HM:   LOAD_DEBUG (must be set)
00:00:04.028999 HM:   IA32E_MODE_GUEST
00:00:04.029000 HM:   ENTRY_SMM
00:00:04.029000 HM:   DEACTIVATE_DUALMON
00:00:04.029001 HM:   LOAD_GUEST_PERF_MSR
00:00:04.029001 HM:   LOAD_GUEST_PAT_MSR
00:00:04.029001 HM:   LOAD_GUEST_EFER_MSR
00:00:04.029002 HM: MSR_IA32_VMX_EXIT_CTLS          = 0x7fffff00036dff
00:00:04.029003 HM:   SAVE_DEBUG (must be set)
00:00:04.029003 HM:   HOST_ADDR_SPACE_SIZE
00:00:04.029003 HM:   LOAD_PERF_MSR
00:00:04.029004 HM:   ACK_EXT_INT
00:00:04.029004 HM:   SAVE_GUEST_PAT_MSR
00:00:04.029004 HM:   LOAD_HOST_PAT_MSR
00:00:04.029005 HM:   SAVE_GUEST_EFER_MSR
00:00:04.029005 HM:   LOAD_HOST_EFER_MSR
00:00:04.029005 HM:   SAVE_VMX_PREEMPT_TIMER
00:00:04.029006 HM: MSR_IA32_VMX_EPT_VPID_CAP       = 0xf0106334141
00:00:04.029007 HM:   RWX_X_ONLY
00:00:04.029007 HM:   PAGE_WALK_LENGTH_4
00:00:04.029007 HM:   EMT_UC
00:00:04.029008 HM:   EMT_WB
00:00:04.029008 HM:   PDE_2M
00:00:04.029008 HM:   PDPTE_1G
00:00:04.029009 HM:   INVEPT
00:00:04.029009 HM:   EPT_ACCESS_DIRTY
00:00:04.029010 HM:   INVEPT_SINGLE_CONTEXT
00:00:04.029010 HM:   INVEPT_ALL_CONTEXTS
00:00:04.029010 HM:   INVVPID
00:00:04.029011 HM:   INVVPID_INDIV_ADDR
00:00:04.029011 HM:   INVVPID_SINGLE_CONTEXT
00:00:04.029013 HM:   INVVPID_ALL_CONTEXTS
00:00:04.029014 HM:   INVVPID_SINGLE_CONTEXT_RETAIN_GLOBALS
00:00:04.029014 HM: MSR_IA32_VMX_MISC               = 0x300481e5
00:00:04.029015 HM:   PREEMPT_TSC_BIT                 = 0x5
00:00:04.029015 HM:   STORE_EFERLMA_VMEXIT            = true 
00:00:04.029016 HM:   ACTIVITY_STATES                 = 0x7
00:00:04.029016 HM:   CR3_TARGET                      = 0x4
00:00:04.029017 HM:   MAX_MSR                         = 512
00:00:04.029017 HM:   RDMSR_SMBASE_MSR_SMM            = true 
00:00:04.029018 HM:   SMM_MONITOR_CTL_B2              = true 
00:00:04.029018 HM:   VMWRITE_VMEXIT_INFO             = true 
00:00:04.029019 HM:   MSEG_ID                         = 0x0
00:00:04.029019 HM: MSR_IA32_VMX_CR0_FIXED0         = 0x80000021
00:00:04.029020 HM: MSR_IA32_VMX_CR0_FIXED1         = 0xffffffff
00:00:04.029020 HM: MSR_IA32_VMX_CR4_FIXED0         = 0x2000
00:00:04.029021 HM: MSR_IA32_VMX_CR4_FIXED1         = 0x1767ff
00:00:04.029022 HM: MSR_IA32_VMX_VMCS_ENUM          = 0x2a
00:00:04.029022 HM:   HIGHEST_INDEX                   = 0x15
00:00:04.029023 HM: MSR_IA32_VMX_VMFUNC             = 0x1
00:00:04.029023 HM:   EPTP_SWITCHING
00:00:04.029024 HM: APIC-access page physaddr       = 0x0000000010088000
00:00:04.029024 HM: VCPU  0: MSR bitmap physaddr    = 0x000000001008c000
00:00:04.029025 HM: VCPU  0: VMCS physaddr          = 0x000000001008a000
00:00:04.029026 HM: VCPU  1: MSR bitmap physaddr    = 0x0000000010094000
00:00:04.029027 HM: VCPU  1: VMCS physaddr          = 0x0000000010092000
00:00:04.029027 HM: VCPU  2: MSR bitmap physaddr    = 0x00000000100a8000
00:00:04.029028 HM: VCPU  2: VMCS physaddr          = 0x00000000100a6000
00:00:04.029029 HM: VCPU  3: MSR bitmap physaddr    = 0x00000000100b2000
00:00:04.029030 HM: VCPU  3: VMCS physaddr          = 0x00000000100b0000
00:00:04.029032 HM: Guest support: 32-bit and 64-bit
00:00:04.029058 HM: Supports VMCS EFER fields       = true 
00:00:04.029059 HM: Enabled VMX
00:00:04.029061 CPUM: SetGuestCpuIdFeature: Enabled SYSENTER/EXIT
00:00:04.029061 CPUM: SetGuestCpuIdFeature: Enabled PAE
00:00:04.029062 CPUM: SetGuestCpuIdFeature: Enabled LONG MODE
00:00:04.029062 CPUM: SetGuestCpuIdFeature: Enabled SYSCALL/RET
00:00:04.029063 CPUM: SetGuestCpuIdFeature: Enabled LAHF/SAHF
00:00:04.029063 CPUM: SetGuestCpuIdFeature: Enabled NX
00:00:04.029064 HM: Enabled nested paging
00:00:04.029064 HM:   EPT flush type                = VMXFLUSHEPT_SINGLE_CONTEXT
00:00:04.029065 HM: Enabled unrestricted guest execution
00:00:04.029065 HM: Enabled large page support
00:00:04.029066 HM: Enabled VPID
00:00:04.029066 HM:   VPID flush type               = VMXFLUSHVPID_SINGLE_CONTEXT
00:00:04.029066 HM: Enabled VMX-preemption timer (cPreemptTimerShift=5)
00:00:04.029067 HM: VT-x/AMD-V init method: GLOBAL
00:00:04.029095 PcBios: SATA LUN#0 LCHS=1024/255/63
00:00:04.029119 APIC: fPostedIntrsEnabled=false fVirtApicRegsEnabled=false fSupportsTscDeadline=false
00:00:04.029127 TMR3UtcNow: nsNow=1 546 231 601 511 837 000 nsPrev=0 -> cNsDelta=1 546 231 601 511 837 000 (offLag=0 offVirtualSync=0 offVirtualSyncGivenUp=0, NowAgain=1 546 231 601 511 838 000)
00:00:04.029137 VMM: fUsePeriodicPreemptionTimers=false
00:00:04.029426 CPUM: Logical host processors: 8 present, 8 max, 8 online, online mask: 00000000000000ff
00:00:04.029431 CPUM: Physical host cores: 4
00:00:04.029432 ************************* CPUID dump ************************
00:00:04.029440          Raw Standard CPUID Leaves
00:00:04.029441      Leaf/sub-leaf  eax      ebx      ecx      edx
00:00:04.029442 Gst: 00000000/0000  0000000d 756e6547 6c65746e 49656e69
00:00:04.029443 Hst:                0000000d 756e6547 6c65746e 49656e69
00:00:04.029445 Gst: 00000001/0000  00040661 00040800 d6fa2203 178bfbff
00:00:04.029446 Hst:                00040661 00100800 7ffafbff bfebfbff
00:00:04.029447 Gst: 00000002/0000  76036301 00f0b5ff 00000000 00c10000
00:00:04.029449 Hst:                76036301 00f0b5ff 00000000 00c10000
00:00:04.029450 Gst: 00000003/0000  00000000 00000000 00000000 00000000
00:00:04.029451 Hst:                00000000 00000000 00000000 00000000
00:00:04.029451 Gst: 00000004/0000  0c000121 01c0003f 0000003f 00000000
00:00:04.029452 Hst:                1c004121 01c0003f 0000003f 00000000
00:00:04.029454 Gst: 00000004/0001  0c000122 01c0003f 0000003f 00000000
00:00:04.029454 Hst:                1c004122 01c0003f 0000003f 00000000
00:00:04.029456 Gst: 00000004/0002  0c000143 01c0003f 000001ff 00000000
00:00:04.029457 Hst:                1c004143 01c0003f 000001ff 00000000
00:00:04.029458 Gst: 00000004/0003  0c000163 02c0003f 00001fff 00000006
00:00:04.029459 Hst:                1c03c163 02c0003f 00001fff 00000006
00:00:04.029460 Gst: 00000004/0004  0c000183 03c0f03f 00001fff 00000004
00:00:04.029461 Hst:                1c03c183 03c0f03f 00001fff 00000004
00:00:04.029462 Gst: 00000004/0005  0c000000 00000000 00000000 00000000
00:00:04.029463 Hst:                00000000 00000000 00000000 00000000
00:00:04.029463 Gst: 00000005/0000  00000000 00000000 00000000 00000000
00:00:04.029464 Hst:                00000040 00000040 00000003 00042120
00:00:04.029465 Gst: 00000006/0000  00000000 00000000 00000000 00000000
00:00:04.029466 Hst:                00000077 00000002 00000009 00000000
00:00:04.029467 Gst: 00000007/0000  00000000 00002421 00000000 10000000
00:00:04.029468 Hst:                00000000 000027ab 00000000 9c000000
00:00:04.029469 Gst: 00000007/0001  00000000 00000000 00000000 00000000
00:00:04.029469 Hst:                00000000 00000000 00000000 00000000
00:00:04.029470 Gst: 00000008/0000  00000000 00000000 00000000 00000000
00:00:04.029471 Hst:                00000000 00000000 00000000 00000000
00:00:04.029472 Gst: 00000009/0000  00000000 00000000 00000000 00000000
00:00:04.029472 Hst:                00000000 00000000 00000000 00000000
00:00:04.029473 Gst: 0000000a/0000  00000000 00000000 00000000 00000000
00:00:04.029474 Hst:                07300403 00000000 00000000 00000603
00:00:04.029475 Gst: 0000000b/0000  00000000 00000001 00000100 00000000
00:00:04.029475 Hst:                00000001 00000002 00000100 00000000
00:00:04.029476 Gst: 0000000b/0001  00000002 00000004 00000201 00000000
00:00:04.029477 Hst:                00000004 00000008 00000201 00000000
00:00:04.029478 Gst: 0000000b/0002  00000000 00000000 00000002 00000000
00:00:04.029479 Hst:                00000000 00000000 00000002 00000000
00:00:04.029479 Gst: 0000000c/0000  00000000 00000000 00000000 00000000
00:00:04.029480 Hst:                00000000 00000000 00000000 00000000
00:00:04.029481 Gst: 0000000d/0000  00000007 00000340 00000340 00000000
00:00:04.029482 Hst:                00000007 00000340 00000340 00000000
00:00:04.029482 Gst: 0000000d/0001  00000000 00000000 00000000 00000000
00:00:04.029483 Hst:                00000001 00000000 00000000 00000000
00:00:04.029484 Gst: 0000000d/0002  00000100 00000240 00000000 00000000
00:00:04.029485 Hst:                00000100 00000240 00000000 00000000
00:00:04.029486 Gst: 0000000d/0003  00000000 00000000 00000000 00000000
00:00:04.029486 Hst:                00000000 00000000 00000000 00000000
00:00:04.029499                                Name: GenuineIntel
00:00:04.029501                            Supports: 0x00000000-0x0000000d
00:00:04.029502                              Family:  6 	Extended: 0 	Effective: 6
00:00:04.029503                               Model:  6 	Extended: 4 	Effective: 70
00:00:04.029505                            Stepping: 1
00:00:04.029506                                Type: 0 (primary)
00:00:04.029507                             APIC ID: 0x00
00:00:04.029508                        Logical CPUs: 4
00:00:04.029508                        CLFLUSH Size: 8
00:00:04.029509                            Brand ID: 0x00
00:00:04.029510 Features
00:00:04.029512   Mnemonic - Description                                  = guest (host)
00:00:04.029513   FPU - x87 FPU on Chip                                   = 1 (1)
00:00:04.029515   VME - Virtual 8086 Mode Enhancements                    = 1 (1)
00:00:04.029516   DE - Debugging extensions                               = 1 (1)
00:00:04.029517   PSE - Page Size Extension                               = 1 (1)
00:00:04.029518   TSC - Time Stamp Counter                                = 1 (1)
00:00:04.029519   MSR - Model Specific Registers                          = 1 (1)
00:00:04.029520   PAE - Physical Address Extension                        = 1 (1)
00:00:04.029521   MCE - Machine Check Exception                           = 1 (1)
00:00:04.029522   CX8 - CMPXCHG8B instruction                             = 1 (1)
00:00:04.029523   APIC - APIC On-Chip                                     = 1 (1)
00:00:04.029524   SEP - SYSENTER and SYSEXIT Present                      = 1 (1)
00:00:04.029525   MTRR - Memory Type Range Registers                      = 1 (1)
00:00:04.029526   PGE - PTE Global Bit                                    = 1 (1)
00:00:04.029528   MCA - Machine Check Architecture                        = 1 (1)
00:00:04.029529   CMOV - Conditional Move instructions                    = 1 (1)
00:00:04.029530   PAT - Page Attribute Table                              = 1 (1)
00:00:04.029531   PSE-36 - 36-bit Page Size Extension                     = 1 (1)
00:00:04.029532   PSN - Processor Serial Number                           = 0 (0)
00:00:04.029533   CLFSH - CLFLUSH instruction                             = 1 (1)
00:00:04.029534   DS - Debug Store                                        = 0 (1)
00:00:04.029535   ACPI - Thermal Mon. & Soft. Clock Ctrl.                 = 0 (1)
00:00:04.029536   MMX - Intel MMX Technology                              = 1 (1)
00:00:04.029537   FXSR - FXSAVE and FXRSTOR instructions                  = 1 (1)
00:00:04.029538   SSE - SSE support                                       = 1 (1)
00:00:04.029539   SSE2 - SSE2 support                                     = 1 (1)
00:00:04.029540   SS - Self Snoop                                         = 0 (1)
00:00:04.029541   HTT - Hyper-Threading Technology                        = 1 (1)
00:00:04.029542   TM - Therm. Monitor                                     = 0 (1)
00:00:04.029543   PBE - Pending Break Enabled                             = 0 (1)
00:00:04.029544   SSE3 - SSE3 support                                     = 1 (1)
00:00:04.029546   PCLMUL - PCLMULQDQ support (for AES-GCM)                = 1 (1)
00:00:04.029547   DTES64 - DS Area 64-bit Layout                          = 0 (1)
00:00:04.029548   MONITOR - MONITOR/MWAIT instructions                    = 0 (1)
00:00:04.029549   CPL-DS - CPL Qualified Debug Store                      = 0 (1)
00:00:04.029550   VMX - Virtual Machine Extensions                        = 0 (1)
00:00:04.029550   SMX - Safer Mode Extensions                             = 0 (1)
00:00:04.029551   EST - Enhanced SpeedStep Technology                     = 0 (1)
00:00:04.029552   TM2 - Terminal Monitor 2                                = 0 (1)
00:00:04.029553   SSSE3 - Supplemental Streaming SIMD Extensions 3        = 1 (1)
00:00:04.029554   CNTX-ID - L1 Context ID                                 = 0 (0)
00:00:04.029555   SDBG - Silicon Debug interface                          = 0 (1)
00:00:04.029556   FMA - Fused Multiply Add extensions                     = 0 (1)
00:00:04.029557   CX16 - CMPXCHG16B instruction                           = 1 (1)
00:00:04.029558   TPRUPDATE - xTPR Update Control                         = 0 (1)
00:00:04.029559   PDCM - Perf/Debug Capability MSR                        = 0 (1)
00:00:04.029560   PCID - Process Context Identifiers                      = 1 (1)
00:00:04.029561   DCA - Direct Cache Access                               = 0 (0)
00:00:04.029562   SSE4_1 - SSE4_1 support                                 = 1 (1)
00:00:04.029564   SSE4_2 - SSE4_2 support                                 = 1 (1)
00:00:04.029565   X2APIC - x2APIC support                                 = 1 (1)
00:00:04.029566   MOVBE - MOVBE instruction                               = 1 (1)
00:00:04.029567   POPCNT - POPCNT instruction                             = 1 (1)
00:00:04.029568   TSCDEADL - Time Stamp Counter Deadline                  = 0 (1)
00:00:04.029569   AES - AES instructions                                  = 1 (1)
00:00:04.029570   XSAVE - XSAVE instruction                               = 1 (1)
00:00:04.029571   OSXSAVE - OSXSAVE instruction                           = 0 (1)
00:00:04.029572   AVX - AVX support                                       = 1 (1)
00:00:04.029573   F16C - 16-bit floating point conversion instructions    = 0 (1)
00:00:04.029574   RDRAND - RDRAND instruction                             = 1 (1)
00:00:04.029575   HVP - Hypervisor Present (we're a guest)                = 1 (0)
00:00:04.029576 Structured Extended Feature Flags Enumeration (leaf 7):
00:00:04.029576   Mnemonic - Description                                  = guest (host)
00:00:04.029577   FSGSBASE - RDFSBASE/RDGSBASE/WRFSBASE/WRGSBASE instr.   = 1 (1)
00:00:04.029578   TSCADJUST - Supports MSR_IA32_TSC_ADJUST                = 0 (1)
00:00:04.029579   SGX - Supports Software Guard Extensions                = 0 (0)
00:00:04.029580   BMI1 - Advanced Bit Manipulation extension 1            = 0 (1)
00:00:04.029581   HLE - Hardware Lock Elision                             = 0 (0)
00:00:04.029582   AVX2 - Advanced Vector Extensions 2                     = 1 (1)
00:00:04.029583   FDP_EXCPTN_ONLY - FPU DP only updated on exceptions     = 0 (0)
00:00:04.029584   SMEP - Supervisor Mode Execution Prevention             = 0 (1)
00:00:04.029585   BMI2 - Advanced Bit Manipulation extension 2            = 0 (1)
00:00:04.029585   ERMS - Enhanced REP MOVSB/STOSB instructions            = 0 (1)
00:00:04.029586   INVPCID - INVPCID instruction                           = 1 (1)
00:00:04.029587   RTM - Restricted Transactional Memory                   = 0 (0)
00:00:04.029588   PQM - Platform Quality of Service Monitoring            = 0 (0)
00:00:04.029589   DEPFPU_CS_DS - Deprecates FPU CS, FPU DS values if set  = 1 (1)
00:00:04.029590   MPE - Intel Memory Protection Extensions                = 0 (0)
00:00:04.029591   PQE - Platform Quality of Service Enforcement           = 0 (0)
00:00:04.029592   AVX512F - AVX512 Foundation instructions                = 0 (0)
00:00:04.029593   RDSEED - RDSEED instruction                             = 0 (0)
00:00:04.029594   ADX - ADCX/ADOX instructions                            = 0 (0)
00:00:04.029595   SMAP - Supervisor Mode Access Prevention                = 0 (0)
00:00:04.029596   CLFLUSHOPT - CLFLUSHOPT (Cache Line Flush) instruction  = 0 (0)
00:00:04.029596   INTEL_PT - Intel Processor Trace                        = 0 (0)
00:00:04.029597   AVX512PF - AVX512 Prefetch instructions                 = 0 (0)
00:00:04.029598   AVX512ER - AVX512 Exponential & Reciprocal instructions = 0 (0)
00:00:04.029599   AVX512CD - AVX512 Conflict Detection instructions       = 0 (0)
00:00:04.029600   SHA - Secure Hash Algorithm extensions                  = 0 (0)
00:00:04.029601   PREFETCHWT1 - PREFETCHWT1 instruction                   = 0 (0)
00:00:04.029602   UMIP - User mode insturction prevention                 = 0 (0)
00:00:04.029603   PKU - Protection Key for Usermode pages                 = 0 (0)
00:00:04.029603   OSPKE - CR4.PKU mirror                                  = 0 (0)
00:00:04.029605   MAWAU - Value used by BNDLDX & BNDSTX                   = 0x0 (0x0)
00:00:04.029606   RDPID - Read processor ID support                       = 0 (0)
00:00:04.029607   SGX_LC - Supports SGX Launch Configuration              = 0 (0)
00:00:04.029608   IBRS_IBPB - IA32_SPEC_CTRL.IBRS and IA32_PRED_CMD.IBPB  = 0 (1)
00:00:04.029608   STIBP - Supports IA32_SPEC_CTRL.STIBP                   = 0 (1)
00:00:04.029609   FLUSH_CMD - Supports IA32_FLUSH_CMD                     = 1 (1)
00:00:04.029610   ARCHCAP - Supports IA32_ARCH_CAP                        = 0 (0)
00:00:04.029611   31 - Reserved                                           = 0 (1)
00:00:04.029613 Processor Extended State Enumeration (leaf 0xd):
00:00:04.029614    XSAVE area cur/max size by XCR0, guest: 0x340/0x340
00:00:04.029614     XSAVE area cur/max size by XCR0, host: 0x340/0x340
00:00:04.029615                    Valid XCR0 bits, guest: 0x00000000`00000007 ( x87 SSE YMM_Hi128 )
00:00:04.029620                     Valid XCR0 bits, host: 0x00000000`00000007 ( x87 SSE YMM_Hi128 )
00:00:04.029621                     XSAVE features, guest:
00:00:04.029622                      XSAVE features, host: XSAVEOPT
00:00:04.029623       XSAVE area cur size XCR0|XSS, guest: 0x0
00:00:04.029624        XSAVE area cur size XCR0|XSS, host: 0x0
00:00:04.029625                Valid IA32_XSS bits, guest: 0x00000000`00000000
00:00:04.029626                 Valid IA32_XSS bits, host: 0x00000000`00000000
00:00:04.029626   State #2, guest: off=0x0240, cb=0x0100 IA32_XSS-bit -- YMM_Hi128
00:00:04.029628   State #2, host:  off=0x0240, cb=0x0100 IA32_XSS-bit -- YMM_Hi128
00:00:04.029635          Raw Hypervisor CPUID Leaves
00:00:04.029636      Leaf/sub-leaf  eax      ebx      ecx      edx
00:00:04.029636 Gst: 40000000/0000  40000001 4b4d564b 564b4d56 0000004d
00:00:04.029638 Hst:                00000007 00000340 00000340 00000000
00:00:04.029639 Gst: 40000001/0000  01000089 00000000 00000000 00000000
00:00:04.029640 Hst:                00000007 00000340 00000340 00000000
00:00:04.029641          Raw Extended CPUID Leaves
00:00:04.029641      Leaf/sub-leaf  eax      ebx      ecx      edx
00:00:04.029642 Gst: 80000000/0000  80000008 00000000 00000000 00000000
00:00:04.029643 Hst:                80000008 00000000 00000000 00000000
00:00:04.029644 Gst: 80000001/0000  00000000 00000000 00000021 28100800
00:00:04.029645 Hst:                00000000 00000000 00000021 2c100800
00:00:04.029646 Gst: 80000002/0000  65746e49 2952286c 726f4320 4d542865
00:00:04.029647 Hst:                65746e49 2952286c 726f4320 4d542865
00:00:04.029649 Gst: 80000003/0000  37692029 3538342d 20514830 20555043
00:00:04.029650 Hst:                37692029 3538342d 20514830 20555043
00:00:04.029652 Gst: 80000004/0000  2e322040 48473033 0000007a 00000000
00:00:04.029653 Hst:                2e322040 48473033 0000007a 00000000
00:00:04.029654 Gst: 80000005/0000  00000000 00000000 00000000 00000000
00:00:04.029655 Hst:                00000000 00000000 00000000 00000000
00:00:04.029655 Gst: 80000006/0000  00000000 00000000 01006040 00000000
00:00:04.029656 Hst:                00000000 00000000 01006040 00000000
00:00:04.029657 Gst: 80000007/0000  00000000 00000000 00000000 00000100
00:00:04.029658 Hst:                00000000 00000000 00000000 00000100
00:00:04.029659 Gst: 80000008/0000  00003027 00000000 00000000 00000000
00:00:04.029660 Hst:                00003027 00000000 00000000 00000000
00:00:04.029661 Ext Name:                        
00:00:04.029661 Ext Supports:                    0x80000000-0x80000008
00:00:04.029662 Family:                          0  	Extended: 0 	Effective: 0
00:00:04.029663 Model:                           0  	Extended: 0 	Effective: 0
00:00:04.029663 Stepping:                        0
00:00:04.029664 Brand ID:                        0x000
00:00:04.029664 Ext Features
00:00:04.029665   Mnemonic - Description                                  = guest (host)
00:00:04.029665   FPU - x87 FPU on Chip                                   = 0 (0)
00:00:04.029666   VME - Virtual 8086 Mode Enhancements                    = 0 (0)
00:00:04.029667   DE - Debugging extensions                               = 0 (0)
00:00:04.029668   PSE - Page Size Extension                               = 0 (0)
00:00:04.029670   TSC - Time Stamp Counter                                = 0 (0)
00:00:04.029671   MSR - K86 Model Specific Registers                      = 0 (0)
00:00:04.029672   PAE - Physical Address Extension                        = 0 (0)
00:00:04.029673   MCE - Machine Check Exception                           = 0 (0)
00:00:04.029674   CX8 - CMPXCHG8B instruction                             = 0 (0)
00:00:04.029675   APIC - APIC On-Chip                                     = 0 (0)
00:00:04.029676   SEP - SYSCALL/SYSRET                                    = 1 (1)
00:00:04.029677   MTRR - Memory Type Range Registers                      = 0 (0)
00:00:04.029678   PGE - PTE Global Bit                                    = 0 (0)
00:00:04.029679   MCA - Machine Check Architecture                        = 0 (0)
00:00:04.029680   CMOV - Conditional Move instructions                    = 0 (0)
00:00:04.029681   PAT - Page Attribute Table                              = 0 (0)
00:00:04.029682   PSE-36 - 36-bit Page Size Extension                     = 0 (0)
00:00:04.029683   NX - No-Execute/Execute-Disable                         = 1 (1)
00:00:04.029684   AXMMX - AMD Extensions to MMX instructions              = 0 (0)
00:00:04.029685   MMX - Intel MMX Technology                              = 0 (0)
00:00:04.029686   FXSR - FXSAVE and FXRSTOR Instructions                  = 0 (0)
00:00:04.029687   FFXSR - AMD fast FXSAVE and FXRSTOR instructions        = 0 (0)
00:00:04.029688   Page1GB - 1 GB large page                               = 0 (1)
00:00:04.029689   RDTSCP - RDTSCP instruction                             = 1 (1)
00:00:04.029690   LM - AMD64 Long Mode                                    = 1 (1)
00:00:04.029691   3DNOWEXT - AMD Extensions to 3DNow                      = 0 (0)
00:00:04.029692   3DNOW - AMD 3DNow                                       = 0 (0)
00:00:04.029693   LahfSahf - LAHF/SAHF support in 64-bit mode             = 1 (1)
00:00:04.029694   CmpLegacy - Core multi-processing legacy mode           = 0 (0)
00:00:04.029695   SVM - AMD Secure Virtual Machine extensions             = 0 (0)
00:00:04.029696   EXTAPIC - AMD Extended APIC registers                   = 0 (0)
00:00:04.029697   CR8L - AMD LOCK MOV CR0 means MOV CR8                   = 0 (0)
00:00:04.029698   ABM - AMD Advanced Bit Manipulation                     = 1 (1)
00:00:04.029699   SSE4A - SSE4A instructions                              = 0 (0)
00:00:04.029700   MISALIGNSSE - AMD Misaligned SSE mode                   = 0 (0)
00:00:04.029701   3DNOWPRF - AMD PREFETCH and PREFETCHW instructions      = 0 (0)
00:00:04.029702   OSVW - AMD OS Visible Workaround                        = 0 (0)
00:00:04.029702   IBS - Instruct Based Sampling                           = 0 (0)
00:00:04.029704   XOP - Extended Operation support                        = 0 (0)
00:00:04.029704   SKINIT - SKINIT, STGI, and DEV support                  = 0 (0)
00:00:04.029705   WDT - AMD Watchdog Timer support                        = 0 (0)
00:00:04.029706   LWP - Lightweight Profiling support                     = 0 (0)
00:00:04.029707   FMA4 - Four operand FMA instruction support             = 0 (0)
00:00:04.029708   NodeId - NodeId in MSR C001_100C                        = 0 (0)
00:00:04.029709   TBM - Trailing Bit Manipulation instructions            = 0 (0)
00:00:04.029710   TOPOEXT - Topology Extensions                           = 0 (0)
00:00:04.029712 Full Name:                       "Intel(R) Core(TM) i7-4850HQ CPU @ 2.30GHz"
00:00:04.029712 TLB 2/4M Instr/Uni:              res0     0 entries
00:00:04.029713 TLB 2/4M Data:                   res0     0 entries
00:00:04.029713 TLB 4K Instr/Uni:                res0     0 entries
00:00:04.029714 TLB 4K Data:                     res0     0 entries
00:00:04.029714 L1 Instr Cache Line Size:        0 bytes
00:00:04.029715 L1 Instr Cache Lines Per Tag:    0
00:00:04.029715 L1 Instr Cache Associativity:    res0  
00:00:04.029716 L1 Instr Cache Size:             0 KB
00:00:04.029716 L1 Data Cache Line Size:         0 bytes
00:00:04.029717 L1 Data Cache Lines Per Tag:     0
00:00:04.029717 L1 Data Cache Associativity:     res0  
00:00:04.029717 L1 Data Cache Size:              0 KB
00:00:04.029718 L2 TLB 2/4M Instr/Uni:           off       0 entries
00:00:04.029718 L2 TLB 2/4M Data:                off       0 entries
00:00:04.029719 L2 TLB 4K Instr/Uni:             off       0 entries
00:00:04.029719 L2 TLB 4K Data:                  off       0 entries
00:00:04.029720 L2 Cache Line Size:              0 bytes
00:00:04.029720 L2 Cache Lines Per Tag:          0
00:00:04.029721 L2 Cache Associativity:          off   
00:00:04.029721 L2 Cache Size:                   0 KB
00:00:04.029722 APM Features:                    TscInvariant
00:00:04.029723 Host Invariant-TSC support:      true 
00:00:04.029724 Physical Address Width:          39 bits
00:00:04.029724 Virtual Address Width:           48 bits
00:00:04.029725 Guest Physical Address Width:    0 bits
00:00:04.029725 Physical Core Count:             1
00:00:04.029726 
00:00:04.029727 ******************** End of CPUID dump **********************
00:00:04.038524 VMEmt: Halt method global1 (5)
00:00:04.038625 VMEmt: HaltedGlobal1 config: cNsSpinBlockThresholdCfg=2000
00:00:04.038664 Changing the VM state from 'CREATING' to 'CREATED'
00:00:04.042277 SharedFolders host service: Adding host mapping
00:00:04.042292     Host path '/Users/preston/Google Drive', map name 'Google_Drive', writable, automount=true, create_symlinks=false, missing=false
00:00:04.042505 SharedFolders host service: Adding host mapping
00:00:04.042519     Host path '/Users/preston/projects', map name 'projects', writable, automount=true, create_symlinks=false, missing=false
00:00:04.117546 Changing the VM state from 'CREATED' to 'POWERING_ON'
00:00:04.117687 AIOMgr: Endpoints without assigned bandwidth groups:
00:00:04.117707 AIOMgr:     /Volumes/My Passport/VirtualBox VMs/FPGA development/FPGA development.vdi
00:00:04.117770 Changing the VM state from 'POWERING_ON' to 'RUNNING'
00:00:04.117787 Console: Machine state changed to 'Running'
00:00:04.123670 VMMDev: Guest Log: BIOS: VirtualBox 5.2.22
00:00:04.123783 PCI: setting up resources and interrupts
00:00:04.125555 SUP: Loaded VBoxEhciR0.r0 (/Applications/VirtualBox.app/Contents/MacOS/ExtensionPacks/Oracle_VM_VirtualBox_Extension_Pack/darwin.amd64/VBoxEhciR0.r0) at 0xXXXXXXXXXXXXXXXX - ModuleInit at XXXXXXXXXXXXXXXX and ModuleTerm at XXXXXXXXXXXXXXXX
00:00:04.125757 PIT: mode=2 count=0x10000 (65536) - 18.20 Hz (ch=0)
00:00:04.145685 Display::handleDisplayResize: uScreenId=0 pvVRAM=0000000000000000 w=720 h=400 bpp=0 cbLine=0x0 flags=0x0
00:00:04.145852 GUI: UIFrameBufferPrivate::NotifyChange: Screen=0, Origin=0x0, Size=720x400, Sending to async-handler
00:00:04.146406 VMMDev: Guest Log: CPUID EDX: 0x178bfbff
00:00:04.146525 PIIX3 ATA: Ctl#1: RESET, DevSel=0 AIOIf=0 CmdIf0=0x00 (-1 usec ago) CmdIf1=0x00 (-1 usec ago)
00:00:04.146611 PIIX3 ATA: Ctl#1: finished processing RESET
00:00:04.622531 GUI: UIMachineViewNormal::resendSizeHint: Restoring guest size-hint for screen 0 to 1920x1134
00:00:04.623048 VMMDev: SetVideoModeHint: Got a video mode hint (1920x1134x0)@(0x0),(1;0) at 0
00:00:04.623089 GUI: UIMachineView::sltHandleNotifyChange: Screen=0, Size=720x400
00:00:04.623100 GUI: UIFrameBufferPrivate::handleNotifyChange: Size=720x400
00:00:04.623111 GUI: UIFrameBufferPrivate::performResize: Size=720x400, Directly using source bitmap content
00:00:04.633991 GUI: 2D video acceleration is disabled
00:00:04.634022 GUI: HID LEDs sync is enabled
00:00:04.657353 GUI: UIMachineLogicNormal::sltCheckForRequestedVisualStateType: Requested-state=0, Machine-state=5
00:00:05.268621 VUSB: Attached '00007f80c3c2c340[proxy 29dd:8001]' to port 2 on RootHub#1 (FullSpeed)
00:00:05.276675 AHCI#0: Reset the HBA
00:00:05.276697 VD#0: Cancelling all active requests
00:00:05.276752 AHCI#0: Port 0 reset
00:00:05.276800 VD#0: Cancelling all active requests
00:00:05.278059 VMMDev: Guest Log: BIOS: AHCI 0-P#0: PCHS=16383/16/63 LCHS=1024/255/63 0x000000000c800000 sectors
00:00:05.279325 PIT: mode=2 count=0x48d3 (18643) - 64.00 Hz (ch=0)
00:00:05.296902 Display::handleDisplayResize: uScreenId=0 pvVRAM=0000000118363000 w=640 h=480 bpp=32 cbLine=0xA00 flags=0x0
00:00:05.296994 GUI: UIFrameBufferPrivate::NotifyChange: Screen=0, Origin=0x0, Size=640x480, Sending to async-handler
00:00:05.297115 GUI: UIMachineView::sltHandleNotifyChange: Screen=0, Size=640x480
00:00:05.297153 GUI: UIFrameBufferPrivate::handleNotifyChange: Size=640x480
00:00:05.297198 GUI: UIFrameBufferPrivate::performResize: Size=640x480, Directly using source bitmap content
00:00:07.756954 Display::handleDisplayResize: uScreenId=0 pvVRAM=0000000000000000 w=720 h=400 bpp=0 cbLine=0x0 flags=0x0
00:00:07.757016 GUI: UIFrameBufferPrivate::NotifyChange: Screen=0, Origin=0x0, Size=720x400, Sending to async-handler
00:00:07.757092 GUI: UIMachineView::sltHandleNotifyChange: Screen=0, Size=720x400
00:00:07.757111 GUI: UIFrameBufferPrivate::handleNotifyChange: Size=720x400
00:00:07.757122 GUI: UIFrameBufferPrivate::performResize: Size=720x400, Directly using source bitmap content
00:00:07.758043 PIT: mode=2 count=0x10000 (65536) - 18.20 Hz (ch=0)
00:00:07.758598 VMMDev: Guest Log: BIOS: Boot : bseqnr=1, bootseq=0023
00:00:07.759550 VMMDev: Guest Log: BIOS: CDROM boot failure code : 0003
00:00:07.759994 VMMDev: Guest Log: BIOS: Boot from CD-ROM failed
00:00:07.760519 VMMDev: Guest Log: BIOS: Boot : bseqnr=2, bootseq=0002
00:00:07.846995 VMMDev: Guest Log: BIOS: Booting from Hard Disk...
00:00:08.467271 Display::handleDisplayResize: uScreenId=0 pvVRAM=000000011848f000 w=640 h=480 bpp=32 cbLine=0xA00 flags=0x0
00:00:08.467334 GUI: UIFrameBufferPrivate::NotifyChange: Screen=0, Origin=0x0, Size=640x480, Sending to async-handler
00:00:08.467426 GUI: UIMachineView::sltHandleNotifyChange: Screen=0, Size=640x480
00:00:08.467444 GUI: UIFrameBufferPrivate::handleNotifyChange: Size=640x480
00:00:08.467463 GUI: UIFrameBufferPrivate::performResize: Size=640x480, Directly using source bitmap content
00:00:18.497073 Display::handleDisplayResize: uScreenId=0 pvVRAM=0000000118363000 w=640 h=480 bpp=32 cbLine=0xA00 flags=0x0
00:00:18.497131 GUI: UIFrameBufferPrivate::NotifyChange: Screen=0, Origin=0x0, Size=640x480, Sending to async-handler
00:00:18.497200 GUI: UIMachineView::sltHandleNotifyChange: Screen=0, Size=640x480
00:00:18.497216 GUI: UIFrameBufferPrivate::handleNotifyChange: Size=640x480
00:00:18.497231 GUI: UIFrameBufferPrivate::performResize: Size=640x480, Directly using source bitmap content
00:00:20.537760 Display::handleDisplayResize: uScreenId=0 pvVRAM=0000000000000000 w=720 h=400 bpp=0 cbLine=0x0 flags=0x0
00:00:20.537834 GUI: UIFrameBufferPrivate::NotifyChange: Screen=0, Origin=0x0, Size=720x400, Sending to async-handler
00:00:20.537913 GUI: UIMachineView::sltHandleNotifyChange: Screen=0, Size=720x400
00:00:20.537925 GUI: UIFrameBufferPrivate::handleNotifyChange: Size=720x400
00:00:20.537939 GUI: UIFrameBufferPrivate::performResize: Size=720x400, Directly using source bitmap content
00:00:20.871610 GIM: KVM: VCPU  0: Enabled system-time struct. at 0x000000011ff54000 - u32TscScale=0xdf1fbe0a i8TscShift=-1 uVersion=2 fFlags=0x1 uTsc=0x8f36dcae1 uVirtNanoTS=0x3e6953d47
00:00:20.871693 TM: Switching TSC mode from 'VirtTscEmulated' to 'RealTscOffset'
00:00:21.009721 GIM: KVM: Enabled wall-clock struct. at 0x000000011ffd4000 - u32Sec=1546231618 u32Nano=491515807 uVersion=2
00:00:21.019540 PIT: mode=2 count=0x12a5 (4773) - 249.98 Hz (ch=0)
00:00:21.019802 APIC0: Switched mode to x2APIC
00:00:21.135524 PIT: mode=0 count=0x10000 (65536) - 18.20 Hz (ch=0)
00:00:21.138213 APIC1: Switched mode to x2APIC
00:00:21.138279 GIM: KVM: VCPU  1: Enabled system-time struct. at 0x000000011ff54040 - u32TscScale=0xdf1fbe0a i8TscShift=-1 uVersion=2 fFlags=0x1 uTsc=0x8f36dcae1 uVirtNanoTS=0x3e6953d47
00:00:21.141008 APIC2: Switched mode to x2APIC
00:00:21.141056 GIM: KVM: VCPU  2: Enabled system-time struct. at 0x000000011ff54080 - u32TscScale=0xdf1fbe0a i8TscShift=-1 uVersion=2 fFlags=0x1 uTsc=0x8f36dcae1 uVirtNanoTS=0x3e6953d47
00:00:21.143814 APIC3: Switched mode to x2APIC
00:00:21.143911 GIM: KVM: VCPU  3: Enabled system-time struct. at 0x000000011ff540c0 - u32TscScale=0xdf1fbe0a i8TscShift=-1 uVersion=2 fFlags=0x1 uTsc=0x8f36dcae1 uVirtNanoTS=0x3e6953d47
00:00:21.274587 OHCI: Software reset
00:00:21.993004 PIIX3 ATA: Ctl#0: RESET, DevSel=0 AIOIf=0 CmdIf0=0x00 (-1 usec ago) CmdIf1=0x00 (-1 usec ago)
00:00:21.993131 PIIX3 ATA: Ctl#0: finished processing RESET
00:00:21.993423 PIIX3 ATA: Ctl#1: RESET, DevSel=0 AIOIf=0 CmdIf0=0xa0 (-1 usec ago) CmdIf1=0x00 (-1 usec ago)
00:00:21.993530 PIIX3 ATA: Ctl#1: finished processing RESET
00:00:21.994312 EHCI: Hardware reset
00:00:21.994493 EHCI: USB Operational
00:00:22.011832 OHCI: USB Reset
00:00:22.100863 OHCI: Software reset
00:00:22.101162 OHCI: USB Operational
00:00:22.115845 EHCI: USB Suspended
00:00:23.016747 AHCI#0: Reset the HBA
00:00:23.016777 VD#0: Cancelling all active requests
00:00:23.017829 AHCI#0: Port 0 reset
00:00:23.019128 VD#0: Cancelling all active requests
00:00:23.021886 VBVA: InfoScreen: [0] @0,0 800x600, line 0xc80, BPP 32, flags 0x1
00:00:23.021915 Display::handleDisplayResize: uScreenId=0 pvVRAM=0000000118363000 w=800 h=600 bpp=32 cbLine=0xC80 flags=0x1
00:00:23.021941 GUI: UIFrameBufferPrivate::NotifyChange: Screen=0, Origin=0x0, Size=800x600, Sending to async-handler
00:00:23.021986 GUI: UIMachineView::sltHandleNotifyChange: Screen=0, Size=800x600
00:00:23.022003 GUI: UIFrameBufferPrivate::handleNotifyChange: Size=800x600
00:00:23.022020 GUI: UIFrameBufferPrivate::performResize: Size=800x600, Directly using source bitmap content
00:00:23.022030 VBVA: InfoScreen: [0] @0,0 800x600, line 0xc80, BPP 32, flags 0x1
00:00:23.022041 Display::handleDisplayResize: uScreenId=0 pvVRAM=0000000118363000 w=800 h=600 bpp=32 cbLine=0xC80 flags=0x1
00:00:23.022060 GUI: UIFrameBufferPrivate::NotifyChange: Screen=0, Origin=0x0, Size=800x600, Sending to async-handler
00:00:23.040823 GUI: UIMachineView::sltHandleNotifyChange: Screen=0, Size=800x600
00:00:23.040854 GUI: UIFrameBufferPrivate::handleNotifyChange: Size=800x600
00:00:23.040871 GUI: UIFrameBufferPrivate::performResize: Size=800x600, Directly using source bitmap content
00:00:24.125144 AIOMgr: Host limits number of active IO requests to 16. Expect a performance impact.
00:00:44.415741 VMMDev: Guest Additions information report: Version 5.2.22 r126460 '5.2.22'
00:00:44.416514 VMMDev: Guest Additions information report: Interface = 0x00010004 osType = 0x00053100 (Linux >= 2.6, 64-bit)
00:00:44.416626 VMMDev: Guest Additions capability report: (0x0 -> 0x0) seamless: no, hostWindowMapping: no, graphics: no
00:00:44.416687 GUI: UISession::sltAdditionsChange: GA state change event came, notifying listeners.
00:00:44.416707 GUI: UIMachineLogicNormal::sltCheckForRequestedVisualStateType: Requested-state=0, Machine-state=5
00:00:44.416727 VMMDev: vmmDevReqHandler_HeartbeatConfigure: No change (fHeartbeatActive=false).
00:00:44.416767 GUI: UISession::sltAdditionsChange: GA state change event came, notifying listeners.
00:00:44.416786 VMMDev: Heartbeat flatline timer set to trigger after 4 000 000 000 ns
00:00:44.416803 GUI: UIMachineLogicNormal::sltCheckForRequestedVisualStateType: Requested-state=0, Machine-state=5
00:00:44.416842 VMMDev: Guest Log: vgdrvHeartbeatInit: Setting up heartbeat to trigger every 2000 milliseconds
00:00:44.416981 GUI: UISession::sltAdditionsChange: GA state really changed, notifying listeners.
00:00:44.416999 GUI: UIMachineViewNormal::adjustGuestScreenSize: Adjust guest-screen size if necessary.
00:00:44.417007 GUI: UISession::sltAdditionsChange: GA state change event came, notifying listeners.
00:00:44.417012 GUI: UIMachineLogicNormal::sltCheckForRequestedVisualStateType: Requested-state=0, Machine-state=5
00:00:44.417353 VMMDev: Guest Log: vboxguest: misc device minor 55, IRQ 20, I/O port d020, MMIO at 00000000f0400000 (size 0x400000)
00:00:50.444651 VBVA: InfoScreen: [0] @0,0 800x600, line 0xc80, BPP 32, flags 0x1
00:00:50.444686 Display::handleDisplayResize: uScreenId=0 pvVRAM=0000000118538000 w=800 h=600 bpp=32 cbLine=0xC80 flags=0x1
00:00:50.444723 GUI: UIFrameBufferPrivate::NotifyChange: Screen=0, Origin=0x0, Size=800x600, Sending to async-handler
00:00:50.444796 GUI: UIMachineView::sltHandleNotifyChange: Screen=0, Size=800x600
00:00:50.444819 GUI: UIFrameBufferPrivate::handleNotifyChange: Size=800x600
00:00:50.444839 GUI: UIFrameBufferPrivate::performResize: Size=800x600, Directly using source bitmap content
00:01:01.171019 VMMDev: Guest Additions capability report: (0x0 -> 0x0) seamless: no, hostWindowMapping: no, graphics: no
00:01:01.171236 GUI: UISession::sltAdditionsChange: GA state change event came, notifying listeners.
00:01:01.171259 GUI: UIMachineLogicNormal::sltCheckForRequestedVisualStateType: Requested-state=0, Machine-state=5
00:01:04.367225 VMMDev: Guest Log: VBoxService 5.2.22 r126460 (verbosity: 0) linux.amd64 (Nov  8 2018 20:49:41) release log
00:01:04.367260 VMMDev: Guest Log: 00:00:00.000125 main     Log opened 2018-12-31T04:47:40.742746000Z
00:01:04.367430 VMMDev: Guest Log: 00:00:00.000346 main     OS Product: Linux
00:01:04.367494 VMMDev: Guest Log: 00:00:00.000416 main     OS Release: 4.15.0-43-generic
00:01:04.367547 VMMDev: Guest Log: 00:00:00.000470 main     OS Version: #46-Ubuntu SMP Thu Dec 6 14:45:28 UTC 2018
00:01:04.367600 VMMDev: Guest Log: 00:00:00.000522 main     Executable: /opt/VBoxGuestAdditions-5.2.22/sbin/VBoxService
00:01:04.367612 VMMDev: Guest Log: 00:00:00.000523 main     Process ID: 915
00:01:04.367619 VMMDev: Guest Log: 00:00:00.000524 main     Package type: LINUX_64BITS_GENERIC
00:01:04.370412 VMMDev: Guest Log: 00:00:00.003333 main     5.2.22 r126460 started. Verbose level = 0
00:01:04.371123 GUI: UISession::sltAdditionsChange: GA state change event came, notifying listeners.
00:01:04.371141 GUI: UIMachineLogicNormal::sltCheckForRequestedVisualStateType: Requested-state=0, Machine-state=5
00:01:04.373588 GUI: UISession::sltAdditionsChange: GA state really changed, notifying listeners.
00:01:04.373619 GUI: UIMachineViewNormal::adjustGuestScreenSize: Adjust guest-screen size if necessary.
00:01:04.373632 GUI: UISession::sltAdditionsChange: GA state change event came, notifying listeners.
00:01:04.373640 GUI: UIMachineLogicNormal::sltCheckForRequestedVisualStateType: Requested-state=0, Machine-state=5
00:01:04.452326 VMMDev: Guest Log: 00:00:00.085230 automount vbsvcAutoMountWorker: Shared folder 'Google_Drive' was mounted to '/media/sf_Google_Drive'
00:01:04.781151 VMMDev: Guest Log: 00:00:00.414135 automount vbsvcAutoMountWorker: Shared folder 'projects' was mounted to '/media/sf_projects'
00:01:10.881766 GUI: UISession::sltAdditionsChange: GA state really changed, notifying listeners.
00:01:10.881857 GUI: UIMachineViewNormal::adjustGuestScreenSize: Adjust guest-screen size if necessary.
00:01:10.881872 GUI: UISession::sltAdditionsChange: GA state change event came, notifying listeners.
00:01:10.881896 GUI: UIMachineLogicNormal::sltCheckForRequestedVisualStateType: Requested-state=0, Machine-state=5
00:01:11.783825 VBVA: InfoScreen: [0] @0,0 1920x1134, line 0x1e00, BPP 32, flags 0x1
00:01:11.783860 Display::handleDisplayResize: uScreenId=0 pvVRAM=000000011870d000 w=1920 h=1134 bpp=32 cbLine=0x1E00 flags=0x1
00:01:11.783895 GUI: UIFrameBufferPrivate::NotifyChange: Screen=0, Origin=0x0, Size=1920x1134, Sending to async-handler
00:01:11.783972 GUI: UIMachineView::sltHandleNotifyChange: Screen=0, Size=1920x1134
00:01:11.783982 GUI: UIFrameBufferPrivate::handleNotifyChange: Size=1920x1134
00:01:11.783994 GUI: UIFrameBufferPrivate::performResize: Size=1920x1134, Directly using source bitmap content
00:01:11.799984 GUI: UIMachineView::storeGuestSizeHint: Storing guest-screen size-hint for screen 0 as 1920x1134
00:01:39.811243 VBVA: InfoScreen: [0] @0,0 800x600, line 0xc80, BPP 32, flags 0x1
00:01:39.823619 Display::handleDisplayResize: uScreenId=0 pvVRAM=0000000118363000 w=800 h=600 bpp=32 cbLine=0xC80 flags=0x1
00:01:39.823670 GUI: UIFrameBufferPrivate::NotifyChange: Screen=0, Origin=0x0, Size=800x600, Sending to async-handler
00:01:39.823755 GUI: UIMachineView::sltHandleNotifyChange: Screen=0, Size=800x600
00:01:39.823779 GUI: UIFrameBufferPrivate::handleNotifyChange: Size=800x600
00:01:39.823798 GUI: UIFrameBufferPrivate::performResize: Size=800x600, Directly using source bitmap content
00:01:39.844404 GUI: UIMachineView::storeGuestSizeHint: Storing guest-screen size-hint for screen 0 as 800x600
00:01:43.069443 GUI: UISession::sltAdditionsChange: GA state change event came, notifying listeners.
00:01:43.069472 GUI: UIMachineLogicNormal::sltCheckForRequestedVisualStateType: Requested-state=0, Machine-state=5
00:01:43.069519 GUI: UISession::sltAdditionsChange: GA state change event came, notifying listeners.
00:01:43.069529 GUI: UIMachineLogicNormal::sltCheckForRequestedVisualStateType: Requested-state=0, Machine-state=5
00:01:43.083228 GUI: UIMediumEnumerator: Medium-enumeration finished!
00:01:45.913072 VBVA: InfoScreen: [0] @0,0 1920x1134, line 0x1e00, BPP 32, flags 0x1
00:01:45.913108 Display::handleDisplayResize: uScreenId=0 pvVRAM=0000000118f5c000 w=1920 h=1134 bpp=32 cbLine=0x1E00 flags=0x1
00:01:45.913144 GUI: UIFrameBufferPrivate::NotifyChange: Screen=0, Origin=0x0, Size=1920x1134, Sending to async-handler
00:01:45.913231 GUI: UIMachineView::sltHandleNotifyChange: Screen=0, Size=1920x1134
00:01:45.913240 GUI: UIFrameBufferPrivate::handleNotifyChange: Size=1920x1134
00:01:45.913253 GUI: UIFrameBufferPrivate::performResize: Size=1920x1134, Directly using source bitmap content
00:01:45.927973 GUI: UIMachineView::storeGuestSizeHint: Storing guest-screen size-hint for screen 0 as 1920x1134
00:01:47.989018 VMMDev: Guest Additions capability report: (0x0 -> 0x1) seamless: yes, hostWindowMapping: no, graphics: no
00:01:48.971542 GUI: UISession::sltAdditionsChange: GA state really changed, notifying listeners.
00:01:48.971600 GUI: UIMachineViewNormal::adjustGuestScreenSize: Adjust guest-screen size if necessary.
00:01:48.971611 GUI: UISession::sltAdditionsChange: GA state change event came, notifying listeners.
00:01:48.971618 GUI: UIMachineLogicNormal::sltCheckForRequestedVisualStateType: Requested-state=0, Machine-state=5
00:01:49.001233 GUI: UIMediumEnumerator: Medium-enumeration finished!
=========================================================================
