=========================================================================
System specific

---- uname -a
Darwin hermes.lan 18.0.0 Darwin Kernel Version 18.0.0: Wed Aug 22 20:13:40 PDT 2018; root:xnu-4903.201.2~1/RELEASE_X86_64 x86_64

---- id
uid=501(preston) gid=20(staff) groups=20(staff),401(com.apple.sharepoint.group.1),12(everyone),61(localaccounts),79(_appserverusr),80(admin),81(_appserveradm),98(_lpadmin),701(com.apple.sharepoint.group.2),33(_appstore),100(_lpoperator),204(_developer),250(_analyticsusers),395(com.apple.access_ftp),398(com.apple.access_screensharing),399(com.apple.access_ssh)

---- ioreg (MacOS)
+-o Root  <class IORegistryEntry, id 0x100000100, retain 16>
  +-o AppleUSBXHCI Root Hub Simulation@00000000  <class AppleUSBRootHubDevice, id 0x10000035d, registered, matched, active, busy 0 (26 ms), retain 18>
  | +-o My Passport 25E2@00600000  <class AppleUSBDevice, id 0x10000035f, registered, matched, active, busy 0 (324 ms), retain 20>
  | +-o IOUSBHostDevice@00100000  <class AppleUSBDevice, id 0x1000003a1, registered, matched, active, busy 0 (180 ms), retain 22>
  | | +-o IOUSBHostDevice@00110000  <class AppleUSBDevice, id 0x1000003b3, registered, matched, active, busy 0 (205 ms), retain 22>
  | | | +-o USB Receiver@00111000  <class AppleUSBDevice, id 0x1000003e2, registered, matched, active, busy 0 (616 ms), retain 27>
  | | | +-o IOUSBHostDevice@00112000  <class AppleUSBDevice, id 0x100000408, registered, matched, active, busy 0 (288 ms), retain 22>
  | | |   +-o IOUSBHostDevice@00112100  <class AppleUSBDevice, id 0x10000043b, registered, matched, active, busy 0 (174 ms), retain 21>
  | | |   | +-o Logitech Illuminated Keyboard@00112110  <class AppleUSBDevice, id 0x1000004a9, registered, matched, active, busy 0 (373 ms), retain 22>
  | | |   +-o USB2223@00112200  <class AppleUSBDevice, id 0x10000045e, registered, matched, active, busy 0 (292 ms), retain 20>
  | | +-o USB2223@00120000  <class AppleUSBDevice, id 0x1000003ca, registered, matched, active, busy 0 (325 ms), retain 20>
  | +-o USB audio CODEC@00400000  <class AppleUSBDevice, id 0x100000471, registered, matched, active, busy 0 (455 ms), retain 24>
  | +-o Mojo V3@00300000  <class AppleUSBDevice, id 0x100017258, registered, matched, active, busy 0 (72 ms), retain 31>
  |     {
  |       "sessionID" = 344506990533084
  |       "iManufacturer" = 1
  |       "bNumConfigurations" = 1
  |       "idProduct" = 32769
  |       "bcdDevice" = 256
  |       "Bus Power Available" = 250
  |       "USB Address" = 12
  |       "bMaxPacketSize0" = 64
  |       "iProduct" = 2
  |       "iSerialNumber" = 0
  |       "bDeviceClass" = 2
  |       "Built-In" = No
  |       "locationID" = 3145728
  |       "bDeviceSubClass" = 0
  |       "bcdUSB" = 512
  |       "USB Product Name" = "Mojo V3"
  |       "PortNum" = 3
  |       "non-removable" = "no"
  |       "IOCFPlugInTypes" = {"9dc7b780-9ec0-11d4-a54f-000a27052861"="IOUSBFamily.kext/Contents/PlugIns/IOUSBLib.bundle"}
  |       "bDeviceProtocol" = 0
  |       "IOUserClientClass" = "IOUSBDeviceUserClientV2"
  |       "IOPowerManagement" = {"DevicePowerState"=0,"CurrentPowerState"=3,"CapabilityFlags"=65536,"MaxPowerState"=4,"DriverPowerState"=3}
  |       "kUSBCurrentConfiguration" = 1
  |       "Device Speed" = 1
  |       "USB Vendor Name" = "Embedded Micro"
  |       "idVendor" = 10717
  |       "IOGeneralInterest" = "IOCommand is not serializable"
  |       "IOClassNameOverride" = "IOUSBDevice"
  |     }
  |     
  +-o AppleUSBXHCI Root Hub Simulation@14000000  <class AppleUSBRootHubDevice, id 0x100000373, registered, matched, active, busy 0 (40 ms), retain 13>
    +-o BRCM20702 Hub@14300000  <class AppleUSBDevice, id 0x1000003dd, registered, matched, active, busy 0 (166 ms), retain 21>
    | +-o Bluetooth USB Host Controller@14330000  <class AppleUSBDevice, id 0x10000041e, registered, matched, active, busy 0 (230 ms), retain 26>
    +-o Apple Internal Keyboard / Trackpad@14400000  <class AppleUSBDevice, id 0x100000477, registered, matched, active, busy 0 (433 ms), retain 24>

=========================================================================
VBoxManage -- host specific

---- version
5.2.22r126460

---- extpacks
Extension Packs: 1
Pack no. 0:   Oracle VM VirtualBox Extension Pack
Version:      5.2.22
Revision:     126460
Edition:      
Description:  USB 2.0 and USB 3.0 Host Controller, Host Webcam, VirtualBox RDP, PXE ROM, Disk Encryption, NVMe.
VRDE Module:  VBoxVRDP
Usable:       true 
Why unusable: 

---- usbhost
Host USB Devices:

UUID:               2f37d81a-3666-4f30-97f4-0d5b98e10531
VendorId:           0x29dd (29DD)
ProductId:          0x8001 (8001)
Revision:           1.0 (0100)
Port:               3
USB version/speed:  0/Full
Manufacturer:       Embedded Micro
Product:            Mojo V3
Address:            p=0x8001;v=0x29dd;s=0x00013953c8cb19dc;l=0x00300000
Current State:      Captured

UUID:               9d9df74b-8dd7-4b9c-bf0d-e324f9cb27b3
VendorId:           0x1058 (1058)
ProductId:          0x25e2 (25E2)
Revision:           64.5 (6405)
Port:               6
USB version/speed:  0/Super
Manufacturer:       Western Digital
Product:            My Passport 25E2
SerialNumber:       575833314533383531415653
Address:            p=0x25e2;v=0x1058;s=0x00000000553a5fd4;l=0x00600000
Current State:      Unavailable

UUID:               90482ce7-96af-473a-85ee-0cc8d1448834
VendorId:           0x08bb (08BB)
ProductId:          0x2912 (2912)
Revision:           1.0 (0100)
Port:               4
USB version/speed:  0/Full
Manufacturer:       Burr-Brown from TI
Product:            USB audio CODEC
Address:            p=0x2912;v=0x08bb;s=0x00000000c4c3aa23;l=0x00400000
Current State:      Busy

UUID:               92d78ac9-ec16-46b2-b5a2-819ee236f5c6
VendorId:           0x05ac (05AC)
ProductId:          0x8289 (8289)
Revision:           1.70 (0170)
Port:               3
USB version/speed:  0/Full
Manufacturer:       Apple Inc.
Product:            Bluetooth USB Host Controller
Address:            p=0x8289;v=0x05ac;s=0x00000000b56e428c;l=0x14330000
Current State:      Available

UUID:               89bb241c-2ef3-428d-ae47-5732abd99493
VendorId:           0x05ac (05AC)
ProductId:          0x0262 (0262)
Revision:           2.37 (0237)
Port:               4
USB version/speed:  0/Full
Manufacturer:       Apple Inc.
Product:            Apple Internal Keyboard / Trackpad
Address:            p=0x0262;v=0x05ac;s=0x00000000c4e97c9a;l=0x14400000
Current State:      Unavailable

UUID:               df6f2bab-906a-430f-ae5f-46d898bdf498
VendorId:           0x046d (046D)
ProductId:          0xc52b (C52B)
Revision:           18.3 (1803)
Port:               1
USB version/speed:  0/Full
Manufacturer:       Logitech
Product:            USB Receiver
Address:            p=0xc52b;v=0x046d;s=0x00000000a6ff5dfc;l=0x00111000
Current State:      Busy

UUID:               71bd7514-637e-40bb-8cc0-73b45b35c568
VendorId:           0x046d (046D)
ProductId:          0xc318 (C318)
Revision:           85.0 (8500)
Port:               1
USB version/speed:  0/Full
Manufacturer:       Logitech
Product:            Logitech Illuminated Keyboard
Address:            p=0xc318;v=0x046d;s=0x00000000c8602446;l=0x00112110
Current State:      Busy

UUID:               f541b651-3704-4db8-8667-0334498c545e
VendorId:           0x0424 (0424)
ProductId:          0x223a (223A)
Revision:           3.96 (0396)
Port:               2
USB version/speed:  0/High
Manufacturer:       SMSC
Product:            USB2223
SerialNumber:       000223223223
Address:            p=0x223a;v=0x0424;s=0x00000000c03a86b8;l=0x00112200
Current State:      Available

UUID:               84514d06-9922-4175-a3aa-f61a8f03d200
VendorId:           0x0424 (0424)
ProductId:          0x223a (223A)
Revision:           3.96 (0396)
Port:               2
USB version/speed:  0/High
Manufacturer:       SMSC
Product:            USB2223
SerialNumber:       000223223223
Address:            p=0x223a;v=0x0424;s=0x000000009f27f40b;l=0x00120000
Current State:      Available

---- usbfilters
Global USB Device Filters:

<none>

---- vms
"FPGA development" {367a84af-9780-4178-8645-25eb60f5f335}
"w10" {8adf36b7-bfb0-4f19-97e6-2d3cfba39b0e}

---- showvminfo
Name:            FPGA development
Groups:          /
Guest OS:        Ubuntu (64-bit)
UUID:            367a84af-9780-4178-8645-25eb60f5f335
Config file:     /Volumes/My Passport/VirtualBox VMs/FPGA development/FPGA development.vbox
Snapshot folder: /Volumes/My Passport/VirtualBox VMs/FPGA development/Snapshots
Log folder:      /Volumes/My Passport/VirtualBox VMs/FPGA development/Logs
Hardware UUID:   367a84af-9780-4178-8645-25eb60f5f335
Memory size:     4096MB
Page Fusion:     off
VRAM size:       64MB
CPU exec cap:    100%
HPET:            off
Chipset:         piix3
Firmware:        BIOS
Number of CPUs:  4
PAE:             off
Long Mode:       on
Triple Fault Reset: off
APIC:            on
X2APIC:          on
CPUID Portability Level: 0
CPUID overrides: None
Boot menu mode:  message and menu
Boot Device (1): DVD
Boot Device (2): HardDisk
Boot Device (3): Not Assigned
Boot Device (4): Not Assigned
ACPI:            on
IOAPIC:          on
BIOS APIC mode:  APIC
Time offset:     0ms
RTC:             UTC
Hardw. virt.ext: on
Nested Paging:   on
Large Pages:     on
VT-x VPID:       on
VT-x unr. exec.: on
Paravirt. Provider: Default
Effective Paravirt. Provider: KVM
State:           running (since 2018-12-31T03:33:57.685000000)
Monitor count:   1
3D Acceleration: off
2D Video Acceleration: off
Teleporter Enabled: off
Teleporter Port: 0
Teleporter Address: 
Teleporter Password: 
Tracing Enabled: off
Allow Tracing to Access VM: off
Tracing Configuration: 
Autostart Enabled: off
Autostart Delay: 0
Default Frontend: 
Storage Controller Name (0):            IDE
Storage Controller Type (0):            PIIX4
Storage Controller Instance Number (0): 0
Storage Controller Max Port Count (0):  2
Storage Controller Port Count (0):      2
Storage Controller Bootable (0):        on
Storage Controller Name (1):            SATA
Storage Controller Type (1):            IntelAhci
Storage Controller Instance Number (1): 0
Storage Controller Max Port Count (1):  30
Storage Controller Port Count (1):      1
Storage Controller Bootable (1):        on
IDE (1, 0): Empty
SATA (0, 0): /Volumes/My Passport/VirtualBox VMs/FPGA development/FPGA development.vdi (UUID: 22873932-052d-4c3c-a321-2ff01b133b75)
NIC 1:           MAC: 080027D49980, Attachment: Bridged Interface 'en6: Thunderbolt Ethernet Slot 1', Cable connected: on, Trace: off (file: none), Type: 82540EM, Reported speed: 0 Mbps, Boot priority: 0, Promisc Policy: deny, Bandwidth group: none
NIC 2:           disabled
NIC 3:           disabled
NIC 4:           disabled
NIC 5:           disabled
NIC 6:           disabled
NIC 7:           disabled
NIC 8:           disabled
Pointing Device: USB Tablet
Keyboard Device: PS/2 Keyboard
UART 1:          disabled
UART 2:          disabled
UART 3:          disabled
UART 4:          disabled
LPT 1:           disabled
LPT 2:           disabled
Audio:           disabled
Audio playback:  disabled
Audio capture: enabled
Clipboard Mode:  disabled
Drag and drop Mode: disabled
Session name:    GUI/Qt
Video mode:      1920x1134x32 at 0,0 enabled
VRDE:            disabled
USB:             enabled
EHCI:            enabled
XHCI:            disabled

USB Device Filters:

Index:            0
Active:           yes
Name:             Embedded Micro Mojo V3 [0100]
VendorId:         29dd
ProductId:        8001
Revision:         0100
Manufacturer:     Embedded Micro
Product:          Mojo V3
Remote:           0
Serial Number:    

Available remote USB devices:

<none>

Currently Attached USB Devices:

UUID:               2f37d81a-3666-4f30-97f4-0d5b98e10531
VendorId:           0x29dd (29DD)
ProductId:          0x8001 (8001)
Revision:           1.0 (0100)
Manufacturer:       Embedded Micro
Product:            Mojo V3
Address:            p=0x8001;v=0x29dd;s=0x00013953c8cb19dc;l=0x00300000

Bandwidth groups:  <none>

Shared folders:  

Name: 'projects', Host path: '/Users/preston/projects' (machine mapping), writable
Name: 'Google_Drive', Host path: '/Users/preston/Google Drive' (machine mapping), writable

VRDE Connection:    not active
Clients so far:     0

Capturing:          not active
Capture audio:      not active
Capture screens:    0
Capture file:       /Volumes/My Passport/VirtualBox VMs/FPGA development/FPGA development.webm
Capture dimensions: 1024x768
Capture rate:       512 kbps
Capture FPS:        25
Capture options:    ac_enabled=false

Guest:

Configured memory balloon size:      0 MB
OS type:                             Linux26_64
Additions run level:                 2
Additions version:                   5.2.22 r126460


Guest Facilities:

Facility "VirtualBox Base Driver": active/running (last update: 2018/12/31 03:34:34 UTC)
Facility "VirtualBox System Service": active/running (last update: 2018/12/31 03:34:55 UTC)
Facility "Seamless Mode": active/running (last update: 2018/12/31 03:34:34 UTC)
Facility "Graphics Mode": active/running (last update: 2018/12/31 03:34:34 UTC)

=========================================================================
Capture the latest log from the VM.

VirtualBox VM 5.2.22 r126460 darwin.amd64 (Nov  8 2018 20:49:20) release log
00:00:04.058390 Log opened 2018-12-31T03:33:57.361867000Z
00:00:04.058391 Build Type: release
00:00:04.058408 OS Product: Darwin
00:00:04.058417 OS Release: 18.0.0
00:00:04.058425 OS Version: Darwin Kernel Version 18.0.0: Wed Aug 22 20:13:40 PDT 2018; root:xnu-4903.201.2~1/RELEASE_X86_64
00:00:04.058546 DMI Product Name: MacBookPro11,3
00:00:04.058607 DMI Product Version: 1.0
00:00:04.058617 Host RAM: 16384MB (16.0GB) total, 8476MB (8.2GB) available
00:00:04.058620 Executable: /Applications/VirtualBox.app/Contents/MacOS/VirtualBoxVM
00:00:04.058621 Process ID: 73066
00:00:04.058622 Package type: DARWIN_64BITS_GENERIC
00:00:04.061617 Installed Extension Packs:
00:00:04.061645   Oracle VM VirtualBox Extension Pack (Version: 5.2.22 r126460; VRDE Module: VBoxVRDP)
00:00:04.063053 Console: Machine state changed to 'Starting'
00:00:04.063407 Qt version: 5.6.3
00:00:04.076422 SUP: Loaded VMMR0.r0 (/Applications/VirtualBox.app/Contents/MacOS/VMMR0.r0) at 0xXXXXXXXXXXXXXXXX - ModuleInit at XXXXXXXXXXXXXXXX and ModuleTerm at XXXXXXXXXXXXXXXX
00:00:04.076422 SUP: VMMR0EntryEx located at XXXXXXXXXXXXXXXX and VMMR0EntryFast at XXXXXXXXXXXXXXXX
00:00:04.079901 Guest OS type: 'Ubuntu_64'
00:00:04.084828 fHMForced=true - No raw-mode support in this build!
00:00:04.105362 File system of '/Volumes/My Passport/VirtualBox VMs/FPGA development/Snapshots' (snapshots) is unknown
00:00:04.105391 File system of '/Volumes/My Passport/VirtualBox VMs/FPGA development/FPGA development.vdi' is unknown
00:00:04.149462 Shared clipboard service loaded
00:00:04.149498 Shared clipboard mode: Off
00:00:04.151583 Drag and drop service loaded
00:00:04.151607 Drag and drop mode: Off
00:00:04.155127 Guest Control service loaded
00:00:04.162383 ************************* CFGM dump *************************
00:00:04.162395 [/] (level 0)
00:00:04.162400   CpuExecutionCap   <integer> = 0x0000000000000064 (100)
00:00:04.162409   EnablePAE         <integer> = 0x0000000000000000 (0)
00:00:04.162411   HMEnabled         <integer> = 0x0000000000000001 (1)
00:00:04.162412   MemBalloonSize    <integer> = 0x0000000000000000 (0)
00:00:04.162413   Name              <string>  = "FPGA development" (cb=17)
00:00:04.162415   NumCPUs           <integer> = 0x0000000000000004 (4)
00:00:04.162416   PageFusionAllowed <integer> = 0x0000000000000000 (0)
00:00:04.162417   RamHoleSize       <integer> = 0x0000000020000000 (536 870 912, 512 MB)
00:00:04.162420   RamSize           <integer> = 0x0000000100000000 (4 294 967 296, 4 096 MB, 4.0 GB)
00:00:04.162423   TimerMillies      <integer> = 0x000000000000000a (10)
00:00:04.162424   UUID              <bytes>   = "af 84 7a 36 80 97 78 41 86 45 25 eb 60 f5 f3 35" (cb=16)
00:00:04.162455 
00:00:04.162458 [/CPUM/] (level 1)
00:00:04.162460   GuestCpuName       <string>  = "host" (cb=5)
00:00:04.162462   PortableCpuIdLevel <integer> = 0x0000000000000000 (0)
00:00:04.162463   SpecCtrl           <integer> = 0x0000000000000000 (0)
00:00:04.162464 
00:00:04.162465 [/DBGC/] (level 1)
00:00:04.162466   GlobalInitScript <string>  = "/Users/preston/Library/VirtualBox/dbgc-init" (cb=44)
00:00:04.162467   HistoryFile      <string>  = "/Users/preston/Library/VirtualBox/dbgc-history" (cb=47)
00:00:04.162468   LocalInitScript  <string>  = "/Volumes/My Passport/VirtualBox VMs/FPGA development/dbgc-init" (cb=63)
00:00:04.162468 
00:00:04.162469 [/DBGF/] (level 1)
00:00:04.162470   Path <string>  = "/Volumes/My Passport/VirtualBox VMs/FPGA development/debug/;/Volumes/My Passport/VirtualBox VMs/FPGA development/;/Users/preston/" (cb=130)
00:00:04.162471 
00:00:04.162471 [/Devices/] (level 1)
00:00:04.162472 
00:00:04.162472 [/Devices/8237A/] (level 2)
00:00:04.162473 
00:00:04.162474 [/Devices/8237A/0/] (level 3)
00:00:04.162475   Trusted <integer> = 0x0000000000000001 (1)
00:00:04.162476 
00:00:04.162476 [/Devices/GIMDev/] (level 2)
00:00:04.162477 
00:00:04.162477 [/Devices/GIMDev/0/] (level 3)
00:00:04.162478   Trusted <integer> = 0x0000000000000001 (1)
00:00:04.162479 
00:00:04.162479 [/Devices/VMMDev/] (level 2)
00:00:04.162480 
00:00:04.162480 [/Devices/VMMDev/0/] (level 3)
00:00:04.162482   PCIBusNo      <integer> = 0x0000000000000000 (0)
00:00:04.162482   PCIDeviceNo   <integer> = 0x0000000000000004 (4)
00:00:04.162483   PCIFunctionNo <integer> = 0x0000000000000000 (0)
00:00:04.162484   Trusted       <integer> = 0x0000000000000001 (1)
00:00:04.162485 
00:00:04.162485 [/Devices/VMMDev/0/Config/] (level 4)
00:00:04.162486   GuestCoreDumpDir <string>  = "/Volumes/My Passport/VirtualBox VMs/FPGA development/Snapshots" (cb=63)
00:00:04.162487 
00:00:04.162487 [/Devices/VMMDev/0/LUN#0/] (level 4)
00:00:04.162488   Driver <string>  = "HGCM" (cb=5)
00:00:04.162489 
00:00:04.162489 [/Devices/VMMDev/0/LUN#0/Config/] (level 5)
00:00:04.162491   Object <integer> = 0x00007fb920305c70 (140 433 085 717 616)
00:00:04.162492 
00:00:04.162493 [/Devices/VMMDev/0/LUN#999/] (level 4)
00:00:04.162494   Driver <string>  = "MainStatus" (cb=11)
00:00:04.162495 
00:00:04.162495 [/Devices/VMMDev/0/LUN#999/Config/] (level 5)
00:00:04.162496   First   <integer> = 0x0000000000000000 (0)
00:00:04.162497   Last    <integer> = 0x0000000000000000 (0)
00:00:04.162498   papLeds <integer> = 0x00007fb91f864ba8 (140 433 074 572 200)
00:00:04.162510 
00:00:04.162511 [/Devices/acpi/] (level 2)
00:00:04.162513 
00:00:04.162513 [/Devices/acpi/0/] (level 3)
00:00:04.162515   PCIBusNo      <integer> = 0x0000000000000000 (0)
00:00:04.162516   PCIDeviceNo   <integer> = 0x0000000000000007 (7)
00:00:04.162517   PCIFunctionNo <integer> = 0x0000000000000000 (0)
00:00:04.162518   Trusted       <integer> = 0x0000000000000001 (1)
00:00:04.162520 
00:00:04.162520 [/Devices/acpi/0/Config/] (level 4)
00:00:04.162523   CpuHotPlug          <integer> = 0x0000000000000000 (0)
00:00:04.162524   FdcEnabled          <integer> = 0x0000000000000000 (0)
00:00:04.162525   HostBusPciAddress   <integer> = 0x0000000000000000 (0)
00:00:04.162526   HpetEnabled         <integer> = 0x0000000000000000 (0)
00:00:04.162527   IOAPIC              <integer> = 0x0000000000000001 (1)
00:00:04.162529   IocPciAddress       <integer> = 0x0000000000010000 (65 536)
00:00:04.162530   NumCPUs             <integer> = 0x0000000000000004 (4)
00:00:04.162532   Parallel0IoPortBase <integer> = 0x0000000000000000 (0)
00:00:04.162533   Parallel0Irq        <integer> = 0x0000000000000000 (0)
00:00:04.162534   Parallel1IoPortBase <integer> = 0x0000000000000000 (0)
00:00:04.162535   Parallel1Irq        <integer> = 0x0000000000000000 (0)
00:00:04.162536   Serial0IoPortBase   <integer> = 0x0000000000000000 (0)
00:00:04.162537   Serial0Irq          <integer> = 0x0000000000000000 (0)
00:00:04.162538   Serial1IoPortBase   <integer> = 0x0000000000000000 (0)
00:00:04.162540   Serial1Irq          <integer> = 0x0000000000000000 (0)
00:00:04.162541   ShowCpu             <integer> = 0x0000000000000001 (1)
00:00:04.162542   ShowRtc             <integer> = 0x0000000000000000 (0)
00:00:04.162544   SmcEnabled          <integer> = 0x0000000000000000 (0)
00:00:04.162545 
00:00:04.162546 [/Devices/acpi/0/LUN#0/] (level 4)
00:00:04.162547   Driver <string>  = "ACPIHost" (cb=9)
00:00:04.162549 
00:00:04.162549 [/Devices/acpi/0/LUN#0/Config/] (level 5)
00:00:04.162551 
00:00:04.162552 [/Devices/acpi/0/LUN#1/] (level 4)
00:00:04.162553   Driver <string>  = "ACPICpu" (cb=8)
00:00:04.162554 
00:00:04.162555 [/Devices/acpi/0/LUN#1/Config/] (level 5)
00:00:04.162556 
00:00:04.162557 [/Devices/acpi/0/LUN#2/] (level 4)
00:00:04.162567   Driver <string>  = "ACPICpu" (cb=8)
00:00:04.162568 
00:00:04.162569 [/Devices/acpi/0/LUN#2/Config/] (level 5)
00:00:04.162571 
00:00:04.162571 [/Devices/acpi/0/LUN#3/] (level 4)
00:00:04.162573   Driver <string>  = "ACPICpu" (cb=8)
00:00:04.162574 
00:00:04.162574 [/Devices/acpi/0/LUN#3/Config/] (level 5)
00:00:04.162576 
00:00:04.162577 [/Devices/ahci/] (level 2)
00:00:04.162578 
00:00:04.162579 [/Devices/ahci/0/] (level 3)
00:00:04.162580   PCIBusNo      <integer> = 0x0000000000000000 (0)
00:00:04.162582   PCIDeviceNo   <integer> = 0x000000000000000d (13)
00:00:04.162583   PCIFunctionNo <integer> = 0x0000000000000000 (0)
00:00:04.162584   Trusted       <integer> = 0x0000000000000001 (1)
00:00:04.162585 
00:00:04.162585 [/Devices/ahci/0/Config/] (level 4)
00:00:04.162587   Bootable  <integer> = 0x0000000000000001 (1)
00:00:04.162587   PortCount <integer> = 0x0000000000000001 (1)
00:00:04.162588 
00:00:04.162588 [/Devices/ahci/0/Config/Port0/] (level 5)
00:00:04.162590   Hotpluggable <integer> = 0x0000000000000000 (0)
00:00:04.162590 
00:00:04.162591 [/Devices/ahci/0/LUN#0/] (level 4)
00:00:04.162592   Driver <string>  = "VD" (cb=3)
00:00:04.162593 
00:00:04.162593 [/Devices/ahci/0/LUN#0/Config/] (level 5)
00:00:04.162594   BlockCache <integer> = 0x0000000000000001 (1)
00:00:04.162595   Format     <string>  = "VDI" (cb=4)
00:00:04.162596   Mountable  <integer> = 0x0000000000000000 (0)
00:00:04.162597   Path       <string>  = "/Volumes/My Passport/VirtualBox VMs/FPGA development/FPGA development.vdi" (cb=74)
00:00:04.162598   Type       <string>  = "HardDisk" (cb=9)
00:00:04.162598   UseNewIo   <integer> = 0x0000000000000001 (1)
00:00:04.162599 
00:00:04.162600 [/Devices/ahci/0/LUN#0/Config/Plugins/] (level 6)
00:00:04.162601 
00:00:04.162601 [/Devices/ahci/0/LUN#0/Config/Plugins/VDPluginCrypt/] (level 7)
00:00:04.162603   Path <string>  = "/Applications/VirtualBox.app/Contents/MacOS/ExtensionPacks/Oracle_VM_VirtualBox_Extension_Pack/darwin.amd64/VDPluginCrypt.dylib" (cb=128)
00:00:04.162604 
00:00:04.162604 [/Devices/ahci/0/LUN#999/] (level 4)
00:00:04.162605   Driver <string>  = "MainStatus" (cb=11)
00:00:04.162606 
00:00:04.162606 [/Devices/ahci/0/LUN#999/Config/] (level 5)
00:00:04.162608   DeviceInstance        <string>  = "ahci/0" (cb=7)
00:00:04.162609   First                 <integer> = 0x0000000000000000 (0)
00:00:04.162609   Last                  <integer> = 0x0000000000000000 (0)
00:00:04.162611   pConsole              <integer> = 0x00007fb91f864400 (140 433 074 570 240)
00:00:04.162612   papLeds               <integer> = 0x00007fb91f8647a8 (140 433 074 571 176)
00:00:04.162614   pmapMediumAttachments <integer> = 0x00007fb91f864bc8 (140 433 074 572 232)
00:00:04.162615 
00:00:04.162615 [/Devices/apic/] (level 2)
00:00:04.162616 
00:00:04.162617 [/Devices/apic/0/] (level 3)
00:00:04.162617   Trusted <integer> = 0x0000000000000001 (1)
00:00:04.162618 
00:00:04.162618 [/Devices/apic/0/Config/] (level 4)
00:00:04.162620   IOAPIC  <integer> = 0x0000000000000001 (1)
00:00:04.162620   Mode    <integer> = 0x0000000000000003 (3)
00:00:04.162621   NumCPUs <integer> = 0x0000000000000004 (4)
00:00:04.162622 
00:00:04.162622 [/Devices/e1000/] (level 2)
00:00:04.162623 
00:00:04.162623 [/Devices/e1000/0/] (level 3)
00:00:04.162625   PCIBusNo      <integer> = 0x0000000000000000 (0)
00:00:04.162625   PCIDeviceNo   <integer> = 0x0000000000000003 (3)
00:00:04.162626   PCIFunctionNo <integer> = 0x0000000000000000 (0)
00:00:04.162627   Trusted       <integer> = 0x0000000000000001 (1)
00:00:04.162627 
00:00:04.162628 [/Devices/e1000/0/Config/] (level 4)
00:00:04.162629   AdapterType    <integer> = 0x0000000000000000 (0)
00:00:04.162630   CableConnected <integer> = 0x0000000000000001 (1)
00:00:04.162631   LineSpeed      <integer> = 0x0000000000000000 (0)
00:00:04.162631   MAC            <bytes>   = "08 00 27 d4 99 80" (cb=6)
00:00:04.162633 
00:00:04.162634 [/Devices/e1000/0/LUN#0/] (level 4)
00:00:04.162635   Driver <string>  = "IntNet" (cb=7)
00:00:04.162636 
00:00:04.162636 [/Devices/e1000/0/LUN#0/Config/] (level 5)
00:00:04.162638   IfPolicyPromisc      <string>  = "deny" (cb=5)
00:00:04.162638   IgnoreConnectFailure <integer> = 0x0000000000000000 (0)
00:00:04.162639   Network              <string>  = "HostInterfaceNetworking-en6" (cb=28)
00:00:04.162640   Trunk                <string>  = "en6" (cb=4)
00:00:04.162641   TrunkType            <integer> = 0x0000000000000003 (3)
00:00:04.162642 
00:00:04.162642 [/Devices/e1000/0/LUN#999/] (level 4)
00:00:04.162643   Driver <string>  = "MainStatus" (cb=11)
00:00:04.162644 
00:00:04.162644 [/Devices/e1000/0/LUN#999/Config/] (level 5)
00:00:04.162646   First   <integer> = 0x0000000000000000 (0)
00:00:04.162646   Last    <integer> = 0x0000000000000000 (0)
00:00:04.162647   papLeds <integer> = 0x00007fb91f864a88 (140 433 074 571 912)
00:00:04.162648 
00:00:04.162649 [/Devices/i8254/] (level 2)
00:00:04.162650 
00:00:04.162650 [/Devices/i8254/0/] (level 3)
00:00:04.162651 
00:00:04.162651 [/Devices/i8254/0/Config/] (level 4)
00:00:04.162652 
00:00:04.162652 [/Devices/i8259/] (level 2)
00:00:04.162653 
00:00:04.162654 [/Devices/i8259/0/] (level 3)
00:00:04.162654   Trusted <integer> = 0x0000000000000001 (1)
00:00:04.162655 
00:00:04.162656 [/Devices/i8259/0/Config/] (level 4)
00:00:04.162656 
00:00:04.162657 [/Devices/ioapic/] (level 2)
00:00:04.162658 
00:00:04.162658 [/Devices/ioapic/0/] (level 3)
00:00:04.162659   Trusted <integer> = 0x0000000000000001 (1)
00:00:04.162660 
00:00:04.162660 [/Devices/ioapic/0/Config/] (level 4)
00:00:04.162661   NumCPUs <integer> = 0x0000000000000004 (4)
00:00:04.162662 
00:00:04.162662 [/Devices/mc146818/] (level 2)
00:00:04.162663 
00:00:04.162663 [/Devices/mc146818/0/] (level 3)
00:00:04.162664 
00:00:04.162664 [/Devices/mc146818/0/Config/] (level 4)
00:00:04.162665   UseUTC <integer> = 0x0000000000000001 (1)
00:00:04.162666 
00:00:04.162666 [/Devices/parallel/] (level 2)
00:00:04.162667 
00:00:04.162668 [/Devices/pcarch/] (level 2)
00:00:04.162669 
00:00:04.162669 [/Devices/pcarch/0/] (level 3)
00:00:04.162670   Trusted <integer> = 0x0000000000000001 (1)
00:00:04.162671 
00:00:04.162671 [/Devices/pcarch/0/Config/] (level 4)
00:00:04.162672 
00:00:04.162672 [/Devices/pcbios/] (level 2)
00:00:04.162673 
00:00:04.162673 [/Devices/pcbios/0/] (level 3)
00:00:04.162674   Trusted <integer> = 0x0000000000000001 (1)
00:00:04.162675 
00:00:04.162675 [/Devices/pcbios/0/Config/] (level 4)
00:00:04.162677   APIC               <integer> = 0x0000000000000001 (1)
00:00:04.162678   BootDevice0        <string>  = "DVD" (cb=4)
00:00:04.162679   BootDevice1        <string>  = "IDE" (cb=4)
00:00:04.162679   BootDevice2        <string>  = "NONE" (cb=5)
00:00:04.162680   BootDevice3        <string>  = "NONE" (cb=5)
00:00:04.162681   FloppyDevice       <string>  = "i82078" (cb=7)
00:00:04.162682   HardDiskDevice     <string>  = "piix3ide" (cb=9)
00:00:04.162682   IOAPIC             <integer> = 0x0000000000000001 (1)
00:00:04.162683   LanBootRom         <string>  = "/Applications/VirtualBox.app/Contents/MacOS/ExtensionPacks/Oracle_VM_VirtualBox_Extension_Pack/PXE-Intel.rom" (cb=109)
00:00:04.162684   McfgBase           <integer> = 0x0000000000000000 (0)
00:00:04.162685   McfgLength         <integer> = 0x0000000000000000 (0)
00:00:04.162686   NumCPUs            <integer> = 0x0000000000000004 (4)
00:00:04.162687   PXEDebug           <integer> = 0x0000000000000000 (0)
00:00:04.162688   SataHardDiskDevice <string>  = "ahci" (cb=5)
00:00:04.162688   SataLUN1           <integer> = 0x0000000000000000 (0)
00:00:04.162689   UUID               <bytes>   = "af 84 7a 36 80 97 78 41 86 45 25 eb 60 f5 f3 35" (cb=16)
00:00:04.162692 
00:00:04.162692 [/Devices/pcbios/0/Config/NetBoot/] (level 5)
00:00:04.162693 
00:00:04.162694 [/Devices/pcbios/0/Config/NetBoot/0/] (level 6)
00:00:04.162695   NIC           <integer> = 0x0000000000000000 (0)
00:00:04.162696   PCIBusNo      <integer> = 0x0000000000000000 (0)
00:00:04.162697   PCIDeviceNo   <integer> = 0x0000000000000003 (3)
00:00:04.162698   PCIFunctionNo <integer> = 0x0000000000000000 (0)
00:00:04.162698 
00:00:04.162699 [/Devices/pci/] (level 2)
00:00:04.162700 
00:00:04.162700 [/Devices/pci/0/] (level 3)
00:00:04.162701   Trusted <integer> = 0x0000000000000001 (1)
00:00:04.162702 
00:00:04.162702 [/Devices/pci/0/Config/] (level 4)
00:00:04.162704   IOAPIC <integer> = 0x0000000000000001 (1)
00:00:04.162705 
00:00:04.162705 [/Devices/pcibridge/] (level 2)
00:00:04.162707 
00:00:04.162707 [/Devices/pckbd/] (level 2)
00:00:04.162709 
00:00:04.162709 [/Devices/pckbd/0/] (level 3)
00:00:04.162719   Trusted <integer> = 0x0000000000000001 (1)
00:00:04.162720 
00:00:04.162721 [/Devices/pckbd/0/Config/] (level 4)
00:00:04.162722 
00:00:04.162722 [/Devices/pckbd/0/LUN#0/] (level 4)
00:00:04.162723   Driver <string>  = "KeyboardQueue" (cb=14)
00:00:04.162724 
00:00:04.162725 [/Devices/pckbd/0/LUN#0/AttachedDriver/] (level 5)
00:00:04.162726   Driver <string>  = "MainKeyboard" (cb=13)
00:00:04.162726 
00:00:04.162727 [/Devices/pckbd/0/LUN#0/AttachedDriver/Config/] (level 6)
00:00:04.162728   Object <integer> = 0x00007fb9207ed770 (140 433 090 860 912)
00:00:04.162730 
00:00:04.162730 [/Devices/pckbd/0/LUN#0/Config/] (level 5)
00:00:04.162731   QueueSize <integer> = 0x0000000000000040 (64)
00:00:04.162732 
00:00:04.162732 [/Devices/pckbd/0/LUN#1/] (level 4)
00:00:04.162733   Driver <string>  = "MouseQueue" (cb=11)
00:00:04.162734 
00:00:04.162734 [/Devices/pckbd/0/LUN#1/AttachedDriver/] (level 5)
00:00:04.162736   Driver <string>  = "MainMouse" (cb=10)
00:00:04.162736 
00:00:04.162737 [/Devices/pckbd/0/LUN#1/AttachedDriver/Config/] (level 6)
00:00:04.162738   Object <integer> = 0x00007fb9207ee8c0 (140 433 090 865 344)
00:00:04.162739 
00:00:04.162740 [/Devices/pckbd/0/LUN#1/Config/] (level 5)
00:00:04.162741   QueueSize <integer> = 0x0000000000000080 (128)
00:00:04.162742 
00:00:04.162742 [/Devices/pcnet/] (level 2)
00:00:04.162743 
00:00:04.162743 [/Devices/piix3ide/] (level 2)
00:00:04.162744 
00:00:04.162745 [/Devices/piix3ide/0/] (level 3)
00:00:04.162746   PCIBusNo      <integer> = 0x0000000000000000 (0)
00:00:04.162747   PCIDeviceNo   <integer> = 0x0000000000000001 (1)
00:00:04.162747   PCIFunctionNo <integer> = 0x0000000000000001 (1)
00:00:04.162748   Trusted       <integer> = 0x0000000000000001 (1)
00:00:04.162749 
00:00:04.162749 [/Devices/piix3ide/0/Config/] (level 4)
00:00:04.162750   Type <string>  = "PIIX4" (cb=6)
00:00:04.162751 
00:00:04.162751 [/Devices/piix3ide/0/LUN#2/] (level 4)
00:00:04.162753   Driver <string>  = "VD" (cb=3)
00:00:04.162753 
00:00:04.162754 [/Devices/piix3ide/0/LUN#2/Config/] (level 5)
00:00:04.162755   EmptyDrive <integer> = 0x0000000000000001 (1)
00:00:04.162762   Mountable  <integer> = 0x0000000000000001 (1)
00:00:04.162763   Type       <string>  = "DVD" (cb=4)
00:00:04.162763 
00:00:04.162764 [/Devices/piix3ide/0/LUN#999/] (level 4)
00:00:04.162765   Driver <string>  = "MainStatus" (cb=11)
00:00:04.162766 
00:00:04.162766 [/Devices/piix3ide/0/LUN#999/Config/] (level 5)
00:00:04.162768   DeviceInstance        <string>  = "piix3ide/0" (cb=11)
00:00:04.162768   First                 <integer> = 0x0000000000000000 (0)
00:00:04.162769   Last                  <integer> = 0x0000000000000003 (3)
00:00:04.162770   pConsole              <integer> = 0x00007fb91f864400 (140 433 074 570 240)
00:00:04.162772   papLeds               <integer> = 0x00007fb91f864788 (140 433 074 571 144)
00:00:04.162773   pmapMediumAttachments <integer> = 0x00007fb91f864bc8 (140 433 074 572 232)
00:00:04.162775 
00:00:04.162775 [/Devices/serial/] (level 2)
00:00:04.162780 
00:00:04.162781 [/Devices/usb-ehci/] (level 2)
00:00:04.162782 
00:00:04.162782 [/Devices/usb-ehci/0/] (level 3)
00:00:04.162783   PCIBusNo      <integer> = 0x0000000000000000 (0)
00:00:04.162784   PCIDeviceNo   <integer> = 0x000000000000000b (11)
00:00:04.162785   PCIFunctionNo <integer> = 0x0000000000000000 (0)
00:00:04.162785   Trusted       <integer> = 0x0000000000000001 (1)
00:00:04.162786 
00:00:04.162786 [/Devices/usb-ehci/0/Config/] (level 4)
00:00:04.162788 
00:00:04.162788 [/Devices/usb-ehci/0/LUN#0/] (level 4)
00:00:04.162789   Driver <string>  = "VUSBRootHub" (cb=12)
00:00:04.162790 
00:00:04.162790 [/Devices/usb-ehci/0/LUN#0/Config/] (level 5)
00:00:04.162791 
00:00:04.162792 [/Devices/usb-ehci/0/LUN#999/] (level 4)
00:00:04.162793   Driver <string>  = "MainStatus" (cb=11)
00:00:04.162793 
00:00:04.162794 [/Devices/usb-ehci/0/LUN#999/Config/] (level 5)
00:00:04.162795   First   <integer> = 0x0000000000000000 (0)
00:00:04.162796   Last    <integer> = 0x0000000000000000 (0)
00:00:04.162796   papLeds <integer> = 0x00007fb91f864bb8 (140 433 074 572 216)
00:00:04.162798 
00:00:04.162798 [/Devices/usb-ohci/] (level 2)
00:00:04.162799 
00:00:04.162799 [/Devices/usb-ohci/0/] (level 3)
00:00:04.162800   PCIBusNo      <integer> = 0x0000000000000000 (0)
00:00:04.162801   PCIDeviceNo   <integer> = 0x0000000000000006 (6)
00:00:04.162802   PCIFunctionNo <integer> = 0x0000000000000000 (0)
00:00:04.162802   Trusted       <integer> = 0x0000000000000001 (1)
00:00:04.162803 
00:00:04.162804 [/Devices/usb-ohci/0/Config/] (level 4)
00:00:04.162805 
00:00:04.162805 [/Devices/usb-ohci/0/LUN#0/] (level 4)
00:00:04.162806   Driver <string>  = "VUSBRootHub" (cb=12)
00:00:04.162807 
00:00:04.162807 [/Devices/usb-ohci/0/LUN#0/Config/] (level 5)
00:00:04.162808 
00:00:04.162809 [/Devices/usb-ohci/0/LUN#999/] (level 4)
00:00:04.162810   Driver <string>  = "MainStatus" (cb=11)
00:00:04.162810 
00:00:04.162811 [/Devices/usb-ohci/0/LUN#999/Config/] (level 5)
00:00:04.162812   First   <integer> = 0x0000000000000000 (0)
00:00:04.162813   Last    <integer> = 0x0000000000000000 (0)
00:00:04.162813   papLeds <integer> = 0x00007fb91f864bb0 (140 433 074 572 208)
00:00:04.162815 
00:00:04.162815 [/Devices/vga/] (level 2)
00:00:04.162816 
00:00:04.162816 [/Devices/vga/0/] (level 3)
00:00:04.162817   PCIBusNo      <integer> = 0x0000000000000000 (0)
00:00:04.162818   PCIDeviceNo   <integer> = 0x0000000000000002 (2)
00:00:04.162819   PCIFunctionNo <integer> = 0x0000000000000000 (0)
00:00:04.162819   Trusted       <integer> = 0x0000000000000001 (1)
00:00:04.162820 
00:00:04.162820 [/Devices/vga/0/Config/] (level 4)
00:00:04.162822   CustomVideoModes <integer> = 0x0000000000000000 (0)
00:00:04.162823   FadeIn           <integer> = 0x0000000000000001 (1)
00:00:04.162824   FadeOut          <integer> = 0x0000000000000001 (1)
00:00:04.162825   HeightReduction  <integer> = 0x0000000000000000 (0)
00:00:04.162825   LogoFile         <string>  = "" (cb=1)
00:00:04.162826   LogoTime         <integer> = 0x0000000000000000 (0)
00:00:04.162827   MonitorCount     <integer> = 0x0000000000000001 (1)
00:00:04.162828   ShowBootMenu     <integer> = 0x0000000000000002 (2)
00:00:04.162828   VRamSize         <integer> = 0x0000000004000000 (67 108 864, 64 MB)
00:00:04.162830 
00:00:04.162834 [/Devices/vga/0/LUN#0/] (level 4)
00:00:04.162835   Driver <string>  = "MainDisplay" (cb=12)
00:00:04.162836 
00:00:04.162836 [/Devices/vga/0/LUN#0/Config/] (level 5)
00:00:04.162837   Object <integer> = 0x00007fb921164e00 (140 433 100 787 200)
00:00:04.162839 
00:00:04.162839 [/Devices/vga/0/LUN#999/] (level 4)
00:00:04.162840   Driver <string>  = "MainStatus" (cb=11)
00:00:04.162841 
00:00:04.162841 [/Devices/vga/0/LUN#999/Config/] (level 5)
00:00:04.162842   First   <integer> = 0x0000000000000000 (0)
00:00:04.162843   Last    <integer> = 0x0000000000000000 (0)
00:00:04.162844   papLeds <integer> = 0x00007fb91f864bc0 (140 433 074 572 224)
00:00:04.162845 
00:00:04.162845 [/Devices/virtio-net/] (level 2)
00:00:04.162846 
00:00:04.162847 [/EM/] (level 1)
00:00:04.162847   TripleFaultReset <integer> = 0x0000000000000000 (0)
00:00:04.162848 
00:00:04.162848 [/GIM/] (level 1)
00:00:04.162849   Provider <string>  = "KVM" (cb=4)
00:00:04.162850 
00:00:04.162850 [/HM/] (level 1)
00:00:04.162852   64bitEnabled       <integer> = 0x0000000000000001 (1)
00:00:04.162853   EnableLargePages   <integer> = 0x0000000000000001 (1)
00:00:04.162853   EnableNestedPaging <integer> = 0x0000000000000001 (1)
00:00:04.162854   EnableUX           <integer> = 0x0000000000000001 (1)
00:00:04.162855   EnableVPID         <integer> = 0x0000000000000001 (1)
00:00:04.162856   Exclusive          <integer> = 0x0000000000000000 (0)
00:00:04.162861   HMForced           <integer> = 0x0000000000000001 (1)
00:00:04.162861   IBPBOnVMEntry      <integer> = 0x0000000000000000 (0)
00:00:04.162862   IBPBOnVMExit       <integer> = 0x0000000000000000 (0)
00:00:04.162863   L1DFlushOnSched    <integer> = 0x0000000000000001 (1)
00:00:04.162864   L1DFlushOnVMEntry  <integer> = 0x0000000000000000 (0)
00:00:04.162864   SpecCtrlByHost     <integer> = 0x0000000000000000 (0)
00:00:04.162865 
00:00:04.162866 [/MM/] (level 1)
00:00:04.162866   CanUseLargerHeap <integer> = 0x0000000000000000 (0)
00:00:04.162867 
00:00:04.162867 [/PDM/] (level 1)
00:00:04.162868 
00:00:04.162868 [/PDM/AsyncCompletion/] (level 2)
00:00:04.162869 
00:00:04.162870 [/PDM/AsyncCompletion/File/] (level 3)
00:00:04.162871 
00:00:04.162871 [/PDM/AsyncCompletion/File/BwGroups/] (level 4)
00:00:04.162872 
00:00:04.162873 [/PDM/BlkCache/] (level 2)
00:00:04.162874   CacheSize <integer> = 0x0000000000500000 (5 242 880, 5 MB)
00:00:04.162875 
00:00:04.162875 [/PDM/Devices/] (level 2)
00:00:04.162876 
00:00:04.162876 [/PDM/Devices/VBoxEhci/] (level 3)
00:00:04.162877   Path         <string>  = "/Applications/VirtualBox.app/Contents/MacOS/ExtensionPacks/Oracle_VM_VirtualBox_Extension_Pack/darwin.amd64/VBoxEhciR3.dylib" (cb=125)
00:00:04.162878   R0SearchPath <string>  = "/Applications/VirtualBox.app/Contents/MacOS/ExtensionPacks/Oracle_VM_VirtualBox_Extension_Pack/darwin.amd64" (cb=108)
00:00:04.162879   RCSearchPath <string>  = "/Applications/VirtualBox.app/Contents/MacOS/ExtensionPacks/Oracle_VM_VirtualBox_Extension_Pack/darwin.amd64" (cb=108)
00:00:04.162880 
00:00:04.162881 [/PDM/Devices/VBoxNvme/] (level 3)
00:00:04.162882   Path         <string>  = "/Applications/VirtualBox.app/Contents/MacOS/ExtensionPacks/Oracle_VM_VirtualBox_Extension_Pack/darwin.amd64/VBoxNvmeR3.dylib" (cb=125)
00:00:04.162883   R0SearchPath <string>  = "/Applications/VirtualBox.app/Contents/MacOS/ExtensionPacks/Oracle_VM_VirtualBox_Extension_Pack/darwin.amd64" (cb=108)
00:00:04.162884   RCSearchPath <string>  = "/Applications/VirtualBox.app/Contents/MacOS/ExtensionPacks/Oracle_VM_VirtualBox_Extension_Pack/darwin.amd64" (cb=108)
00:00:04.162884 
00:00:04.162885 [/PDM/Drivers/] (level 2)
00:00:04.162886 
00:00:04.162886 [/PDM/Drivers/DrvHostWebcam/] (level 3)
00:00:04.162887   Path <string>  = "/Applications/VirtualBox.app/Contents/MacOS/ExtensionPacks/Oracle_VM_VirtualBox_Extension_Pack/darwin.amd64/VBoxHostWebcam.dylib" (cb=129)
00:00:04.162888 
00:00:04.162888 [/PDM/Drivers/VBoxC/] (level 3)
00:00:04.162889   Path <string>  = "/Applications/VirtualBox.app/Contents/MacOS/components/VBoxC" (cb=61)
00:00:04.162890 
00:00:04.162890 [/PDM/NetworkShaper/] (level 2)
00:00:04.162891 
00:00:04.162892 [/PDM/NetworkShaper/BwGroups/] (level 3)
00:00:04.162893 
00:00:04.162893 [/PDM/USB/] (level 2)
00:00:04.162894 
00:00:04.162894 [/PDM/USB/VBoxUsbCardReader/] (level 3)
00:00:04.162895   Path <string>  = "/Applications/VirtualBox.app/Contents/MacOS/ExtensionPacks/Oracle_VM_VirtualBox_Extension_Pack/darwin.amd64/VBoxUsbCardReaderR3.dylib" (cb=134)
00:00:04.162896 
00:00:04.162896 [/PDM/USB/VBoxUsbWebcam/] (level 3)
00:00:04.162897   Path <string>  = "/Applications/VirtualBox.app/Contents/MacOS/ExtensionPacks/Oracle_VM_VirtualBox_Extension_Pack/darwin.amd64/VBoxUsbWebcamR3.dylib" (cb=130)
00:00:04.162898 
00:00:04.162899 [/TM/] (level 1)
00:00:04.162899   UTCOffset <integer> = 0x0000000000000000 (0)
00:00:04.162900 
00:00:04.162900 [/USB/] (level 1)
00:00:04.162905 
00:00:04.162906 [/USB/HidMouse/] (level 2)
00:00:04.162907 
00:00:04.162907 [/USB/HidMouse/0/] (level 3)
00:00:04.162908 
00:00:04.162908 [/USB/HidMouse/0/Config/] (level 4)
00:00:04.162909   Mode <string>  = "absolute" (cb=9)
00:00:04.162910 
00:00:04.162910 [/USB/HidMouse/0/LUN#0/] (level 4)
00:00:04.162912   Driver <string>  = "MouseQueue" (cb=11)
00:00:04.162912 
00:00:04.162913 [/USB/HidMouse/0/LUN#0/AttachedDriver/] (level 5)
00:00:04.162914   Driver <string>  = "MainMouse" (cb=10)
00:00:04.162914 
00:00:04.162915 [/USB/HidMouse/0/LUN#0/AttachedDriver/Config/] (level 6)
00:00:04.162916   Object <integer> = 0x00007fb9207ee8c0 (140 433 090 865 344)
00:00:04.162917 
00:00:04.162918 [/USB/HidMouse/0/LUN#0/Config/] (level 5)
00:00:04.162919   QueueSize <integer> = 0x0000000000000080 (128)
00:00:04.162919 
00:00:04.162920 [/USB/USBProxy/] (level 2)
00:00:04.162921 
00:00:04.162921 [/USB/USBProxy/GlobalConfig/] (level 3)
00:00:04.162922 
00:00:04.162923 ********************* End of CFGM dump **********************
00:00:04.162925 VM: fHMEnabled=true  (configured) fRecompileUser=false fRecompileSupervisor=false
00:00:04.162927 VM: fRawRing1Enabled=false CSAM=false PATM=false
00:00:04.163150 HM: HMR3Init: VT-x w/ nested paging and unrestricted guest execution hw support
00:00:04.163230 MM: cbHyperHeap=0x140000 (1310720)
00:00:04.164419 CPUM: fXStateHostMask=0x7; initial: 0x7; host XCR0=0x7
00:00:04.166767 CPUM: Matched host CPU INTEL 0x6/0x46/0x1 Intel_Core7_Haswell with CPU DB entry 'Intel Core i7-5600U' (INTEL 0x6/0x3d/0x4 Intel_Core7_Broadwell)
00:00:04.166822 CPUM: MXCSR_MASK=0xffff (host: 0xffff)
00:00:04.166873 CPUM: Microcode revision 0x0000001A
00:00:04.166898 CPUM: MSR/CPUID reconciliation insert: 0x0000010b IA32_FLUSH_CMD
00:00:04.167867 PGM: HCPhysInterPD=000000000c5d1000 HCPhysInterPaePDPT=000000000c5d4000 HCPhysInterPaePML4=000000000c5d6000
00:00:04.167880 PGM: apInterPTs={000000000c5d2000,000000000c5d3000} apInterPaePTs={0000000270651000,0000000270652000} apInterPaePDs={0000000270653000,00000000762f4000,00000000762f5000,00000000762f6000} pInterPaePDPT64=000000000c5d5000
00:00:04.167890 PGM: Host paging mode: AMD64+PGE+NX
00:00:04.167899 PGM: PGMPool: cMaxPages=2096 (u64MaxPages=2084)
00:00:04.167905 PGM: pgmR3PoolInit: cMaxPages=0x830 cMaxUsers=0x1060 cMaxPhysExts=0x1060 fCacheEnable=true 
00:00:04.182368 TM: GIP - u32Mode=3 (Invariant) u32UpdateHz=100 u32UpdateIntervalNS=10000000 enmUseTscDelta=2 (Pratically Zero) fGetGipCpu=0x5 cCpus=8
00:00:04.182396 TM: GIP - u64CpuHz=2 294 688 222 (0x88c629de)  SUPGetCpuHzFromGip => 2 294 688 222
00:00:04.182405 TM: GIP - CPU: iCpuSet=0x0 idCpu=0x0 idApic=0x0 iGipCpu=0x5 i64TSCDelta=0 enmState=3 u64CpuHz=2294688222(*) cErrors=0
00:00:04.182412 TM: GIP - CPU: iCpuSet=0x1 idCpu=0x1 idApic=0x1 iGipCpu=0x6 i64TSCDelta=0 enmState=3 u64CpuHz=2294688219(*) cErrors=0
00:00:04.182419 TM: GIP - CPU: iCpuSet=0x2 idCpu=0x2 idApic=0x2 iGipCpu=0x0 i64TSCDelta=0 enmState=3 u64CpuHz=2294688222(*) cErrors=0
00:00:04.182426 TM: GIP - CPU: iCpuSet=0x3 idCpu=0x3 idApic=0x3 iGipCpu=0x1 i64TSCDelta=0 enmState=3 u64CpuHz=2294677652(*) cErrors=0
00:00:04.182432 TM: GIP - CPU: iCpuSet=0x4 idCpu=0x4 idApic=0x4 iGipCpu=0x7 i64TSCDelta=0 enmState=3 u64CpuHz=2294688189(*) cErrors=0
00:00:04.182438 TM: GIP - CPU: iCpuSet=0x5 idCpu=0x5 idApic=0x5 iGipCpu=0x4 i64TSCDelta=0 enmState=3 u64CpuHz=2294688204(*) cErrors=0
00:00:04.182444 TM: GIP - CPU: iCpuSet=0x6 idCpu=0x6 idApic=0x6 iGipCpu=0x2 i64TSCDelta=0 enmState=3 u64CpuHz=2294688158(*) cErrors=0
00:00:04.182450 TM: GIP - CPU: iCpuSet=0x7 idCpu=0x7 idApic=0x7 iGipCpu=0x3 i64TSCDelta=0 enmState=3 u64CpuHz=2294688212(*) cErrors=0
00:00:04.182522 TM: cTSCTicksPerSecond=2 294 688 222 (0x88c629de) enmTSCMode=1 (VirtTscEmulated)
00:00:04.182524 TM: TSCTiedToExecution=false TSCNotTiedToHalt=false
00:00:04.183420 IEM: TargetCpu=CURRENT, Microarch=Intel_Core7_Haswell
00:00:04.183528 GIM: Using provider 'KVM' (Implementation version: 0)
00:00:04.183540 CPUM: SetGuestCpuIdFeature: Enabled Hypervisor Present bit
00:00:04.183617 AIOMgr: Default manager type is 'Async'
00:00:04.183626 AIOMgr: Default file backend is 'NonBuffered'
00:00:04.183720 BlkCache: Cache successfully initialized. Cache size is 5242880 bytes
00:00:04.183731 BlkCache: Cache commit interval is 10000 ms
00:00:04.183736 BlkCache: Cache commit threshold is 2621440 bytes
00:00:04.190936 PcBios: [SMP] BIOS with 4 CPUs
00:00:04.190985 PcBios: Using the 386+ BIOS image.
00:00:04.191155 PcBios: MPS table at 000e1300
00:00:04.193063 PcBios: Using LAN ROM '/Applications/VirtualBox.app/Contents/MacOS/ExtensionPacks/Oracle_VM_VirtualBox_Extension_Pack/PXE-Intel.rom' with a size of 0xc000 bytes
00:00:04.193588 PcBios: fCheckShutdownStatusForSoftReset=true   fClearShutdownStatusOnHardReset=true 
00:00:04.196884 SUP: Loaded VBoxDDR0.r0 (/Applications/VirtualBox.app/Contents/MacOS/VBoxDDR0.r0) at 0xXXXXXXXXXXXXXXXX - ModuleInit at XXXXXXXXXXXXXXXX and ModuleTerm at XXXXXXXXXXXXXXXX
00:00:04.197583 CPUM: SetGuestCpuIdFeature: Enabled xAPIC
00:00:04.197602 CPUM: SetGuestCpuIdFeature: Enabled x2APIC
00:00:04.198386 IOAPIC: Using implementation 2.0!
00:00:04.198579 PIT: mode=3 count=0x10000 (65536) - 18.20 Hz (ch=0)
00:00:04.203530 Shared Folders service loaded
00:00:04.207069 GUI: UIMediumEnumerator: Medium-enumeration finished!
00:00:04.258954 VGA: Using the 386+ BIOS image.
00:00:04.260634 VD: VDInit finished with VINF_SUCCESS
00:00:04.262180 DrvVD: Flushes will be ignored
00:00:04.262199 DrvVD: Async flushes will be passed to the disk
00:00:04.265202 AIOMgr: Endpoint for file '/Volumes/My Passport/VirtualBox VMs/FPGA development/FPGA development.vdi' (flags 000c0723) created successfully
00:00:04.265653 VD: Opening the disk took 702038 ns
00:00:04.265718 AHCI: LUN#0: disk, PCHS=16383/16/63, total number of sectors 209715200
00:00:04.265860 AHCI#0: Reset the HBA
00:00:04.265884 VD#0: Cancelling all active requests
00:00:04.266361 PIIX3 ATA: LUN#0: no unit
00:00:04.266388 PIIX3 ATA: LUN#1: no unit
00:00:04.266432 DrvVD: Flushes will be ignored
00:00:04.266443 DrvVD: Async flushes will be passed to the disk
00:00:04.266574 PIIX3 ATA: LUN#2: CD/DVD, total number of sectors 0, passthrough disabled
00:00:04.266585 PIIX3 ATA: LUN#3: no unit
00:00:04.266640 PIIX3 ATA: Ctl#0: finished processing RESET
00:00:04.266677 PIIX3 ATA: Ctl#1: finished processing RESET
00:00:04.266677 E1000#0 Chip=82540EM LinkUpDelay=3000ms EthernetCRC=on GSO=enabled Itr=disabled ItrRx=enabled TID=disabled R0=enabled GC=enabled
00:00:04.266677 IntNet#0: szNetwork={HostInterfaceNetworking-en6} enmTrunkType=3 szTrunk={en6} fFlags=0x8000 cbRecv=325632 cbSend=196608 fIgnoreConnectFailure=false
00:00:04.268364 VUSB: Attached 'HidMouse' to port 1 on RootHub#1 (FullSpeed)
00:00:04.268565 PGM: The CPU physical address width is 39 bits
00:00:04.268575 PGM: PGMR3InitFinalize: 4 MB PSE mask 0000007fffffffff
00:00:04.268647 TM: TMR3InitFinalize: fTSCModeSwitchAllowed=true 
00:00:04.279059 VMM: Thread-context hooks unavailable
00:00:04.279176 HM: fWorldSwitcher=0x0 (fIbpbOnVmExit=0 fIbpbOnVmEntry=0 fL1dFlushOnVmEntry=0); fL1dFlushOnSched=1
00:00:04.279199 HM: Using VT-x implementation 2.0
00:00:04.279200 HM: Host CR4                        = 0x1626e0
00:00:04.279201 HM: Host EFER                       = 0xd01
00:00:04.279202 HM: MSR_IA32_SMM_MONITOR_CTL        = 0x0
00:00:04.279203 HM: MSR_IA32_FEATURE_CONTROL        = 0xff07
00:00:04.279203 HM: MSR_IA32_VMX_BASIC_INFO         = 0xda040000000012
00:00:04.279204 HM:   VMCS id                         = 0x12
00:00:04.279205 HM:   VMCS size                       = 1024 bytes
00:00:04.279205 HM:   VMCS physical address limit     = None
00:00:04.279206 HM:   VMCS memory type                = 0x6
00:00:04.279206 HM:   Dual-monitor treatment support  = true 
00:00:04.279207 HM:   OUTS & INS instruction-info     = true 
00:00:04.279208 HM:   Supports true capability MSRs   = true 
00:00:04.279208 HM: Max resume loops                = 8192
00:00:04.279211 HM: MSR_IA32_VMX_PINBASED_CTLS      = 0x7f00000016
00:00:04.279212 HM:   EXT_INT_EXIT
00:00:04.279212 HM:   NMI_EXIT
00:00:04.279212 HM:   VIRTUAL_NMI
00:00:04.279213 HM:   PREEMPT_TIMER
00:00:04.279213 HM:   POSTED_INTR (must be cleared)
00:00:04.279214 HM: MSR_IA32_VMX_PROCBASED_CTLS     = 0xfff9fffe0401e172
00:00:04.279215 HM:   INT_WINDOW_EXIT
00:00:04.279215 HM:   USE_TSC_OFFSETTING
00:00:04.279215 HM:   HLT_EXIT
00:00:04.279216 HM:   INVLPG_EXIT
00:00:04.279216 HM:   MWAIT_EXIT
00:00:04.279216 HM:   RDPMC_EXIT
00:00:04.279217 HM:   RDTSC_EXIT
00:00:04.279217 HM:   CR3_LOAD_EXIT (must be set)
00:00:04.279217 HM:   CR3_STORE_EXIT (must be set)
00:00:04.279218 HM:   CR8_LOAD_EXIT
00:00:04.279218 HM:   CR8_STORE_EXIT
00:00:04.279219 HM:   USE_TPR_SHADOW
00:00:04.279219 HM:   NMI_WINDOW_EXIT
00:00:04.279219 HM:   MOV_DR_EXIT
00:00:04.279220 HM:   UNCOND_IO_EXIT
00:00:04.279220 HM:   USE_IO_BITMAPS
00:00:04.279220 HM:   MONITOR_TRAP_FLAG
00:00:04.279221 HM:   USE_MSR_BITMAPS
00:00:04.279221 HM:   MONITOR_EXIT
00:00:04.279221 HM:   PAUSE_EXIT
00:00:04.279222 HM:   USE_SECONDARY_EXEC_CTRL
00:00:04.279222 HM: MSR_IA32_VMX_PROCBASED_CTLS2    = 0x7cff00000000
00:00:04.279223 HM:   VIRT_APIC
00:00:04.279223 HM:   EPT
00:00:04.279225 HM:   DESCRIPTOR_TABLE_EXIT
00:00:04.279226 HM:   RDTSCP
00:00:04.279226 HM:   VIRT_X2APIC
00:00:04.279226 HM:   VPID
00:00:04.279227 HM:   WBINVD_EXIT
00:00:04.279227 HM:   UNRESTRICTED_GUEST
00:00:04.279227 HM:   APIC_REG_VIRT (must be cleared)
00:00:04.279228 HM:   VIRT_INTR_DELIVERY (must be cleared)
00:00:04.279228 HM:   PAUSE_LOOP_EXIT
00:00:04.279229 HM:   RDRAND_EXIT
00:00:04.279229 HM:   INVPCID
00:00:04.279229 HM:   VMFUNC
00:00:04.279230 HM:   VMCS_SHADOWING
00:00:04.279230 HM:   ENCLS_EXIT (must be cleared)
00:00:04.279232 HM:   RDSEED_EXIT (must be cleared)
00:00:04.279232 HM:   PML (must be cleared)
00:00:04.279233 HM:   EPT_VE (must be cleared)
00:00:04.279233 HM:   CONCEAL_FROM_PT (must be cleared)
00:00:04.279234 HM:   XSAVES_XRSTORS (must be cleared)
00:00:04.279234 HM:   TSC_SCALING (must be cleared)
00:00:04.279234 HM: MSR_IA32_VMX_ENTRY_CTLS         = 0xffff000011ff
00:00:04.279235 HM:   LOAD_DEBUG (must be set)
00:00:04.279236 HM:   IA32E_MODE_GUEST
00:00:04.279236 HM:   ENTRY_SMM
00:00:04.279236 HM:   DEACTIVATE_DUALMON
00:00:04.279237 HM:   LOAD_GUEST_PERF_MSR
00:00:04.279237 HM:   LOAD_GUEST_PAT_MSR
00:00:04.279237 HM:   LOAD_GUEST_EFER_MSR
00:00:04.279238 HM: MSR_IA32_VMX_EXIT_CTLS          = 0x7fffff00036dff
00:00:04.279238 HM:   SAVE_DEBUG (must be set)
00:00:04.279239 HM:   HOST_ADDR_SPACE_SIZE
00:00:04.279239 HM:   LOAD_PERF_MSR
00:00:04.279239 HM:   ACK_EXT_INT
00:00:04.279240 HM:   SAVE_GUEST_PAT_MSR
00:00:04.279240 HM:   LOAD_HOST_PAT_MSR
00:00:04.279240 HM:   SAVE_GUEST_EFER_MSR
00:00:04.279241 HM:   LOAD_HOST_EFER_MSR
00:00:04.279241 HM:   SAVE_VMX_PREEMPT_TIMER
00:00:04.279242 HM: MSR_IA32_VMX_EPT_VPID_CAP       = 0xf0106334141
00:00:04.279242 HM:   RWX_X_ONLY
00:00:04.279243 HM:   PAGE_WALK_LENGTH_4
00:00:04.279243 HM:   EMT_UC
00:00:04.279243 HM:   EMT_WB
00:00:04.279244 HM:   PDE_2M
00:00:04.279244 HM:   PDPTE_1G
00:00:04.279244 HM:   INVEPT
00:00:04.279245 HM:   EPT_ACCESS_DIRTY
00:00:04.279245 HM:   INVEPT_SINGLE_CONTEXT
00:00:04.279245 HM:   INVEPT_ALL_CONTEXTS
00:00:04.279246 HM:   INVVPID
00:00:04.279246 HM:   INVVPID_INDIV_ADDR
00:00:04.279246 HM:   INVVPID_SINGLE_CONTEXT
00:00:04.279248 HM:   INVVPID_ALL_CONTEXTS
00:00:04.279249 HM:   INVVPID_SINGLE_CONTEXT_RETAIN_GLOBALS
00:00:04.279249 HM: MSR_IA32_VMX_MISC               = 0x300481e5
00:00:04.279250 HM:   PREEMPT_TSC_BIT                 = 0x5
00:00:04.279250 HM:   STORE_EFERLMA_VMEXIT            = true 
00:00:04.279251 HM:   ACTIVITY_STATES                 = 0x7
00:00:04.279251 HM:   CR3_TARGET                      = 0x4
00:00:04.279252 HM:   MAX_MSR                         = 512
00:00:04.279252 HM:   RDMSR_SMBASE_MSR_SMM            = true 
00:00:04.279253 HM:   SMM_MONITOR_CTL_B2              = true 
00:00:04.279253 HM:   VMWRITE_VMEXIT_INFO             = true 
00:00:04.279254 HM:   MSEG_ID                         = 0x0
00:00:04.279254 HM: MSR_IA32_VMX_CR0_FIXED0         = 0x80000021
00:00:04.279255 HM: MSR_IA32_VMX_CR0_FIXED1         = 0xffffffff
00:00:04.279255 HM: MSR_IA32_VMX_CR4_FIXED0         = 0x2000
00:00:04.279256 HM: MSR_IA32_VMX_CR4_FIXED1         = 0x1767ff
00:00:04.279256 HM: MSR_IA32_VMX_VMCS_ENUM          = 0x2a
00:00:04.279257 HM:   HIGHEST_INDEX                   = 0x15
00:00:04.279257 HM: MSR_IA32_VMX_VMFUNC             = 0x1
00:00:04.279258 HM:   EPTP_SWITCHING
00:00:04.279258 HM: APIC-access page physaddr       = 0x000000001005d000
00:00:04.279259 HM: VCPU  0: MSR bitmap physaddr    = 0x0000000010064000
00:00:04.279260 HM: VCPU  0: VMCS physaddr          = 0x0000000010061000
00:00:04.279261 HM: VCPU  1: MSR bitmap physaddr    = 0x000000001006e000
00:00:04.279261 HM: VCPU  1: VMCS physaddr          = 0x000000001006a000
00:00:04.279262 HM: VCPU  2: MSR bitmap physaddr    = 0x0000000010076000
00:00:04.279263 HM: VCPU  2: VMCS physaddr          = 0x0000000010074000
00:00:04.279263 HM: VCPU  3: MSR bitmap physaddr    = 0x000000001007e000
00:00:04.279264 HM: VCPU  3: VMCS physaddr          = 0x000000001007c000
00:00:04.279265 HM: Guest support: 32-bit and 64-bit
00:00:04.279281 HM: Supports VMCS EFER fields       = true 
00:00:04.279282 HM: Enabled VMX
00:00:04.279284 CPUM: SetGuestCpuIdFeature: Enabled SYSENTER/EXIT
00:00:04.279285 CPUM: SetGuestCpuIdFeature: Enabled PAE
00:00:04.279285 CPUM: SetGuestCpuIdFeature: Enabled LONG MODE
00:00:04.279286 CPUM: SetGuestCpuIdFeature: Enabled SYSCALL/RET
00:00:04.279286 CPUM: SetGuestCpuIdFeature: Enabled LAHF/SAHF
00:00:04.279287 CPUM: SetGuestCpuIdFeature: Enabled NX
00:00:04.279287 HM: Enabled nested paging
00:00:04.279287 HM:   EPT flush type                = VMXFLUSHEPT_SINGLE_CONTEXT
00:00:04.279288 HM: Enabled unrestricted guest execution
00:00:04.279288 HM: Enabled large page support
00:00:04.279289 HM: Enabled VPID
00:00:04.279289 HM:   VPID flush type               = VMXFLUSHVPID_SINGLE_CONTEXT
00:00:04.279289 HM: Enabled VMX-preemption timer (cPreemptTimerShift=5)
00:00:04.279290 HM: VT-x/AMD-V init method: GLOBAL
00:00:04.279315 PcBios: SATA LUN#0 LCHS=1024/255/63
00:00:04.279335 APIC: fPostedIntrsEnabled=false fVirtApicRegsEnabled=false fSupportsTscDeadline=false
00:00:04.279342 TMR3UtcNow: nsNow=1 546 227 237 582 838 000 nsPrev=0 -> cNsDelta=1 546 227 237 582 838 000 (offLag=0 offVirtualSync=0 offVirtualSyncGivenUp=0, NowAgain=1 546 227 237 582 838 000)
00:00:04.279351 VMM: fUsePeriodicPreemptionTimers=false
00:00:04.279580 CPUM: Logical host processors: 8 present, 8 max, 8 online, online mask: 00000000000000ff
00:00:04.279584 CPUM: Physical host cores: 4
00:00:04.279584 ************************* CPUID dump ************************
00:00:04.279591          Raw Standard CPUID Leaves
00:00:04.279591      Leaf/sub-leaf  eax      ebx      ecx      edx
00:00:04.279592 Gst: 00000000/0000  0000000d 756e6547 6c65746e 49656e69
00:00:04.279593 Hst:                0000000d 756e6547 6c65746e 49656e69
00:00:04.279594 Gst: 00000001/0000  00040661 00040800 d6fa2203 178bfbff
00:00:04.279596 Hst:                00040661 06100800 7ffafbff bfebfbff
00:00:04.279597 Gst: 00000002/0000  76036301 00f0b5ff 00000000 00c10000
00:00:04.279598 Hst:                76036301 00f0b5ff 00000000 00c10000
00:00:04.279610 Gst: 00000003/0000  00000000 00000000 00000000 00000000
00:00:04.279611 Hst:                00000000 00000000 00000000 00000000
00:00:04.279611 Gst: 00000004/0000  0c000121 01c0003f 0000003f 00000000
00:00:04.279613 Hst:                1c004121 01c0003f 0000003f 00000000
00:00:04.279614 Gst: 00000004/0001  0c000122 01c0003f 0000003f 00000000
00:00:04.279615 Hst:                1c004122 01c0003f 0000003f 00000000
00:00:04.279616 Gst: 00000004/0002  0c000143 01c0003f 000001ff 00000000
00:00:04.279617 Hst:                1c004143 01c0003f 000001ff 00000000
00:00:04.279618 Gst: 00000004/0003  0c000163 02c0003f 00001fff 00000006
00:00:04.279619 Hst:                1c03c163 02c0003f 00001fff 00000006
00:00:04.279620 Gst: 00000004/0004  0c000183 03c0f03f 00001fff 00000004
00:00:04.279621 Hst:                1c03c183 03c0f03f 00001fff 00000004
00:00:04.279622 Gst: 00000004/0005  0c000000 00000000 00000000 00000000
00:00:04.279623 Hst:                00000000 00000000 00000000 00000000
00:00:04.279623 Gst: 00000005/0000  00000000 00000000 00000000 00000000
00:00:04.279624 Hst:                00000040 00000040 00000003 00042120
00:00:04.279625 Gst: 00000006/0000  00000000 00000000 00000000 00000000
00:00:04.279626 Hst:                00000077 00000002 00000009 00000000
00:00:04.279627 Gst: 00000007/0000  00000000 00002421 00000000 10000000
00:00:04.279628 Hst:                00000000 000027ab 00000000 9c000000
00:00:04.279629 Gst: 00000007/0001  00000000 00000000 00000000 00000000
00:00:04.279630 Hst:                00000000 00000000 00000000 00000000
00:00:04.279630 Gst: 00000008/0000  00000000 00000000 00000000 00000000
00:00:04.279631 Hst:                00000000 00000000 00000000 00000000
00:00:04.279632 Gst: 00000009/0000  00000000 00000000 00000000 00000000
00:00:04.279633 Hst:                00000000 00000000 00000000 00000000
00:00:04.279633 Gst: 0000000a/0000  00000000 00000000 00000000 00000000
00:00:04.279634 Hst:                07300403 00000000 00000000 00000603
00:00:04.279635 Gst: 0000000b/0000  00000000 00000001 00000100 00000000
00:00:04.279636 Hst:                00000001 00000002 00000100 00000006
00:00:04.279637 Gst: 0000000b/0001  00000002 00000004 00000201 00000000
00:00:04.279637 Hst:                00000004 00000008 00000201 00000006
00:00:04.279638 Gst: 0000000b/0002  00000000 00000000 00000002 00000000
00:00:04.279639 Hst:                00000000 00000000 00000002 00000006
00:00:04.279640 Gst: 0000000c/0000  00000000 00000000 00000000 00000000
00:00:04.279640 Hst:                00000000 00000000 00000000 00000000
00:00:04.279641 Gst: 0000000d/0000  00000007 00000340 00000340 00000000
00:00:04.279642 Hst:                00000007 00000340 00000340 00000000
00:00:04.279643 Gst: 0000000d/0001  00000000 00000000 00000000 00000000
00:00:04.279644 Hst:                00000001 00000000 00000000 00000000
00:00:04.279644 Gst: 0000000d/0002  00000100 00000240 00000000 00000000
00:00:04.279645 Hst:                00000100 00000240 00000000 00000000
00:00:04.279646 Gst: 0000000d/0003  00000000 00000000 00000000 00000000
00:00:04.279647 Hst:                00000000 00000000 00000000 00000000
00:00:04.279660                                Name: GenuineIntel
00:00:04.279661                            Supports: 0x00000000-0x0000000d
00:00:04.279663                              Family:  6 	Extended: 0 	Effective: 6
00:00:04.279664                               Model:  6 	Extended: 4 	Effective: 70
00:00:04.279665                            Stepping: 1
00:00:04.279666                                Type: 0 (primary)
00:00:04.279667                             APIC ID: 0x00
00:00:04.279668                        Logical CPUs: 4
00:00:04.279669                        CLFLUSH Size: 8
00:00:04.279669                            Brand ID: 0x00
00:00:04.279670 Features
00:00:04.279673   Mnemonic - Description                                  = guest (host)
00:00:04.279673   FPU - x87 FPU on Chip                                   = 1 (1)
00:00:04.279675   VME - Virtual 8086 Mode Enhancements                    = 1 (1)
00:00:04.279676   DE - Debugging extensions                               = 1 (1)
00:00:04.279677   PSE - Page Size Extension                               = 1 (1)
00:00:04.279678   TSC - Time Stamp Counter                                = 1 (1)
00:00:04.279680   MSR - Model Specific Registers                          = 1 (1)
00:00:04.279681   PAE - Physical Address Extension                        = 1 (1)
00:00:04.279682   MCE - Machine Check Exception                           = 1 (1)
00:00:04.279683   CX8 - CMPXCHG8B instruction                             = 1 (1)
00:00:04.279684   APIC - APIC On-Chip                                     = 1 (1)
00:00:04.279685   SEP - SYSENTER and SYSEXIT Present                      = 1 (1)
00:00:04.279686   MTRR - Memory Type Range Registers                      = 1 (1)
00:00:04.279687   PGE - PTE Global Bit                                    = 1 (1)
00:00:04.279688   MCA - Machine Check Architecture                        = 1 (1)
00:00:04.279689   CMOV - Conditional Move instructions                    = 1 (1)
00:00:04.279690   PAT - Page Attribute Table                              = 1 (1)
00:00:04.279691   PSE-36 - 36-bit Page Size Extension                     = 1 (1)
00:00:04.279692   PSN - Processor Serial Number                           = 0 (0)
00:00:04.279693   CLFSH - CLFLUSH instruction                             = 1 (1)
00:00:04.279694   DS - Debug Store                                        = 0 (1)
00:00:04.279695   ACPI - Thermal Mon. & Soft. Clock Ctrl.                 = 0 (1)
00:00:04.279696   MMX - Intel MMX Technology                              = 1 (1)
00:00:04.279697   FXSR - FXSAVE and FXRSTOR instructions                  = 1 (1)
00:00:04.279698   SSE - SSE support                                       = 1 (1)
00:00:04.279699   SSE2 - SSE2 support                                     = 1 (1)
00:00:04.279701   SS - Self Snoop                                         = 0 (1)
00:00:04.279702   HTT - Hyper-Threading Technology                        = 1 (1)
00:00:04.279703   TM - Therm. Monitor                                     = 0 (1)
00:00:04.279704   PBE - Pending Break Enabled                             = 0 (1)
00:00:04.279705   SSE3 - SSE3 support                                     = 1 (1)
00:00:04.279706   PCLMUL - PCLMULQDQ support (for AES-GCM)                = 1 (1)
00:00:04.279707   DTES64 - DS Area 64-bit Layout                          = 0 (1)
00:00:04.279708   MONITOR - MONITOR/MWAIT instructions                    = 0 (1)
00:00:04.279709   CPL-DS - CPL Qualified Debug Store                      = 0 (1)
00:00:04.279710   VMX - Virtual Machine Extensions                        = 0 (1)
00:00:04.279711   SMX - Safer Mode Extensions                             = 0 (1)
00:00:04.279712   EST - Enhanced SpeedStep Technology                     = 0 (1)
00:00:04.279713   TM2 - Terminal Monitor 2                                = 0 (1)
00:00:04.279714   SSSE3 - Supplemental Streaming SIMD Extensions 3        = 1 (1)
00:00:04.279715   CNTX-ID - L1 Context ID                                 = 0 (0)
00:00:04.279716   SDBG - Silicon Debug interface                          = 0 (1)
00:00:04.279717   FMA - Fused Multiply Add extensions                     = 0 (1)
00:00:04.279718   CX16 - CMPXCHG16B instruction                           = 1 (1)
00:00:04.279719   TPRUPDATE - xTPR Update Control                         = 0 (1)
00:00:04.279720   PDCM - Perf/Debug Capability MSR                        = 0 (1)
00:00:04.279721   PCID - Process Context Identifiers                      = 1 (1)
00:00:04.279722   DCA - Direct Cache Access                               = 0 (0)
00:00:04.279723   SSE4_1 - SSE4_1 support                                 = 1 (1)
00:00:04.279724   SSE4_2 - SSE4_2 support                                 = 1 (1)
00:00:04.279725   X2APIC - x2APIC support                                 = 1 (1)
00:00:04.279726   MOVBE - MOVBE instruction                               = 1 (1)
00:00:04.279727   POPCNT - POPCNT instruction                             = 1 (1)
00:00:04.279728   TSCDEADL - Time Stamp Counter Deadline                  = 0 (1)
00:00:04.279729   AES - AES instructions                                  = 1 (1)
00:00:04.279730   XSAVE - XSAVE instruction                               = 1 (1)
00:00:04.279732   OSXSAVE - OSXSAVE instruction                           = 0 (1)
00:00:04.279733   AVX - AVX support                                       = 1 (1)
00:00:04.279735   F16C - 16-bit floating point conversion instructions    = 0 (1)
00:00:04.279736   RDRAND - RDRAND instruction                             = 1 (1)
00:00:04.279738   HVP - Hypervisor Present (we're a guest)                = 1 (0)
00:00:04.279739 Structured Extended Feature Flags Enumeration (leaf 7):
00:00:04.279740   Mnemonic - Description                                  = guest (host)
00:00:04.279741   FSGSBASE - RDFSBASE/RDGSBASE/WRFSBASE/WRGSBASE instr.   = 1 (1)
00:00:04.279742   TSCADJUST - Supports MSR_IA32_TSC_ADJUST                = 0 (1)
00:00:04.279743   SGX - Supports Software Guard Extensions                = 0 (0)
00:00:04.279745   BMI1 - Advanced Bit Manipulation extension 1            = 0 (1)
00:00:04.279746   HLE - Hardware Lock Elision                             = 0 (0)
00:00:04.279748   AVX2 - Advanced Vector Extensions 2                     = 1 (1)
00:00:04.279749   FDP_EXCPTN_ONLY - FPU DP only updated on exceptions     = 0 (0)
00:00:04.279751   SMEP - Supervisor Mode Execution Prevention             = 0 (1)
00:00:04.279752   BMI2 - Advanced Bit Manipulation extension 2            = 0 (1)
00:00:04.279753   ERMS - Enhanced REP MOVSB/STOSB instructions            = 0 (1)
00:00:04.279755   INVPCID - INVPCID instruction                           = 1 (1)
00:00:04.279756   RTM - Restricted Transactional Memory                   = 0 (0)
00:00:04.279758   PQM - Platform Quality of Service Monitoring            = 0 (0)
00:00:04.279759   DEPFPU_CS_DS - Deprecates FPU CS, FPU DS values if set  = 1 (1)
00:00:04.279760   MPE - Intel Memory Protection Extensions                = 0 (0)
00:00:04.279761   PQE - Platform Quality of Service Enforcement           = 0 (0)
00:00:04.279762   AVX512F - AVX512 Foundation instructions                = 0 (0)
00:00:04.279763   RDSEED - RDSEED instruction                             = 0 (0)
00:00:04.279764   ADX - ADCX/ADOX instructions                            = 0 (0)
00:00:04.279765   SMAP - Supervisor Mode Access Prevention                = 0 (0)
00:00:04.279766   CLFLUSHOPT - CLFLUSHOPT (Cache Line Flush) instruction  = 0 (0)
00:00:04.279767   INTEL_PT - Intel Processor Trace                        = 0 (0)
00:00:04.279768   AVX512PF - AVX512 Prefetch instructions                 = 0 (0)
00:00:04.279769   AVX512ER - AVX512 Exponential & Reciprocal instructions = 0 (0)
00:00:04.279770   AVX512CD - AVX512 Conflict Detection instructions       = 0 (0)
00:00:04.279771   SHA - Secure Hash Algorithm extensions                  = 0 (0)
00:00:04.279772   PREFETCHWT1 - PREFETCHWT1 instruction                   = 0 (0)
00:00:04.279773   UMIP - User mode insturction prevention                 = 0 (0)
00:00:04.279774   PKU - Protection Key for Usermode pages                 = 0 (0)
00:00:04.279775   OSPKE - CR4.PKU mirror                                  = 0 (0)
00:00:04.279776   MAWAU - Value used by BNDLDX & BNDSTX                   = 0x0 (0x0)
00:00:04.279777   RDPID - Read processor ID support                       = 0 (0)
00:00:04.279778   SGX_LC - Supports SGX Launch Configuration              = 0 (0)
00:00:04.279779   IBRS_IBPB - IA32_SPEC_CTRL.IBRS and IA32_PRED_CMD.IBPB  = 0 (1)
00:00:04.279780   STIBP - Supports IA32_SPEC_CTRL.STIBP                   = 0 (1)
00:00:04.279781   FLUSH_CMD - Supports IA32_FLUSH_CMD                     = 1 (1)
00:00:04.279782   ARCHCAP - Supports IA32_ARCH_CAP                        = 0 (0)
00:00:04.279783   31 - Reserved                                           = 0 (1)
00:00:04.279784 Processor Extended State Enumeration (leaf 0xd):
00:00:04.279785    XSAVE area cur/max size by XCR0, guest: 0x340/0x340
00:00:04.279786     XSAVE area cur/max size by XCR0, host: 0x340/0x340
00:00:04.279787                    Valid XCR0 bits, guest: 0x00000000`00000007 ( x87 SSE YMM_Hi128 )
00:00:04.279792                     Valid XCR0 bits, host: 0x00000000`00000007 ( x87 SSE YMM_Hi128 )
00:00:04.279793                     XSAVE features, guest:
00:00:04.279794                      XSAVE features, host: XSAVEOPT
00:00:04.279795       XSAVE area cur size XCR0|XSS, guest: 0x0
00:00:04.279796        XSAVE area cur size XCR0|XSS, host: 0x0
00:00:04.279797                Valid IA32_XSS bits, guest: 0x00000000`00000000
00:00:04.279797                 Valid IA32_XSS bits, host: 0x00000000`00000000
00:00:04.279798   State #2, guest: off=0x0240, cb=0x0100 IA32_XSS-bit -- YMM_Hi128
00:00:04.279800   State #2, host:  off=0x0240, cb=0x0100 IA32_XSS-bit -- YMM_Hi128
00:00:04.279807          Raw Hypervisor CPUID Leaves
00:00:04.279808      Leaf/sub-leaf  eax      ebx      ecx      edx
00:00:04.279808 Gst: 40000000/0000  40000001 4b4d564b 564b4d56 0000004d
00:00:04.279810 Hst:                00000007 00000340 00000340 00000000
00:00:04.279811 Gst: 40000001/0000  01000089 00000000 00000000 00000000
00:00:04.279812 Hst:                00000007 00000340 00000340 00000000
00:00:04.279813          Raw Extended CPUID Leaves
00:00:04.279813      Leaf/sub-leaf  eax      ebx      ecx      edx
00:00:04.279813 Gst: 80000000/0000  80000008 00000000 00000000 00000000
00:00:04.279814 Hst:                80000008 00000000 00000000 00000000
00:00:04.279815 Gst: 80000001/0000  00000000 00000000 00000021 28100800
00:00:04.279817 Hst:                00000000 00000000 00000021 2c100800
00:00:04.279818 Gst: 80000002/0000  65746e49 2952286c 726f4320 4d542865
00:00:04.279819 Hst:                65746e49 2952286c 726f4320 4d542865
00:00:04.279821 Gst: 80000003/0000  37692029 3538342d 20514830 20555043
00:00:04.279822 Hst:                37692029 3538342d 20514830 20555043
00:00:04.279824 Gst: 80000004/0000  2e322040 48473033 0000007a 00000000
00:00:04.279825 Hst:                2e322040 48473033 0000007a 00000000
00:00:04.279826 Gst: 80000005/0000  00000000 00000000 00000000 00000000
00:00:04.279827 Hst:                00000000 00000000 00000000 00000000
00:00:04.279827 Gst: 80000006/0000  00000000 00000000 01006040 00000000
00:00:04.279828 Hst:                00000000 00000000 01006040 00000000
00:00:04.279829 Gst: 80000007/0000  00000000 00000000 00000000 00000100
00:00:04.279830 Hst:                00000000 00000000 00000000 00000100
00:00:04.279831 Gst: 80000008/0000  00003027 00000000 00000000 00000000
00:00:04.279832 Hst:                00003027 00000000 00000000 00000000
00:00:04.279833 Ext Name:                        
00:00:04.279833 Ext Supports:                    0x80000000-0x80000008
00:00:04.279834 Family:                          0  	Extended: 0 	Effective: 0
00:00:04.279835 Model:                           0  	Extended: 0 	Effective: 0
00:00:04.279835 Stepping:                        0
00:00:04.279836 Brand ID:                        0x000
00:00:04.279836 Ext Features
00:00:04.279837   Mnemonic - Description                                  = guest (host)
00:00:04.279837   FPU - x87 FPU on Chip                                   = 0 (0)
00:00:04.279838   VME - Virtual 8086 Mode Enhancements                    = 0 (0)
00:00:04.279839   DE - Debugging extensions                               = 0 (0)
00:00:04.279840   PSE - Page Size Extension                               = 0 (0)
00:00:04.279842   TSC - Time Stamp Counter                                = 0 (0)
00:00:04.279843   MSR - K86 Model Specific Registers                      = 0 (0)
00:00:04.279844   PAE - Physical Address Extension                        = 0 (0)
00:00:04.279845   MCE - Machine Check Exception                           = 0 (0)
00:00:04.279846   CX8 - CMPXCHG8B instruction                             = 0 (0)
00:00:04.279847   APIC - APIC On-Chip                                     = 0 (0)
00:00:04.279848   SEP - SYSCALL/SYSRET                                    = 1 (1)
00:00:04.279849   MTRR - Memory Type Range Registers                      = 0 (0)
00:00:04.279850   PGE - PTE Global Bit                                    = 0 (0)
00:00:04.279851   MCA - Machine Check Architecture                        = 0 (0)
00:00:04.279862   CMOV - Conditional Move instructions                    = 0 (0)
00:00:04.279863   PAT - Page Attribute Table                              = 0 (0)
00:00:04.279864   PSE-36 - 36-bit Page Size Extension                     = 0 (0)
00:00:04.279865   NX - No-Execute/Execute-Disable                         = 1 (1)
00:00:04.279866   AXMMX - AMD Extensions to MMX instructions              = 0 (0)
00:00:04.279866   MMX - Intel MMX Technology                              = 0 (0)
00:00:04.279867   FXSR - FXSAVE and FXRSTOR Instructions                  = 0 (0)
00:00:04.279868   FFXSR - AMD fast FXSAVE and FXRSTOR instructions        = 0 (0)
00:00:04.279869   Page1GB - 1 GB large page                               = 0 (1)
00:00:04.279881   RDTSCP - RDTSCP instruction                             = 1 (1)
00:00:04.279882   LM - AMD64 Long Mode                                    = 1 (1)
00:00:04.279883   3DNOWEXT - AMD Extensions to 3DNow                      = 0 (0)
00:00:04.279884   3DNOW - AMD 3DNow                                       = 0 (0)
00:00:04.279885   LahfSahf - LAHF/SAHF support in 64-bit mode             = 1 (1)
00:00:04.279886   CmpLegacy - Core multi-processing legacy mode           = 0 (0)
00:00:04.279887   SVM - AMD Secure Virtual Machine extensions             = 0 (0)
00:00:04.279888   EXTAPIC - AMD Extended APIC registers                   = 0 (0)
00:00:04.279889   CR8L - AMD LOCK MOV CR0 means MOV CR8                   = 0 (0)
00:00:04.279889   ABM - AMD Advanced Bit Manipulation                     = 1 (1)
00:00:04.279890   SSE4A - SSE4A instructions                              = 0 (0)
00:00:04.279891   MISALIGNSSE - AMD Misaligned SSE mode                   = 0 (0)
00:00:04.279892   3DNOWPRF - AMD PREFETCH and PREFETCHW instructions      = 0 (0)
00:00:04.279893   OSVW - AMD OS Visible Workaround                        = 0 (0)
00:00:04.279894   IBS - Instruct Based Sampling                           = 0 (0)
00:00:04.279895   XOP - Extended Operation support                        = 0 (0)
00:00:04.279896   SKINIT - SKINIT, STGI, and DEV support                  = 0 (0)
00:00:04.279897   WDT - AMD Watchdog Timer support                        = 0 (0)
00:00:04.279898   LWP - Lightweight Profiling support                     = 0 (0)
00:00:04.279899   FMA4 - Four operand FMA instruction support             = 0 (0)
00:00:04.279900   NodeId - NodeId in MSR C001_100C                        = 0 (0)
00:00:04.279901   TBM - Trailing Bit Manipulation instructions            = 0 (0)
00:00:04.279902   TOPOEXT - Topology Extensions                           = 0 (0)
00:00:04.279903 Full Name:                       "Intel(R) Core(TM) i7-4850HQ CPU @ 2.30GHz"
00:00:04.279904 TLB 2/4M Instr/Uni:              res0     0 entries
00:00:04.279904 TLB 2/4M Data:                   res0     0 entries
00:00:04.279905 TLB 4K Instr/Uni:                res0     0 entries
00:00:04.279905 TLB 4K Data:                     res0     0 entries
00:00:04.279906 L1 Instr Cache Line Size:        0 bytes
00:00:04.279906 L1 Instr Cache Lines Per Tag:    0
00:00:04.279907 L1 Instr Cache Associativity:    res0  
00:00:04.279907 L1 Instr Cache Size:             0 KB
00:00:04.279908 L1 Data Cache Line Size:         0 bytes
00:00:04.279908 L1 Data Cache Lines Per Tag:     0
00:00:04.279908 L1 Data Cache Associativity:     res0  
00:00:04.279909 L1 Data Cache Size:              0 KB
00:00:04.279909 L2 TLB 2/4M Instr/Uni:           off       0 entries
00:00:04.279920 L2 TLB 2/4M Data:                off       0 entries
00:00:04.279920 L2 TLB 4K Instr/Uni:             off       0 entries
00:00:04.279921 L2 TLB 4K Data:                  off       0 entries
00:00:04.279921 L2 Cache Line Size:              0 bytes
00:00:04.279922 L2 Cache Lines Per Tag:          0
00:00:04.279922 L2 Cache Associativity:          off   
00:00:04.279922 L2 Cache Size:                   0 KB
00:00:04.279923 APM Features:                    TscInvariant
00:00:04.279924 Host Invariant-TSC support:      true 
00:00:04.279925 Physical Address Width:          39 bits
00:00:04.279925 Virtual Address Width:           48 bits
00:00:04.279925 Guest Physical Address Width:    0 bits
00:00:04.279926 Physical Core Count:             1
00:00:04.279927 
00:00:04.279927 ******************** End of CPUID dump **********************
00:00:04.288171 VMEmt: Halt method global1 (5)
00:00:04.288251 VMEmt: HaltedGlobal1 config: cNsSpinBlockThresholdCfg=2000
00:00:04.288313 Changing the VM state from 'CREATING' to 'CREATED'
00:00:04.293950 SharedFolders host service: Adding host mapping
00:00:04.293986     Host path '/Users/preston/Google Drive', map name 'Google_Drive', writable, automount=true, create_symlinks=false, missing=false
00:00:04.294436 SharedFolders host service: Adding host mapping
00:00:04.294460     Host path '/Users/preston/projects', map name 'projects', writable, automount=true, create_symlinks=false, missing=false
00:00:04.379249 Changing the VM state from 'CREATED' to 'POWERING_ON'
00:00:04.379613 AIOMgr: Endpoints without assigned bandwidth groups:
00:00:04.379634 AIOMgr:     /Volumes/My Passport/VirtualBox VMs/FPGA development/FPGA development.vdi
00:00:04.381025 Changing the VM state from 'POWERING_ON' to 'RUNNING'
00:00:04.381084 Console: Machine state changed to 'Running'
00:00:04.400152 VMMDev: Guest Log: BIOS: VirtualBox 5.2.22
00:00:04.400638 PCI: setting up resources and interrupts
00:00:04.404399 SUP: Loaded VBoxEhciR0.r0 (/Applications/VirtualBox.app/Contents/MacOS/ExtensionPacks/Oracle_VM_VirtualBox_Extension_Pack/darwin.amd64/VBoxEhciR0.r0) at 0xXXXXXXXXXXXXXXXX - ModuleInit at XXXXXXXXXXXXXXXX and ModuleTerm at XXXXXXXXXXXXXXXX
00:00:04.406514 PIT: mode=2 count=0x10000 (65536) - 18.20 Hz (ch=0)
00:00:04.461711 Display::handleDisplayResize: uScreenId=0 pvVRAM=0000000000000000 w=720 h=400 bpp=0 cbLine=0x0 flags=0x0
00:00:04.461829 GUI: UIFrameBufferPrivate::NotifyChange: Screen=0, Origin=0x0, Size=720x400, Sending to async-handler
00:00:04.888639 GUI: UIMachineViewNormal::resendSizeHint: Restoring guest size-hint for screen 0 to 1920x1134
00:00:04.888695 VMMDev: SetVideoModeHint: Got a video mode hint (1920x1134x0)@(0x0),(1;0) at 0
00:00:04.888729 GUI: UIMachineView::sltHandleNotifyChange: Screen=0, Size=720x400
00:00:04.888738 GUI: UIFrameBufferPrivate::handleNotifyChange: Size=720x400
00:00:04.888745 GUI: UIFrameBufferPrivate::performResize: Size=720x400, Directly using source bitmap content
00:00:04.893800 GUI: 2D video acceleration is disabled
00:00:04.893824 GUI: HID LEDs sync is enabled
00:00:04.921675 GUI: UIMachineLogicNormal::sltCheckForRequestedVisualStateType: Requested-state=0, Machine-state=5
00:00:05.531218 VUSB: Attached '00007fb923b56a80[proxy 29dd:8001]' to port 2 on RootHub#1 (FullSpeed)
00:00:05.531934 VMMDev: Guest Log: CPUID EDX: 0x178bfbff
00:00:05.532041 PIIX3 ATA: Ctl#1: RESET, DevSel=0 AIOIf=0 CmdIf0=0x00 (-1 usec ago) CmdIf1=0x00 (-1 usec ago)
00:00:05.532156 PIIX3 ATA: Ctl#1: finished processing RESET
00:00:05.552460 AHCI#0: Reset the HBA
00:00:05.552488 VD#0: Cancelling all active requests
00:00:05.552538 AHCI#0: Port 0 reset
00:00:05.552597 VD#0: Cancelling all active requests
00:00:05.553711 VMMDev: Guest Log: BIOS: AHCI 0-P#0: PCHS=16383/16/63 LCHS=1024/255/63 0x000000000c800000 sectors
00:00:05.554710 PIT: mode=2 count=0x48d3 (18643) - 64.00 Hz (ch=0)
00:00:05.560187 Display::handleDisplayResize: uScreenId=0 pvVRAM=0000000118464000 w=640 h=480 bpp=32 cbLine=0xA00 flags=0x0
00:00:05.560264 GUI: UIFrameBufferPrivate::NotifyChange: Screen=0, Origin=0x0, Size=640x480, Sending to async-handler
00:00:05.560336 GUI: UIMachineView::sltHandleNotifyChange: Screen=0, Size=640x480
00:00:05.560345 GUI: UIFrameBufferPrivate::handleNotifyChange: Size=640x480
00:00:05.560372 GUI: UIFrameBufferPrivate::performResize: Size=640x480, Directly using source bitmap content
00:00:08.033407 PIT: mode=2 count=0x10000 (65536) - 18.20 Hz (ch=0)
00:00:08.033570 Display::handleDisplayResize: uScreenId=0 pvVRAM=0000000000000000 w=720 h=400 bpp=0 cbLine=0x0 flags=0x0
00:00:08.033631 GUI: UIFrameBufferPrivate::NotifyChange: Screen=0, Origin=0x0, Size=720x400, Sending to async-handler
00:00:08.033702 GUI: UIMachineView::sltHandleNotifyChange: Screen=0, Size=720x400
00:00:08.033712 GUI: UIFrameBufferPrivate::handleNotifyChange: Size=720x400
00:00:08.033724 GUI: UIFrameBufferPrivate::performResize: Size=720x400, Directly using source bitmap content
00:00:08.033995 VMMDev: Guest Log: BIOS: Boot : bseqnr=1, bootseq=0023
00:00:08.035043 VMMDev: Guest Log: BIOS: CDROM boot failure code : 0003
00:00:08.035456 VMMDev: Guest Log: BIOS: Boot from CD-ROM failed
00:00:08.035951 VMMDev: Guest Log: BIOS: Boot : bseqnr=2, bootseq=0002
00:00:08.127268 VMMDev: Guest Log: BIOS: Booting from Hard Disk...
00:00:08.742956 Display::handleDisplayResize: uScreenId=0 pvVRAM=0000000118590000 w=640 h=480 bpp=32 cbLine=0xA00 flags=0x0
00:00:08.743038 GUI: UIFrameBufferPrivate::NotifyChange: Screen=0, Origin=0x0, Size=640x480, Sending to async-handler
00:00:08.743125 GUI: UIMachineView::sltHandleNotifyChange: Screen=0, Size=640x480
00:00:08.743143 GUI: UIFrameBufferPrivate::handleNotifyChange: Size=640x480
00:00:08.743168 GUI: UIFrameBufferPrivate::performResize: Size=640x480, Directly using source bitmap content
00:00:18.783562 Display::handleDisplayResize: uScreenId=0 pvVRAM=0000000118464000 w=640 h=480 bpp=32 cbLine=0xA00 flags=0x0
00:00:18.783636 GUI: UIFrameBufferPrivate::NotifyChange: Screen=0, Origin=0x0, Size=640x480, Sending to async-handler
00:00:18.783708 GUI: UIMachineView::sltHandleNotifyChange: Screen=0, Size=640x480
00:00:18.783732 GUI: UIFrameBufferPrivate::handleNotifyChange: Size=640x480
00:00:18.783754 GUI: UIFrameBufferPrivate::performResize: Size=640x480, Directly using source bitmap content
00:00:21.053086 Display::handleDisplayResize: uScreenId=0 pvVRAM=0000000000000000 w=720 h=400 bpp=0 cbLine=0x0 flags=0x0
00:00:21.055892 GUI: UIFrameBufferPrivate::NotifyChange: Screen=0, Origin=0x0, Size=720x400, Sending to async-handler
00:00:21.056004 GUI: UIMachineView::sltHandleNotifyChange: Screen=0, Size=720x400
00:00:21.056026 GUI: UIFrameBufferPrivate::handleNotifyChange: Size=720x400
00:00:21.056043 GUI: UIFrameBufferPrivate::performResize: Size=720x400, Directly using source bitmap content
00:00:21.447750 GIM: KVM: VCPU  0: Enabled system-time struct. at 0x000000011ff50000 - u32TscScale=0xdf1fbe0a i8TscShift=-1 uVersion=2 fFlags=0x1 uTsc=0x91dfba183 uVirtNanoTS=0x3f928eacb
00:00:21.447842 TM: Switching TSC mode from 'VirtTscEmulated' to 'RealTscOffset'
00:00:21.594388 GIM: KVM: Enabled wall-clock struct. at 0x000000011ffd0000 - u32Sec=1546227254 u32Nano=897065542 uVersion=2
00:00:21.606690 PIT: mode=2 count=0x12a5 (4773) - 249.98 Hz (ch=0)
00:00:21.607189 APIC0: Switched mode to x2APIC
00:00:21.723536 PIT: mode=0 count=0x10000 (65536) - 18.20 Hz (ch=0)
00:00:21.726661 APIC1: Switched mode to x2APIC
00:00:21.726743 GIM: KVM: VCPU  1: Enabled system-time struct. at 0x000000011ff50040 - u32TscScale=0xdf1fbe0a i8TscShift=-1 uVersion=2 fFlags=0x1 uTsc=0x91dfba183 uVirtNanoTS=0x3f928eacb
00:00:21.729501 APIC2: Switched mode to x2APIC
00:00:21.729549 GIM: KVM: VCPU  2: Enabled system-time struct. at 0x000000011ff50080 - u32TscScale=0xdf1fbe0a i8TscShift=-1 uVersion=2 fFlags=0x1 uTsc=0x91dfba183 uVirtNanoTS=0x3f928eacb
00:00:21.732198 APIC3: Switched mode to x2APIC
00:00:21.732243 GIM: KVM: VCPU  3: Enabled system-time struct. at 0x000000011ff500c0 - u32TscScale=0xdf1fbe0a i8TscShift=-1 uVersion=2 fFlags=0x1 uTsc=0x91dfba183 uVirtNanoTS=0x3f928eacb
00:00:21.895669 OHCI: Software reset
00:00:22.666405 PIIX3 ATA: Ctl#0: RESET, DevSel=0 AIOIf=0 CmdIf0=0x00 (-1 usec ago) CmdIf1=0x00 (-1 usec ago)
00:00:22.666509 PIIX3 ATA: Ctl#0: finished processing RESET
00:00:22.666745 PIIX3 ATA: Ctl#1: RESET, DevSel=0 AIOIf=0 CmdIf0=0xa0 (-1 usec ago) CmdIf1=0x00 (-1 usec ago)
00:00:22.666825 PIIX3 ATA: Ctl#1: finished processing RESET
00:00:22.667843 EHCI: Hardware reset
00:00:22.668033 EHCI: USB Operational
00:00:22.686519 OHCI: USB Reset
00:00:22.746759 OHCI: Software reset
00:00:22.747065 OHCI: USB Operational
00:00:22.787546 EHCI: USB Suspended
00:00:22.986749 AHCI#0: Reset the HBA
00:00:22.986749 VD#0: Cancelling all active requests
00:00:22.994660 AHCI#0: Port 0 reset
00:00:22.995904 VD#0: Cancelling all active requests
00:00:23.462375 VBVA: InfoScreen: [0] @0,0 800x600, line 0xc80, BPP 32, flags 0x1
00:00:23.462406 Display::handleDisplayResize: uScreenId=0 pvVRAM=0000000118464000 w=800 h=600 bpp=32 cbLine=0xC80 flags=0x1
00:00:23.462432 GUI: UIFrameBufferPrivate::NotifyChange: Screen=0, Origin=0x0, Size=800x600, Sending to async-handler
00:00:23.462475 GUI: UIMachineView::sltHandleNotifyChange: Screen=0, Size=800x600
00:00:23.462485 GUI: UIFrameBufferPrivate::handleNotifyChange: Size=800x600
00:00:23.462500 GUI: UIFrameBufferPrivate::performResize: Size=800x600, Directly using source bitmap content
00:00:23.462547 VBVA: InfoScreen: [0] @0,0 800x600, line 0xc80, BPP 32, flags 0x1
00:00:23.462567 Display::handleDisplayResize: uScreenId=0 pvVRAM=0000000118464000 w=800 h=600 bpp=32 cbLine=0xC80 flags=0x1
00:00:23.462591 GUI: UIFrameBufferPrivate::NotifyChange: Screen=0, Origin=0x0, Size=800x600, Sending to async-handler
00:00:23.474458 GUI: UIMachineView::sltHandleNotifyChange: Screen=0, Size=800x600
00:00:23.474486 GUI: UIFrameBufferPrivate::handleNotifyChange: Size=800x600
00:00:23.474501 GUI: UIFrameBufferPrivate::performResize: Size=800x600, Directly using source bitmap content
00:00:25.699646 AIOMgr: Host limits number of active IO requests to 16. Expect a performance impact.
00:00:41.326972 VMMDev: Guest Additions information report: Version 5.2.22 r126460 '5.2.22'
00:00:41.327033 VMMDev: Guest Additions information report: Interface = 0x00010004 osType = 0x00053100 (Linux >= 2.6, 64-bit)
00:00:41.327126 VMMDev: Guest Additions capability report: (0x0 -> 0x0) seamless: no, hostWindowMapping: no, graphics: no
00:00:41.327207 VMMDev: vmmDevReqHandler_HeartbeatConfigure: No change (fHeartbeatActive=false).
00:00:41.327229 GUI: UISession::sltAdditionsChange: GA state change event came, notifying listeners.
00:00:41.327255 VMMDev: Heartbeat flatline timer set to trigger after 4 000 000 000 ns
00:00:41.327275 GUI: UIMachineLogicNormal::sltCheckForRequestedVisualStateType: Requested-state=0, Machine-state=5
00:00:41.327305 GUI: UISession::sltAdditionsChange: GA state change event came, notifying listeners.
00:00:41.327313 GUI: UIMachineLogicNormal::sltCheckForRequestedVisualStateType: Requested-state=0, Machine-state=5
00:00:41.327322 VMMDev: Guest Log: vgdrvHeartbeatInit: Setting up heartbeat to trigger every 2000 milliseconds
00:00:41.327457 GUI: UISession::sltAdditionsChange: GA state really changed, notifying listeners.
00:00:41.327476 GUI: UIMachineViewNormal::adjustGuestScreenSize: Adjust guest-screen size if necessary.
00:00:41.327483 GUI: UISession::sltAdditionsChange: GA state change event came, notifying listeners.
00:00:41.327489 GUI: UIMachineLogicNormal::sltCheckForRequestedVisualStateType: Requested-state=0, Machine-state=5
00:00:41.327801 VMMDev: Guest Log: vboxguest: misc device minor 55, IRQ 20, I/O port d020, MMIO at 00000000f0400000 (size 0x400000)
00:00:49.400010 VBVA: InfoScreen: [0] @0,0 800x600, line 0xc80, BPP 32, flags 0x1
00:00:49.400650 Display::handleDisplayResize: uScreenId=0 pvVRAM=0000000118639000 w=800 h=600 bpp=32 cbLine=0xC80 flags=0x1
00:00:49.400729 GUI: UIFrameBufferPrivate::NotifyChange: Screen=0, Origin=0x0, Size=800x600, Sending to async-handler
00:00:49.400801 GUI: UIMachineView::sltHandleNotifyChange: Screen=0, Size=800x600
00:00:49.400812 GUI: UIFrameBufferPrivate::handleNotifyChange: Size=800x600
00:00:49.400825 GUI: UIFrameBufferPrivate::performResize: Size=800x600, Directly using source bitmap content
00:00:59.917742 VMMDev: Guest Additions capability report: (0x0 -> 0x0) seamless: no, hostWindowMapping: no, graphics: no
00:00:59.917963 GUI: UISession::sltAdditionsChange: GA state change event came, notifying listeners.
00:00:59.917985 GUI: UIMachineLogicNormal::sltCheckForRequestedVisualStateType: Requested-state=0, Machine-state=5
00:01:02.691467 VMMDev: Guest Log: VBoxService 5.2.22 r126460 (verbosity: 0) linux.amd64 (Nov  8 2018 20:49:41) release log
00:01:02.691501 VMMDev: Guest Log: 00:00:00.000111 main     Log opened 2018-12-31T03:34:54.422400000Z
00:01:02.691589 VMMDev: Guest Log: 00:00:00.000273 main     OS Product: Linux
00:01:02.691641 VMMDev: Guest Log: 00:00:00.000331 main     OS Release: 4.15.0-43-generic
00:01:02.691685 VMMDev: Guest Log: 00:00:00.000376 main     OS Version: #46-Ubuntu SMP Thu Dec 6 14:45:28 UTC 2018
00:01:02.691736 VMMDev: Guest Log: 00:00:00.000427 main     Executable: /opt/VBoxGuestAdditions-5.2.22/sbin/VBoxService
00:01:02.691755 VMMDev: Guest Log: 00:00:00.000428 main     Process ID: 949
00:01:02.691777 VMMDev: Guest Log: 00:00:00.000429 main     Package type: LINUX_64BITS_GENERIC
00:01:02.693914 VMMDev: Guest Log: 00:00:00.002601 main     5.2.22 r126460 started. Verbose level = 0
00:01:02.694711 GUI: UISession::sltAdditionsChange: GA state change event came, notifying listeners.
00:01:02.694729 GUI: UIMachineLogicNormal::sltCheckForRequestedVisualStateType: Requested-state=0, Machine-state=5
00:01:02.699701 GUI: UISession::sltAdditionsChange: GA state really changed, notifying listeners.
00:01:02.699732 GUI: UIMachineViewNormal::adjustGuestScreenSize: Adjust guest-screen size if necessary.
00:01:02.699744 GUI: UISession::sltAdditionsChange: GA state change event came, notifying listeners.
00:01:02.699753 GUI: UIMachineLogicNormal::sltCheckForRequestedVisualStateType: Requested-state=0, Machine-state=5
00:01:02.776959 VMMDev: Guest Log: 00:00:00.085623 automount vbsvcAutoMountWorker: Shared folder 'Google_Drive' was mounted to '/media/sf_Google_Drive'
00:01:03.660627 VMMDev: Guest Log: 00:00:00.969498 automount vbsvcAutoMountWorker: Shared folder 'projects' was mounted to '/media/sf_projects'
00:01:08.195592 GUI: UISession::sltAdditionsChange: GA state really changed, notifying listeners.
00:01:08.195686 GUI: UIMachineViewNormal::adjustGuestScreenSize: Adjust guest-screen size if necessary.
00:01:08.195709 GUI: UIMachineView::sltPerformGuestResize: Sending guest size-hint to screen 0 as 1920x1134 if necessary
00:01:08.195736 VMMDev: SetVideoModeHint: Got a video mode hint (1920x1134x32)@(0x0),(1;0) at 0
00:01:08.195746 GUI: UISession::sltAdditionsChange: GA state change event came, notifying listeners.
00:01:08.195754 GUI: UIMachineLogicNormal::sltCheckForRequestedVisualStateType: Requested-state=0, Machine-state=5
00:01:08.804225 VBVA: InfoScreen: [0] @0,0 1920x1134, line 0x1e00, BPP 32, flags 0x1
00:01:08.804256 Display::handleDisplayResize: uScreenId=0 pvVRAM=000000011880e000 w=1920 h=1134 bpp=32 cbLine=0x1E00 flags=0x1
00:01:08.804292 GUI: UIFrameBufferPrivate::NotifyChange: Screen=0, Origin=0x0, Size=1920x1134, Sending to async-handler
00:01:08.804356 GUI: UIMachineView::sltHandleNotifyChange: Screen=0, Size=1920x1134
00:01:08.804374 GUI: UIFrameBufferPrivate::handleNotifyChange: Size=1920x1134
00:01:08.804388 GUI: UIFrameBufferPrivate::performResize: Size=1920x1134, Directly using source bitmap content
00:01:08.804730 GUI: UIMachineView::storeGuestSizeHint: Storing guest-screen size-hint for screen 0 as 1920x1134
00:09:57.982893 GUI: UISession::sltAdditionsChange: GA state really changed, notifying listeners.
00:09:57.993137 VBVA: InfoScreen: [0] @0,0 800x600, line 0xc80, BPP 32, flags 0x1
00:09:57.993162 Display::handleDisplayResize: uScreenId=0 pvVRAM=0000000118464000 w=800 h=600 bpp=32 cbLine=0xC80 flags=0x1
00:09:57.993178 GUI: UIMachineViewNormal::adjustGuestScreenSize: Adjust guest-screen size if necessary.
00:09:57.993191 GUI: UISession::sltAdditionsChange: GA state change event came, notifying listeners.
00:09:57.993201 GUI: UIMachineLogicNormal::sltCheckForRequestedVisualStateType: Requested-state=0, Machine-state=5
00:09:57.993212 GUI: UIFrameBufferPrivate::NotifyChange: Screen=0, Origin=0x0, Size=800x600, Sending to async-handler
00:09:57.993270 GUI: UIMachineView::sltHandleNotifyChange: Screen=0, Size=800x600
00:09:57.993280 GUI: UIFrameBufferPrivate::handleNotifyChange: Size=800x600
00:09:57.993292 GUI: UIFrameBufferPrivate::performResize: Size=800x600, Directly using source bitmap content
00:09:58.540299 GUI: UISession::sltAdditionsChange: GA state really changed, notifying listeners.
00:09:58.540380 GUI: UIMachineViewNormal::adjustGuestScreenSize: Adjust guest-screen size if necessary.
00:09:58.540400 GUI: UIMachineView::sltPerformGuestResize: Sending guest size-hint to screen 0 as 1920x1134 if necessary
00:09:58.540420 VMMDev: SetVideoModeHint: Got a video mode hint (1920x1134x32)@(0x0),(1;0) at 0
00:09:58.540429 GUI: UISession::sltAdditionsChange: GA state change event came, notifying listeners.
00:09:58.540435 GUI: UIMachineLogicNormal::sltCheckForRequestedVisualStateType: Requested-state=0, Machine-state=5
00:10:06.021183 VBVA: InfoScreen: [0] @0,0 1920x1134, line 0x1e00, BPP 32, flags 0x1
00:10:06.021219 Display::handleDisplayResize: uScreenId=0 pvVRAM=000000011905d000 w=1920 h=1134 bpp=32 cbLine=0x1E00 flags=0x1
00:10:06.021257 GUI: UIFrameBufferPrivate::NotifyChange: Screen=0, Origin=0x0, Size=1920x1134, Sending to async-handler
00:10:06.021333 GUI: UIMachineView::sltHandleNotifyChange: Screen=0, Size=1920x1134
00:10:06.021358 GUI: UIFrameBufferPrivate::handleNotifyChange: Size=1920x1134
00:10:06.021388 GUI: UIFrameBufferPrivate::performResize: Size=1920x1134, Directly using source bitmap content
00:10:06.021756 GUI: UIMachineView::storeGuestSizeHint: Storing guest-screen size-hint for screen 0 as 1920x1134
00:10:07.068419 VMMDev: Guest Additions capability report: (0x0 -> 0x1) seamless: yes, hostWindowMapping: no, graphics: no
00:10:07.068607 GUI: UISession::sltAdditionsChange: GA state really changed, notifying listeners.
00:10:07.068665 GUI: UIMachineViewNormal::adjustGuestScreenSize: Adjust guest-screen size if necessary.
00:10:07.068676 GUI: UISession::sltAdditionsChange: GA state change event came, notifying listeners.
00:10:07.068682 GUI: UIMachineLogicNormal::sltCheckForRequestedVisualStateType: Requested-state=0, Machine-state=5
00:21:59.340343 GUI: UIMediumEnumerator: Medium-enumeration finished!
00:46:37.567375 OHCI: Software reset
00:46:37.620186 OHCI: USB Operational
=========================================================================
